3.141592653589793116e+00
3.141592653589793116e+00
3.141592653589793116e+00
3.141592653589793116e+00
3.141592653589793116e+00
-3.141360652588367053e+00
-3.138576640571256515e+00
-3.133240617538461059e+00
-3.122800572474295322e+00
-3.113752533418685076e+00
-3.103544489355945402e+00
-3.098208466323149501e+00
-3.058768296080745852e+00
-3.034176189929600032e+00
-3.004712062748510437e+00
-2.971999921547458179e+00
-2.903327625125390554e+00
-2.872007489932893343e+00
-2.830479310677656901e+00
-2.792663147445234806e+00
-2.781759100378217386e+00
-2.763431021265570831e+00
-2.733038890078777872e+00
-2.717494822983242297e+00
-2.703574762897687833e+00
-2.692438714829244351e+00
-2.687102691796448450e+00
-2.687334692797874069e+00
-2.687566693799300133e+00
-2.687798694800726196e+00
-2.687798694800726196e+00
-2.687798694800726196e+00
-2.688030695802152259e+00
-2.688958699807856068e+00
-2.691046708820689304e+00
-2.694062721839225905e+00
-2.702878759893410532e+00
-2.712622801953298968e+00
-2.715406813970409949e+00
-2.723294848018890324e+00
-2.724454853026019752e+00
-2.725382857031723560e+00
-2.725614858033149623e+00
-2.722830846016038642e+00
-2.719118829993224296e+00
-2.720046833998928104e+00
-2.720742837003205850e+00
-2.720974838004631913e+00
-2.721438840007484039e+00
-2.721670841008910102e+00
-2.720510836001780675e+00
-2.716334817976114202e+00
-2.715174812968984774e+00
-2.712854802954725475e+00
-2.711462796946169984e+00
-2.710766793941892239e+00
-2.711462796946169984e+00
-2.712622801953299412e+00
-2.716334817976113758e+00
-2.726078860036001750e+00
-2.730486879063093841e+00
-2.735126899091611996e+00
-2.737678910107296915e+00
-2.746030946158628971e+00
-2.756702992224220772e+00
-2.760415008247035118e+00
-2.772943062324034091e+00
-2.771087054312626474e+00
-2.767839040292664254e+00
-2.764823027274127654e+00
-2.760415008247035562e+00
-2.750902967188573633e+00
-2.739766919120130151e+00
-2.734894898090186377e+00
-2.723758850021742894e+00
-2.711926798949021222e+00
-2.709374787933336304e+00
-2.696846733856337330e+00
-2.687798694800727084e+00
-2.677358649736561347e+00
-2.667382606675247736e+00
-2.658798569622489172e+00
-2.648358524558323435e+00
-2.634206463471342907e+00
-2.629566443442824752e+00
-2.623070415402899425e+00
-2.616342386361548034e+00
-2.608686353314493278e+00
-2.600798319266012459e+00
-2.596390300238920368e+00
-2.605438339294530614e+00
-2.623534417405751107e+00
-2.630262446447102498e+00
-2.652302541582562956e+00
-2.675502641725153286e+00
-2.700558749879151232e+00
-2.708910785930483733e+00
-2.717726823984667917e+00
-2.763431021265570386e+00
-2.787327124412438462e+00
-2.793591151450937726e+00
-2.807279210535066127e+00
-2.807975213539343873e+00
-2.806119205527936700e+00
-2.804727199519381209e+00
-2.802639190506547529e+00
-2.802639190506547529e+00
-2.803799195513677400e+00
-2.804727199519381209e+00
-2.804959200520807272e+00
-2.804263197516529527e+00
-2.805655203525085017e+00
-2.814637955456908092e+00
-2.814637955456908092e+00
-2.814637955456908092e+00
-2.811892959934866543e+00
-2.811892959934866543e+00
-2.811892959934866543e+00
-2.811892959934866543e+00
-2.811986667222394765e+00
-2.811986667222394765e+00
-2.811986667222394765e+00
-2.811986667222394765e+00
-2.805386157530978419e+00
-2.805386157530978419e+00
-2.805386157530978419e+00
-2.805386157530978419e+00
-2.805386157530978419e+00
-2.804690154526700674e+00
-2.803530149519571246e+00
-2.798426127488201853e+00
-2.791698098446850462e+00
-2.789146087431165544e+00
-2.782882060392665835e+00
-2.763625977274315471e+00
-2.745993901165946660e+00
-2.708641739936376247e+00
-2.679177612755286209e+00
-2.647161474558511252e+00
-2.614681334358885056e+00
-2.581737192156407179e+00
-2.519328922772839263e+00
-2.478728747523306186e+00
-2.462256676422067248e+00
-2.463880683432048357e+00
-2.466200693446307213e+00
-2.467128697452011021e+00
-2.466664695449158895e+00
-2.466200693446306769e+00
-2.465736691443454642e+00
-2.465736691443454642e+00
-2.465736691443454642e+00
-2.465968692444880705e+00
-2.470144710470546734e+00
-2.474784730499064445e+00
-2.482672764547545263e+00
-2.489168792587470147e+00
-2.491952804604580685e+00
-2.491024800598876876e+00
-2.488704790584618021e+00
-2.488936791586044084e+00
-2.488240788581766338e+00
-2.487312784576062974e+00
-2.487776786578915100e+00
-2.487776786578915100e+00
-2.488472789583192846e+00
-2.489168792587471035e+00
-2.490792799597452589e+00
-2.491720803603156398e+00
-2.490560798596026970e+00
-2.488472789583193734e+00
-2.485224775563231070e+00
-2.483368767551823897e+00
-2.482904765548972215e+00
-2.480352754533287296e+00
-2.478960748524731805e+00
-2.478960748524731805e+00
-2.479424750527583488e+00
-2.479424750527583488e+00
-2.483136766550397834e+00
-2.490560798596026526e+00
-2.501928847665895628e+00
-2.517008912758579520e+00
-2.560161099023797515e+00
-2.578257177135018008e+00
-2.592873240224850218e+00
-2.597977262256220055e+00
-2.602617282284738209e+00
-2.600529273271904973e+00
-2.596817257249090627e+00
-2.590785231212017425e+00
-2.580113185146426069e+00
-2.565961124059445986e+00
-2.534872989868375281e+00
-2.515384905748599298e+00
-2.496360823631674997e+00
-2.489400793588897987e+00
-2.477104740513325076e+00
-2.464344685434900484e+00
-2.443000593303717327e+00
-2.440680583289458472e+00
-2.436968567266644126e+00
-2.432328547238126415e+00
-2.426528522202478833e+00
-2.422584505178238423e+00
-2.419104490156849696e+00
-2.419104490156849696e+00
-2.425368517195348517e+00
-2.427224525206755690e+00
-2.429080533218162863e+00
-2.431400543232421718e+00
-2.435344560256661683e+00
-2.438360573275198284e+00
-2.436968567266642793e+00
-2.436968567266642793e+00
-2.449496621343641323e+00
-2.461096671414936932e+00
-2.471536716479103113e+00
-2.475712734504769585e+00
-2.484760773560379832e+00
-2.492648807608860650e+00
-2.507032869697266797e+00
-2.512832894732914379e+00
-2.503552854675878070e+00
-2.498216831643082170e+00
-2.479656751529009995e+00
-2.472696721486232541e+00
-2.467824700456288323e+00
-2.464808687437751722e+00
-2.463416681429196231e+00
-2.462952679426344105e+00
-2.423953931411082507e+00
-2.423953931411082507e+00
-2.423257928406805206e+00
-2.423953931411082507e+00
-2.417053000669869611e+00
-2.417053000669869611e+00
-2.417053000669869611e+00
-2.417053000669869611e+00
-2.415461780867009356e+00
-2.415461780867009356e+00
-2.415461780867009356e+00
-2.415461780867009356e+00
-2.416728891387720957e+00
-2.416728891387720957e+00
-2.416728891387720957e+00
-2.416728891387720957e+00
-2.416728891387720957e+00
-2.416728891387720957e+00
-2.416728891387720957e+00
-2.417424894391998702e+00
-2.419048901401980256e+00
-2.423456920429072348e+00
-2.437840982517478938e+00
-2.446889021573089185e+00
-2.460809081658643205e+00
-2.466841107695716850e+00
-2.493521222859695463e+00
-2.505353273932416691e+00
-2.542009432157709359e+00
-2.583537611412946688e+00
-2.589105635447168208e+00
-2.592353649467130872e+00
-2.592817651469982554e+00
-2.592121648465704808e+00
-2.592121648465704808e+00
-2.592121648465704808e+00
-2.592121648465704808e+00
-2.592121648465704808e+00
-2.592121648465704808e+00
-2.592353649467130872e+00
-2.590033639452872016e+00
-2.579825595390132786e+00
-2.578433589381577296e+00
-2.576345580368744059e+00
-2.576809582371596186e+00
-2.579129592385855485e+00
-2.579593594388707167e+00
-2.577969587378725613e+00
-2.577969587378725613e+00
-2.580521598394410532e+00
-2.584697616420077004e+00
-2.587945630440039668e+00
-2.591889647464280078e+00
-2.595137661484242741e+00
-2.598153674502779342e+00
-2.600473684517038198e+00
-2.600705685518463817e+00
-2.600705685518463817e+00
-2.601633689524167625e+00
-2.603721698537000862e+00
-2.606969712556963525e+00
-2.612537736591185045e+00
-2.620657771641091482e+00
-2.627617801683868493e+00
-2.636201838736626613e+00
-2.643393869780829686e+00
-2.652209907835014313e+00
-2.661025945889198496e+00
-2.674714004973326897e+00
-2.677730017991863498e+00
-2.677730017991863498e+00
-2.672393994959067598e+00
-2.664041958907735097e+00
-2.656849927863532024e+00
-2.639217851755163213e+00
-2.623209782656775957e+00
-2.590729642457149318e+00
-2.556161493244689886e+00
-2.535281403116358856e+00
-2.506745279940972626e+00
-2.483545179798382296e+00
-2.477977155764160777e+00
-2.468465114705698848e+00
-2.458721072645810857e+00
-2.560723481596947959e+00
-2.560491480595522340e+00
-2.561419484601225705e+00
-2.561419484601225705e+00
-2.561419484601225705e+00
-2.561419484601225705e+00
-2.526751012739737234e+00
-2.526751012739737234e+00
-2.526751012739737234e+00
-2.526751012739737234e+00
-2.513004871972713605e+00
-2.513004871972713605e+00
-2.505178988096385062e+00
-2.505178988096385062e+00
-2.505178988096385062e+00
-2.505178988096385062e+00
-2.506106992102088871e+00
-2.508891004119199852e+00
-2.514691029154847435e+00
-2.528843090241827962e+00
-2.538355131300290335e+00
-2.541835146321679062e+00
-2.550883185377289308e+00
-2.579883310555526776e+00
-2.617003470783671126e+00
-2.648091604974741831e+00
-2.682659754187201706e+00
-2.718851910409642691e+00
-2.758988083656324086e+00
-2.803996277932949255e+00
-2.944124882794195042e+00
-3.011637174209133239e+00
-3.084021486654014765e+00
3.124691499067856260e+00
3.051379182617270924e+00
2.982242884192352061e+00
2.828890222249830000e+00
2.772745979904761349e+00
2.746297865742208355e+00
2.675537560307307938e+00
2.600137234843889367e+00
2.567193092641411489e+00
2.547937009523061569e+00
2.544920996504524524e+00
2.545384998507376650e+00
2.545849000510228333e+00
2.546545003514506078e+00
2.546545003514506078e+00
2.546545003514506078e+00
2.546545003514506078e+00
2.546545003514506078e+00
2.546777004515932141e+00
2.547473007520209887e+00
2.558377054587227306e+00
2.562089070610041652e+00
2.566033087634282062e+00
2.570209105659948090e+00
2.573225118678484691e+00
2.574153122684188055e+00
2.572993117677058628e+00
2.575545128692743546e+00
2.576705133699872974e+00
2.579489145716983955e+00
2.581809155731242811e+00
2.587145178764038711e+00
2.593641206803964039e+00
2.594105208806815721e+00
2.594569210809667847e+00
2.594337209808241784e+00
2.592713202798260230e+00
2.592249200795408104e+00
2.588769185774019377e+00
2.581113152726964621e+00
2.564409080624299175e+00
2.553041031554430074e+00
2.538888970467449990e+00
2.525664913386173716e+00
2.510120846290638141e+00
2.480424718108122484e+00
2.458384622972661582e+00
2.408040405663240513e+00
2.395512351586241540e+00
2.386928314533482975e+00
2.382056293503538758e+00
2.380200285492131140e+00
2.381360290499260568e+00
2.389016323546314879e+00
2.396440355591943572e+00
2.412216423688905209e+00
2.419408454733108282e+00
2.442608554875698612e+00
2.456760615962678695e+00
2.461400635991196850e+00
2.471840681055362587e+00
2.481352722113824516e+00
2.489936759166583080e+00
2.501768810239304308e+00
2.529144928407561110e+00
2.543760991497392876e+00
2.558841056590076324e+00
2.579721146718407798e+00
2.596657219822498419e+00
2.604545253870979238e+00
2.613825293928015547e+00
2.621481326975070303e+00
2.624729340995032967e+00
2.630065364027828867e+00
2.632385374042087722e+00
2.630529366030680549e+00
2.630297365029254930e+00
2.624497339993607348e+00
2.621481326975070747e+00
2.614521296932293293e+00
2.598049225831053910e+00
2.592481201796832391e+00
2.585289170752629317e+00
2.572761116675630788e+00
2.556985048578669151e+00
2.543296989494540750e+00
2.528680926404708540e+00
2.519864888350524357e+00
2.518008880339117184e+00
2.517080876333413375e+00
2.527288920396153049e+00
2.538656969466022151e+00
2.552345028550150108e+00
2.565569085631426827e+00
2.581809155731239702e+00
2.598513227833905148e+00
2.606865263885238093e+00
2.613593292926589484e+00
2.618929315959384940e+00
2.630241127531629974e+00
2.627457115514519437e+00
2.626761112510241691e+00
2.627457115514519437e+00
2.660206263915504188e+00
2.660206263915504188e+00
2.660206263915504188e+00
2.660206263915504188e+00
2.683226087568205465e+00
2.683226087568205465e+00
2.683226087568205465e+00
2.683226087568205465e+00
2.683226087568205465e+00
2.692088530563578441e+00
2.692088530563578441e+00
2.692088530563578441e+00
2.692088530563578441e+00
2.692088530563578441e+00
2.692088530563578441e+00
2.690928525556449014e+00
2.687912512537912413e+00
2.685824503525079177e+00
2.678168470478023977e+00
2.660304393368229547e+00
2.648936344298360446e+00
2.638728300235620772e+00
2.624112237145789006e+00
2.604160151023161340e+00
2.580264047876293265e+00
2.519711786504132522e+00
2.484447634287395346e+00
2.441527449023602969e+00
2.369607138581572681e+00
2.289566793089635954e+00
2.233422550744567303e+00
2.140622150174205984e+00
2.043413730576752574e+00
2.010701589375700316e+00
1.920917201823875597e+00
1.893541083655619017e+00
1.769884549895612391e+00
1.728356370640375728e+00
1.692396215419360583e+00
1.662236085233993244e+00
1.635091968067162504e+00
1.610035859913165002e+00
1.590315774791963399e+00
1.587763763776278259e+00
1.586835759770574672e+00
1.586835759770574672e+00
1.586835759770574672e+00
1.586835759770574672e+00
1.586835759770574672e+00
1.587299761773426576e+00
1.589619771787685654e+00
1.594027790814777967e+00
1.599363813847573645e+00
1.603771832874665737e+00
1.607251847896054242e+00
1.613283873933127666e+00
1.617227890957368075e+00
1.618387895964497725e+00
1.620011902974479057e+00
1.621171907981608706e+00
1.622099911987312293e+00
1.627899937022960097e+00
1.628827941028663906e+00
1.630451948038645238e+00
1.636715975077144725e+00
1.640427991099959293e+00
1.643444004118495894e+00
1.653188046178383885e+00
1.659220072215457531e+00
1.661076080226864704e+00
1.666180102258234541e+00
1.665948101256808478e+00
1.665020097251104891e+00
1.664092093245401083e+00
1.655276055191216678e+00
1.641587996107088498e+00
1.626971933017256511e+00
1.613283873933128110e+00
1.595187795821907617e+00
1.574307705693576143e+00
1.551803608555263336e+00
1.521643478369895774e+00
1.490555344178824626e+00
1.480811302118936634e+00
1.474083273077585465e+00
1.469907255051919215e+00
1.468283248041937883e+00
1.471763263063326388e+00
1.488003333163139708e+00
1.493339356195935608e+00
1.511667435308582164e+00
1.527675504406969642e+00
1.539971557482542552e+00
1.549483598541004703e+00
1.558995639599466854e+00
1.567347675650799355e+00
1.579875729727798328e+00
1.591011777796241589e+00
1.595651797824759743e+00
1.607715849898906812e+00
1.616067885950239313e+00
1.619083898968776136e+00
1.626739932015830892e+00
1.632539957051478474e+00
1.633699962058607902e+00
1.634859967065737774e+00
1.637643979082848533e+00
1.643676005119922179e+00
1.650404034161273348e+00
1.652956045176958266e+00
1.662468086235420417e+00
1.675692143316696914e+00
1.683812178366603574e+00
1.684740182372307160e+00
1.681028166349492814e+00
1.679404159339511482e+00
1.675692143316696914e+00
1.671284124289604822e+00
1.665716100255383303e+00
1.657828066206902484e+00
1.640427991099959737e+00
1.631147951042923427e+00
1.619547900971628263e+00
1.605627840886074020e+00
1.592403783804797524e+00
1.571059691673614367e+00
1.551571607553838383e+00
1.532083523434062400e+00
1.521875479371322726e+00
1.511203433305731147e+00
1.506099411274361088e+00
1.503779401260102011e+00
1.499603383234435761e+00
1.495891367211621414e+00
1.489627340173122150e+00
1.487539331160288913e+00
1.486611327154585327e+00
1.487539331160288913e+00
1.493571357197362337e+00
1.512595439314286416e+00
1.528371507411247832e+00
1.537187545465432015e+00
1.545307580515338675e+00
1.549947600543856829e+00
1.564331662632262976e+00
1.581499736737779882e+00
1.594491792817630316e+00
1.607483848897480749e+00
1.616299886951665155e+00
1.622099911987312737e+00
1.633235960055755998e+00
1.640891993102810753e+00
1.647620022144161922e+00
1.650636035162698745e+00
1.654580052186939154e+00
1.656204059196920486e+00
1.653884049182661409e+00
1.654580052186939154e+00
1.656436060198346327e+00
1.656668061199772168e+00
1.652260042172679855e+00
1.652028041171254014e+00
1.652724044175531759e+00
1.654580052186938932e+00
1.656668061199771946e+00
1.652260042172679633e+00
1.647852023145587319e+00
1.641587996107088054e+00
1.634163964061459140e+00
1.624883924004423053e+00
1.612355869927424079e+00
1.613051872931701602e+00
1.622795914991589594e+00
1.637643979082847201e+00
1.639731988095680437e+00
1.639963989097106278e+00
1.641587996107087610e+00
1.642748001114217260e+00
1.644836010127050496e+00
1.646228016135605987e+00
1.783319945059209877e+00
1.783319945059209877e+00
1.783551946060635718e+00
1.783551946060635718e+00
1.777412561605830943e+00
1.777412561605830943e+00
1.777412561605830943e+00
1.777412561605830943e+00
1.768155902074383778e+00
1.768155902074383778e+00
1.768155902074383778e+00
1.768155902074383778e+00
1.772794262103291718e+00
1.772794262103291718e+00
1.772794262103291718e+00
1.772794262103291718e+00
1.772794262103291718e+00
1.772794262103291718e+00
1.766530235064792231e+00
1.762818219041977885e+00
1.745882145937886820e+00
1.737298108885128478e+00
1.729874076839499786e+00
1.722450044793871093e+00
1.712009999729705578e+00
1.699249944651280986e+00
1.655633756383211086e+00
1.609697558100882109e+00
1.560049343795738785e+00
1.541489263681666610e+00
1.508545121479188289e+00
1.481865006315209454e+00
1.458200904169767220e+00
1.406000678848939200e+00
1.395096631781921559e+00
1.392080618763384736e+00
1.391848617761958895e+00
1.391152614757681150e+00
1.390456611753403404e+00
1.390456611753403404e+00
1.390456611753403404e+00
1.390456611753403404e+00
1.390688612754829245e+00
1.391848617761958895e+00
1.394632629779069655e+00
1.399968652811865555e+00
1.407856686860346374e+00
1.410640698877457355e+00
1.415280718905975510e+00
1.416440723913104938e+00
1.416904725915956842e+00
1.421776746945901060e+00
1.427344770980122801e+00
1.428272774985826388e+00
1.432216792010066797e+00
1.434072800021473970e+00
1.442192835071380630e+00
1.445672850092769135e+00
1.447296857102750467e+00
1.445904851094194976e+00
1.443584841079935899e+00
1.439176822052843585e+00
1.436392810035732825e+00
1.434304801022899589e+00
1.430592785000085021e+00
1.427112769978696516e+00
1.421544745944474775e+00
1.416208722911678874e+00
1.410640698877457133e+00
1.402520663827550473e+00
1.377696556674979034e+00
1.367256511610813297e+00
1.355888462540943973e+00
1.346840423485333726e+00
1.338952389436853130e+00
1.331760358392650057e+00
1.322712319337039810e+00
1.313200278278577660e+00
1.319232304315651083e+00
1.331296356389798152e+00
1.342896406461093317e+00
1.353568452526684895e+00
1.374680543656442211e+00
1.393704625773366290e+00
1.409944695873179610e+00
1.413888712897420019e+00
1.422472749950178583e+00
1.443352840078510058e+00
1.448920864112731577e+00
1.453328883139823668e+00
1.458432905171193505e+00
1.457040899162638015e+00
1.454952890149804778e+00
1.450312870121286624e+00
1.449384866115583037e+00
1.451936877131267956e+00
1.457040899162637793e+00
1.454720889148378715e+00
1.441264831065676155e+00
1.438016817045713491e+00
1.434072800021473082e+00
1.426880768977270231e+00
1.420152739935919062e+00
1.411800703884586339e+00
1.406232679850364820e+00
1.400896656817569141e+00
1.386976596732014899e+00
1.384192584714903917e+00
1.384192584714903917e+00
1.384888587719181663e+00
1.386048592726311091e+00
1.396256636789050987e+00
1.403216666831827997e+00
1.411336701881734657e+00
1.415744720908826748e+00
1.415512719907400907e+00
1.417136726917382239e+00
1.420848742940196585e+00
1.418760733927363349e+00
1.417600728920233921e+00
1.416904725915956176e+00
1.420384740937344903e+00
1.423864755958733408e+00
1.430824786001510418e+00
1.438016817045713269e+00
1.439408823054268760e+00
1.441264831065675933e+00
1.443120839077083106e+00
1.447064856101323516e+00
1.457040899162637348e+00
1.458200904169766998e+00
1.459360909176896648e+00
1.461448918189729884e+00
1.462840924198285375e+00
1.456576897159786110e+00
1.449384866115583037e+00
1.444976847088490945e+00
1.442888838075657709e+00
1.438480819048565396e+00
1.441264831065676377e+00
1.447528858104175642e+00
1.449848868118434719e+00
1.454024886144100970e+00
1.455880894155508143e+00
1.454488888146952874e+00
1.444280844084212978e+00
1.436160809034306318e+00
1.426880768977270231e+00
1.417368727918808302e+00
1.407856686860346374e+00
1.389528607747700262e+00
1.367720513613665423e+00
1.350552439508148517e+00
1.345448417476778680e+00
1.337560383428297861e+00
1.331064355388372533e+00
1.333616366404057452e+00
1.336864380424020116e+00
1.342432404458241857e+00
1.348696431496741566e+00
1.354728457533815211e+00
1.357976471553777875e+00
1.361456486575166602e+00
1.366328507605110598e+00
1.373288537647887830e+00
1.380016566689239221e+00
1.383264580709201885e+00
1.384656586717757154e+00
1.384192584714905472e+00
1.647609331711450409e+00
1.647609331711450409e+00
1.647609331711450409e+00
1.647609331711450409e+00
1.647609331711450409e+00
1.626390896262757790e+00
1.626390896262757790e+00
1.626390896262757790e+00
1.606594767165856474e+00
1.606594767165856474e+00
1.606594767165856474e+00
1.606594767165856474e+00
1.606594767165856474e+00
1.599235770716051830e+00
1.599235770716051830e+00
1.599235770716051830e+00
1.599235770716051830e+00
1.599235770716051830e+00
1.599235770716051830e+00
1.599235770716051830e+00
1.599235770716051830e+00
1.599235770716051830e+00
1.599235770716051830e+00
1.598539767711774084e+00
1.596683759700366689e+00
1.591579737668996630e+00
1.590883734664718885e+00
1.591347736667570789e+00
1.592043739671848535e+00
1.592739742676126280e+00
1.590651733663293266e+00
1.588331723649034410e+00
1.588099722647608569e+00
1.591115735666145170e+00
1.596219757697515007e+00
1.598307766710348243e+00
1.596915760701792752e+00
1.596683759700366911e+00
1.596451758698941070e+00
1.598075765708922402e+00
1.598771768713200370e+00
1.598307766710348465e+00
1.597147761703219038e+00
1.597843764707496783e+00
1.598307766710348687e+00
1.598539767711774529e+00
1.593203744678978628e+00
1.588563724650460696e+00
1.576267671574887785e+00
1.561883609486481639e+00
1.545643539386668541e+00
1.526851458271170303e+00
1.507131373149968478e+00
1.463979186884750483e+00
1.455163148830566300e+00
1.449363123794918717e+00
1.447507115783511544e+00
1.441707090747863962e+00
1.440083083737882408e+00
1.446579111777807736e+00
1.449363123794918717e+00
1.447971117786363449e+00
1.443331097757845294e+00
1.440779086742160597e+00
1.446811112779234021e+00
1.459107165854806931e+00
1.465139191891880355e+00
1.479059251977434597e+00
1.495531323078673536e+00
1.528475465281151857e+00
1.551907566425168028e+00
1.566059627512148111e+00
1.585779712633349936e+00
1.604803794750274015e+00
1.630787906909975105e+00
1.664428052116731171e+00
1.678812114205137096e+00
1.691340168282135847e+00
1.701548212344875743e+00
1.710132249397634085e+00
1.719412289454670395e+00
1.724748312487466295e+00
1.736348362558761682e+00
1.742148387594409265e+00
1.742380388595835106e+00
1.742148387594409265e+00
1.729156331514558609e+00
1.726836321500299753e+00
1.726836321500299753e+00
1.727068322501725595e+00
1.709668247394782847e+00
1.676956106193730589e+00
1.665356056122435424e+00
1.626843889885735361e+00
1.609907816781644296e+00
1.592275740673275486e+00
1.574411663563480834e+00
1.556779587455112246e+00
1.532419482305392266e+00
1.500171343107191690e+00
1.493211313064414680e+00
1.474419231948916442e+00
1.458411162850529186e+00
1.447275114782085703e+00
1.443563098759271357e+00
1.441243088745012502e+00
1.441243088745012502e+00
1.445187105769252911e+00
1.456787155840548076e+00
1.467227200904713591e+00
1.479987255983138184e+00
1.527779462276874112e+00
1.544483534379539114e+00
1.560027601475074688e+00
1.569307641532110775e+00
1.602019782733163256e+00
1.642619957982696333e+00
1.661644040099620412e+00
1.681132124219396395e+00
1.701780213346301807e+00
1.723124305477484963e+00
1.753980438667130048e+00
1.765580488738425213e+00
1.772308517779776382e+00
1.771612514775498637e+00
1.770452509768369209e+00
1.756532449682814967e+00
1.743076391600112407e+00
1.738436371571594252e+00
1.726140318496021564e+00
1.709204245391930499e+00
1.667908067138119899e+00
1.656076016065398671e+00
1.648419983018343915e+00
1.645635971001233155e+00
1.633803919928512149e+00
1.614315835808736166e+00
1.603411788741718746e+00
1.594131748684682659e+00
1.589259727654738663e+00
1.586475715637627681e+00
1.585083709629072191e+00
1.580443689600554258e+00
1.576035670573461944e+00
1.568147636524981348e+00
1.566755630516426079e+00
1.566523629515000238e+00
1.566059627512148333e+00
1.575571668570610484e+00
1.590883734664719995e+00
1.620579862847235431e+00
1.649115986022621660e+00
1.657236021072528320e+00
1.674636096179471068e+00
1.686700148253617915e+00
1.694588182302098733e+00
1.702476216350579330e+00
1.703868222359134821e+00
1.705260228367690312e+00
1.705492229369116153e+00
1.705028227366264471e+00
1.705028227366264471e+00
1.705028227366264471e+00
1.705028227366264471e+00
1.531305265273332328e+00
1.531305265273332328e+00
1.531305265273332328e+00
1.531305265273332328e+00
1.564914663520240445e+00
1.564914663520240445e+00
1.564914663520240445e+00
1.578212277573813438e+00
1.578212277573813438e+00
1.578212277573813438e+00
1.578212277573813438e+00
1.579140281579517024e+00
1.580068285585220611e+00
1.583780301608035179e+00
1.588652322637979175e+00
1.595844353682182248e+00
1.614172432794828582e+00
1.622524468846161083e+00
1.621828465841883338e+00
1.619508455827624260e+00
1.618580451821920674e+00
1.617188445813365183e+00
1.617188445813365183e+00
1.617188445813365183e+00
1.617188445813365183e+00
1.616724443810513501e+00
1.616028440806235755e+00
1.611388420777717601e+00
1.600948375713551863e+00
1.597004358689311454e+00
1.593988345670774631e+00
1.591436334655089713e+00
1.589116324640830857e+00
1.590044328646534444e+00
1.593060341665071267e+00
1.594452347673626535e+00
1.593524343667922949e+00
1.591668335656515776e+00
1.591436334655089935e+00
1.591900336657941839e+00
1.593524343667923171e+00
1.597932362695015485e+00
1.602804383724959481e+00
1.604196389733514971e+00
1.605820396743496303e+00
1.608836409762033126e+00
1.610460416772014458e+00
1.609996414769162554e+00
1.608140406757755159e+00
1.604660391736366432e+00
1.598396364697866945e+00
1.588652322637978953e+00
1.575660266558128519e+00
1.538540106329983725e+00
1.504435959120375976e+00
1.483787869993470565e+00
1.478915848963526569e+00
1.471491816917897433e+00
1.472651821925026860e+00
1.472419820923601019e+00
1.474507829936434034e+00
1.476363837947841207e+00
1.477987844957822539e+00
1.483323867990618217e+00
1.500259941094709282e+00
1.504899961123227436e+00
1.507219971137486514e+00
1.509539981151745591e+00
1.514180001180263746e+00
1.520444028218763011e+00
1.529956069277225161e+00
1.537844103325705758e+00
1.540860116344242581e+00
1.551532162409834159e+00
1.565220221493962338e+00
1.576820271565257503e+00
1.597932362695014596e+00
1.621132462837604926e+00
1.629716499890363268e+00
1.646652572994454111e+00
1.663820647099970795e+00
1.698156795311004386e+00
1.716948876426502624e+00
1.738988971561963526e+00
1.749197015624703422e+00
1.751517025638962499e+00
1.751749026640388340e+00
1.831218145194834168e+00
1.831218145194834168e+00
1.831218145194834168e+00
1.831218145194834168e+00
1.846249355566680128e+00
1.846249355566680128e+00
1.846249355566680128e+00
1.846249355566680128e+00
1.846249355566680128e+00
1.853338283982113310e+00
1.853338283982113310e+00
1.853338283982113310e+00
1.856034622644315402e+00
1.856034622644315402e+00
1.856034622644315402e+00
1.856034622644315402e+00
1.852554607622926897e+00
1.848146588595834583e+00
1.837474542530243005e+00
1.825178489454670094e+00
1.815434447394782103e+00
1.806386408339171856e+00
1.790146338239358537e+00
1.772978264133841630e+00
1.704537968713200069e+00
1.671593826510721748e+00
1.652801745395223509e+00
1.587377462993118771e+00
1.488777037387109647e+00
1.431704791036337410e+00
1.369296521652769494e+00
1.300856226232128154e+00
1.224759897764431837e+00
1.100871363002999370e+00
9.322066349663675755e-01
8.517022874715790559e-01
7.783899710209936096e-01
7.087896705932226205e-01
6.445253931982473095e-01
5.879171488503268650e-01
5.104288143740751682e-01
4.299244668792866486e-01
3.939643116582716154e-01
3.619481734614969359e-01
3.378200693132030197e-01
3.276120252504632346e-01
3.273800242490373380e-01
3.273800242490373380e-01
3.276120252504632346e-01
3.276120252504632346e-01
3.276120252504632346e-01
3.276120252504632346e-01
3.276120252504632346e-01
3.285400292561668212e-01
3.310920402718517397e-01
3.334120502861107616e-01
3.424600893417210079e-01
3.508121253930535088e-01
3.540601394130161728e-01
3.561481484258492980e-01
3.575401544344046778e-01
3.640361824743300057e-01
3.709962125171071268e-01
3.751722305427734327e-01
3.814362575812728084e-01
3.853802746055131623e-01
3.879322856211980808e-01
3.907162976383089514e-01
3.930363076525680288e-01
3.944283136611234086e-01
3.951243166654010985e-01
3.946603146625493053e-01
3.960523206711046851e-01
3.916443016440125380e-01
3.846842716012354169e-01
3.779562425598841924e-01
3.663561924885889720e-01
3.526681334044606264e-01
3.382840713160546464e-01
3.178679831905751318e-01
3.051079281121504283e-01
2.995399040779287425e-01
2.770358069396161027e-01
2.689157718897094429e-01
2.610277378412287352e-01
2.508196937784890057e-01
2.373636356957866123e-01
2.290115996444541113e-01
2.248355816187878331e-01
2.239075776130841910e-01
2.252995836216396264e-01
2.276195936358986760e-01
2.327236156672685685e-01
2.443236657385637334e-01
2.577797238212661268e-01
2.628837458526360193e-01
2.795878179553010767e-01
3.025559170964655098e-01
3.139239661663347780e-01
3.225080032190931756e-01
3.292360322604444001e-01
3.320200442775552152e-01
3.343400542918142371e-01
3.359640613017955135e-01
3.375880683117767900e-01
3.385160723174803765e-01
3.436200943488502135e-01
3.517401293987568733e-01
3.651961874814592668e-01
3.812042565798465787e-01
4.076523707423995724e-01
4.289964628735826735e-01
4.463965379805254208e-01
4.573005850475428957e-01
4.693646371216898538e-01
4.786446771787259968e-01
5.020587323202869712e-01
5.027547353245647166e-01
5.011307283145833846e-01
5.006667263117315914e-01
5.351085903219000572e-01
5.351085903219000572e-01
5.351085903219000572e-01
5.351085903219000572e-01
5.351085903219000572e-01
5.540136289937274139e-01
5.540136289937274139e-01
5.540136289937274139e-01
5.540136289937274139e-01
5.652552349665901366e-01
5.652552349665901366e-01
5.652552349665901366e-01
5.652552349665901366e-01
5.652552349665901366e-01
5.650232339651641844e-01
5.613112179423497272e-01
5.543511878995726061e-01
5.411271308182961093e-01
5.330070957683894495e-01
5.234950547099274099e-01
5.116630036372062929e-01
4.968149395459484641e-01
4.527347492750268265e-01
4.086545590041051890e-01
3.587743436975359690e-01
3.395182605791859931e-01
2.954380703082643556e-01
2.049576797521620586e-01
1.615734924855181109e-01
1.033412411276163623e-01
6.645308190089771472e-02
3.072492768130859198e-02
-1.059209514040173467e-03
-4.119538276072145372e-02
-4.397939477783229661e-02
-4.513939978496181449e-02
-4.537140078638771806e-02
-4.537140078638771806e-02
-4.537140078638771806e-02
-4.537140078638771806e-02
-4.537140078638771806e-02
-4.490739878353591091e-02
-4.421139577925820019e-02
-4.374739377640639304e-02
-3.678736373362928580e-02
-2.449131065805641022e-02
-2.309930464950098877e-02
-2.124329663809376018e-02
-1.869128562240882085e-02
-1.521127060102027244e-02
-1.033924957107630084e-02
-7.787238555391363254e-03
-2.451215522595586241e-03
1.028799498792962175e-03
2.652806508774276789e-03
5.668819527311023260e-03
8.452831544421869625e-03
1.332485257436584122e-02
1.657286659432849821e-02
2.283689363282788778e-02
2.469290164423511638e-02
1.958887961286524468e-02
1.077284155868091578e-02
-2.219214521169677462e-03
-1.706727861242747502e-02
-3.237934470653709707e-02
-6.045146587907140878e-02
-1.017476441328822034e-01
-1.258757482811761474e-01
-1.497718514280441948e-01
-1.708839425578013993e-01
-1.913000306832808861e-01
-2.279561889085736093e-01
-2.374682299670356489e-01
-2.430362540012573347e-01
-2.460522670197940742e-01
-2.448922620126645633e-01
-2.358442229570543169e-01
-2.196041528572410806e-01
-1.998840677360392837e-01
-1.848040026433555583e-01
-1.690279345463940874e-01
-1.446678293966742745e-01
-1.261077492826020163e-01
-1.040676541471411976e-01
-7.947554799599546027e-02
-3.237934470653709013e-02
-4.307223534002771470e-03
1.309285157293999663e-02
3.397294170127130447e-02
4.487698876828875860e-02
5.322902481962128035e-02
6.065305686525018780e-02
6.761308690802728116e-02
6.645308190089779798e-02
6.436507288806465887e-02
5.972505285954660820e-02
4.882100579252918182e-02
3.907696373264125250e-02
2.817291666562379143e-02
1.030883955582923006e-02
-1.242725858390930291e-02
-3.841137074361047898e-02
-5.372343683772011491e-02
-6.439548290331167935e-02
-7.065950994181108280e-02
-7.321152095749602906e-02
-7.205151595036651813e-02
-6.764349692327432939e-02
-6.137946988477493981e-02
-5.650744885483096475e-02
-4.977941981347976108e-02
-4.258738876927675721e-02
-3.493135572222194618e-02
-2.286730364807496724e-02
-1.938728862668641362e-02
6.034619764867438230e-03
5.106615759163823931e-03
5.106615759163823931e-03
5.106615759163823931e-03
5.106615759163823931e-03
5.567244845776345846e-02
5.567244845776345846e-02
5.567244845776345846e-02
4.381415202154720356e-02
4.381415202154720356e-02
4.381415202154720356e-02
4.381415202154720356e-02
4.044567453179572641e-02
4.044567453179572641e-02
4.044567453179572641e-02
4.044567453179572641e-02
4.044567453179572641e-02
4.044567453179572641e-02
4.044567453179572641e-02
4.044567453179572641e-02
4.044567453179572641e-02
4.044567453179572641e-02
4.044567453179572641e-02
4.044567453179572641e-02
4.114167753607343714e-02
4.090967653464753356e-02
3.789366351611078709e-02
3.835766551896259424e-02
3.928566952466620854e-02
4.044567453179572641e-02
4.183768054035114786e-02
4.462169255746199076e-02
4.485369355888789433e-02
4.485369355888789433e-02
4.554969656316560506e-02
4.624569956744331578e-02
4.949371358740597276e-02
5.065371859453549064e-02
5.227772560451681566e-02
5.343773061164632660e-02
5.506173762162765162e-02
5.645374363018309388e-02
5.877375364444213657e-02
5.830975164159034330e-02
5.227772560451683648e-02
4.856570958170237928e-02
3.093363347333372496e-02
2.397360343055662119e-02
-8.042534766218054770e-03
-2.451460586745719469e-02
-4.423469098865898119e-02
-6.534678211841621343e-02
-8.692287525102523893e-02
-1.087309693850601611e-01
-1.391231005718535085e-01
-1.569871776816480768e-01
-1.725312447771835955e-01
-1.767072628028498738e-01
-1.794912748199607166e-01
-1.792592738185347645e-01
-1.718352417729058501e-01
-1.695152317586468005e-01
-1.620911997130178861e-01
-1.504911496417227212e-01
-1.173150064378185586e-01
-1.038589483551161652e-01
-8.877888326243245365e-02
-7.996284520824811781e-02
-5.444273505139874542e-02
-2.405060386460537714e-02
-7.578532763366244152e-03
9.357540340724702921e-03
2.698961644909336072e-02
4.160567953892527204e-02
6.573378368721924381e-02
7.199781072571863338e-02
7.779783576136622969e-02
8.382986179843973651e-02
9.148589484549454753e-02
9.821392388684573038e-02
1.107419779638445095e-01
1.137579909823812491e-01
1.165420029994920920e-01
1.200220180208806386e-01
1.246620380493987101e-01
1.295340590793427060e-01
1.170060050023439130e-01
1.033179459182155813e-01
8.870188282838367688e-02
7.524582474568128343e-02
6.503778068294155390e-02
5.529373862305361070e-02
4.114167753607351347e-02
1.794157739348316988e-02
6.573528323613908597e-03
-8.042534766217985381e-03
-2.219459585319810344e-02
-3.449064892877096167e-02
-5.653074406423176657e-02
-6.905879814123053184e-02
-7.694683218971123950e-02
-7.880284020111846810e-02
-8.019484620967387567e-02
-7.625082918543352184e-02
-6.140276509417571388e-02
-5.305072904284320601e-02
-4.678670200434382337e-02
-4.029067396441851634e-02
-3.333064392164141604e-02
-2.776261988741973719e-02
-1.013054377905106204e-02
1.237355335926156388e-02
4.021367353036996856e-02
5.042171759310971890e-02
6.828579470290427333e-02
8.058184777847714197e-02
9.798192288541991701e-02
1.047099519267711137e-01
1.114379809681223105e-01
1.160780009966403681e-01
4.889273121595381633e-01
4.896233151638158532e-01
2.828420826536137689e-01
2.828420826536137689e-01
2.383559431308402699e-01
2.383559431308402699e-01
2.383559431308402699e-01
2.383559431308402699e-01
2.383559431308402699e-01
2.138860571994861126e-01
2.138860571994861126e-01
2.138860571994861126e-01
2.138860571994861126e-01
1.915466627234689301e-01
1.915466627234689301e-01
1.915466627234689301e-01
1.915466627234689301e-01
1.915466627234689301e-01
1.906186587177653158e-01
1.885306497049321905e-01
1.778586036393406400e-01
1.692745665865822147e-01
1.604585285323978650e-01
1.514104894767876186e-01
1.409704444126219647e-01
1.193943512800129392e-01
9.921026415595933512e-02
9.665825314027440274e-02
9.317823811888585606e-02
9.364224012173764933e-02
9.410624212458945648e-02
9.410624212458945648e-02
9.410624212458945648e-02
9.410624212458945648e-02
9.410624212458945648e-02
9.480224512886716026e-02
9.619425113742258171e-02
1.024582781759219713e-01
1.096503092201249752e-01
1.112743162301062932e-01
1.138263272457912256e-01
1.159143362586243509e-01
1.175383432686056689e-01
1.175383432686056551e-01
1.177703442700315656e-01
1.240343713085309690e-01
1.282103893341972056e-01
1.326184083612893527e-01
1.370264273883814998e-01
1.398104394054923427e-01
1.474664724525471537e-01
1.511784884753616109e-01
1.525704944839170463e-01
1.502504844696580244e-01
1.465384684468435950e-01
1.444504594340104697e-01
1.405064424097701159e-01
1.340104143698448158e-01
1.200903542842906291e-01
1.135943262443653290e-01
1.003702691630888322e-01
8.297019405614605714e-02
3.308997874957680940e-02
-5.190186485697231844e-03
-3.790232768674960118e-02
-4.648636473950802650e-02
-5.460639978941464467e-02
-7.803850093343088490e-02
-8.755054199189293840e-02
-8.824654499617065606e-02
-8.175051695624536985e-02
-7.363048190633875167e-02
-6.319043684217307000e-02
-5.275039177800741608e-02
-4.207834571241585858e-02
-3.094229764397249394e-02
-1.748623956127009355e-02
-1.246169461456864136e-03
3.262597674672503001e-02
4.399402581659430517e-02
5.466607188218586960e-02
6.719412595918466957e-02
8.018618203903528363e-02
9.225023411318225564e-02
1.180023452714575594e-01
1.286743913370491099e-01
1.393464374026406882e-01
1.472344714511213959e-01
1.537304994910466960e-01
1.588345215224165885e-01
1.755385936250816181e-01
1.859786386892472998e-01
1.945626757420057529e-01
1.945626757420057529e-01
1.927066677305985520e-01
1.903866577163395302e-01
1.841226306778401267e-01
1.773946016364889022e-01
1.690425655851563735e-01
1.588345215224166163e-01
1.493224804639546044e-01
1.365624253855299286e-01
1.031542811801998138e-01
8.691421108038657750e-02
7.090614198199925167e-02
6.533811794777757975e-02
5.002605185366796464e-02
3.796199977952099958e-02
2.589794770537402757e-02
2.241793268398547395e-02
2.009792266972643821e-02
2.218593168255955650e-02
3.239397574529928603e-02
3.656999377096555037e-02
3.981800779092819348e-02
4.376202481516856813e-02
5.002605185366795076e-02
5.953809291212998345e-02
8.041818304046126353e-02
9.712225514312630703e-02
1.152183332543467720e-01
1.226423652999756864e-01
1.416664474168997379e-01
1.857466376878214032e-01
2.061627258133008900e-01
2.230987989173918440e-01
2.451388940528526628e-01
2.678749921925911992e-01
2.850430662981080498e-01
2.910750923351815289e-01
2.940911053537182962e-01
2.950191093594218827e-01
2.954831113622736760e-01
2.954831113622736760e-01
2.954831113622736760e-01
2.954831113622736760e-01
2.954831113622736760e-01
2.954831113622736760e-01
2.954831113622736760e-01
2.954831113622736760e-01
2.493819172849687238e-01
2.493819172849687238e-01
2.493819172849687238e-01
2.493819172849687238e-01
2.512188774114925693e-01
2.512188774114925693e-01
2.512188774114925693e-01
2.500588724043630862e-01
2.468108583844004500e-01
2.449548503729932214e-01
2.379948203302161280e-01
2.282507782703281918e-01
2.020346651092011225e-01
1.908986170407577510e-01
1.841705879994065542e-01
1.820825789865734290e-01
1.795305679708885105e-01
1.816185769837216357e-01
1.816185769837216357e-01
1.816185769837216357e-01
1.816185769837216357e-01
1.816185769837216357e-01
1.816185769837216357e-01
1.825465809894252223e-01
1.874186020193691904e-01
1.985546500878125620e-01
2.045866761248860410e-01
2.092266961534040848e-01
2.120107081705148999e-01
2.124747101733666932e-01
2.150267211890516394e-01
2.175787322047365580e-01
2.189707382132919655e-01
2.203627442218473731e-01
2.217547502304028084e-01
2.233787572403841404e-01
2.256987672546431623e-01
2.310347902874389237e-01
2.361388123188087884e-01
2.389228243359196591e-01
2.403148303444750944e-01
2.403148303444750944e-01
2.456508533772708835e-01
2.477388623901040365e-01
2.475068613886781399e-01
2.451868513744190903e-01
2.201307432204214765e-01
1.985546500878124787e-01
1.739625439366667137e-01
1.500664407897986663e-01
1.150342895744872473e-01
7.072209830213968540e-02
3.104992705831021577e-02
5.529816901460843370e-03
-1.511827222544456090e-02
-2.695032329816562239e-02
-3.646236435662766895e-02
-4.040638138086801584e-02
-4.017438037944211227e-02
-3.971037837659030512e-02
-1.790228424255541073e-02
-5.838232168408417910e-03
5.529816901460857248e-03
1.643386396847831832e-02
2.362589501268130832e-02
2.803391403977347623e-02
5.100201318093793706e-02
6.376206825936261979e-02
7.605812133493550231e-02
8.858617541193428147e-02
1.004182264846553707e-01
1.108582715488210108e-01
1.398583967270589090e-01
1.565624688297239109e-01
1.730345399309630716e-01
1.881146050236467970e-01
2.015706631063492182e-01
2.194347402161437588e-01
2.386908233344937624e-01
2.549308934343069710e-01
2.567869014457141441e-01
2.565549004442882475e-01
2.577149054514177862e-01
2.546988924328810744e-01
2.463468563815485457e-01
2.396188273401973490e-01
2.328907982988461800e-01
2.256987672546431900e-01
2.078346901448486217e-01
1.871866010179432382e-01
1.723385369266854095e-01
1.489064357826691554e-01
1.199063106044312571e-01
1.108582715488210246e-01
9.438620044758189165e-02
9.113818642761924160e-02
7.536211833065781240e-02
7.025809629928794764e-02
6.933009229358434722e-02
7.002609529786205100e-02
7.420211332352831535e-02
8.116214336630542259e-02
9.763421446754458333e-02
1.124822785588023982e-01
1.322023636800042090e-01
1.389303927213554057e-01
1.702505279138523397e-01
1.862585970122396795e-01
2.013386621049234049e-01
2.168827292004589236e-01
2.226827542361065060e-01
2.289467812746058817e-01
2.586429094571215392e-01
2.827710136054154555e-01
3.059711137480057852e-01
3.256911988692075544e-01
3.505153060217792160e-01
3.718593981529623171e-01
3.795154312000171282e-01
3.857794582385165039e-01
3.869394632456459870e-01
3.867074622442200904e-01
3.867074622442200904e-01
3.867074622442200904e-01
3.867074622442200904e-01
3.291726469482844086e-01
3.291726469482844086e-01
3.291726469482844086e-01
3.291726469482844086e-01
3.291726469482844086e-01
3.718163370499978915e-01
3.718163370499978915e-01
3.718163370499978915e-01
3.718163370499978915e-01
3.976007195635677949e-01
3.976007195635677949e-01
3.976007195635677949e-01
3.966727155578642083e-01
3.948167075464570352e-01
3.934247015379015999e-01
3.836806594780136637e-01
3.634965723539600457e-01
3.521285232840907775e-01
3.389044662028142807e-01
3.228963971044269687e-01
3.008563019689661777e-01
2.407680425996571727e-01
2.249919745026957574e-01
1.512156560492584623e-01
1.219835298695946257e-01
9.391140869706031402e-02
7.303131856872900618e-02
6.537528552167419515e-02
6.630328952737780945e-02
6.607128852595191282e-02
6.537528552167420903e-02
6.537528552167420903e-02
6.537528552167420903e-02
6.537528552167420903e-02
6.537528552167420903e-02
6.560728652310010567e-02
6.537528552167420903e-02
6.607128852595191282e-02
7.535132858298805580e-02
8.602337464857960636e-02
9.228740168707899594e-02
1.013354407426892284e-01
1.045834547626518785e-01
1.157195028310952223e-01
1.203595228596132938e-01
1.231435348767241228e-01
1.252315438895572619e-01
1.256955458924090552e-01
1.256955458924090552e-01
1.289435599123716913e-01
1.328875769366120452e-01
1.386876019722596276e-01
1.405436099836668562e-01
1.456476320150367210e-01
1.477356410278698462e-01
1.456476320150367210e-01
1.405436099836668284e-01
1.335835799408897351e-01
1.268555508995385384e-01
1.201275218581873416e-01
1.031914487540963876e-01
7.627933258869157296e-02
6.630328952737772619e-02
5.191922743897172537e-02
3.660716134486211026e-02
2.500711127356693153e-02
1.595907221795669906e-02
7.839037168050067006e-03
4.359022146661492569e-03
2.503014135254257033e-03
4.591023148087382266e-03
8.999042175179543246e-03
1.108705118801267542e-02
1.155105319086450338e-02
1.131905218943859981e-02
1.572707121653078161e-02
2.639911728212233216e-02
3.243114331919582510e-02
3.869517035769521468e-02
4.611920240332413601e-02
4.983121842613859320e-02
5.702324947034160402e-02
6.908730154448858296e-02
7.651133359011749735e-02
8.996739167281987692e-02
1.022634447483927456e-01
1.187355158496318785e-01
1.396156059779631864e-01
1.609596981091462875e-01
1.941358413130504779e-01
2.117679174214191495e-01
2.280079875212324136e-01
2.331120095526022784e-01
2.416960466053607037e-01
2.458720646310269820e-01
2.454837573896231362e-01
2.459477593924749295e-01
2.459477593924749295e-01
2.459477593924749295e-01
2.459477593924749295e-01
2.933217538063667695e-01
2.933217538063667695e-01
2.933217538063667695e-01
2.933217538063667695e-01
2.899252580684136826e-01
2.899252580684136826e-01
2.899252580684136826e-01
2.899252580684136826e-01
2.874932111799964884e-01
2.874932111799964884e-01
2.874932111799964884e-01
2.874932111799964884e-01
2.867972081757187985e-01
2.849412001643115699e-01
2.812291841414971127e-01
2.733411500930164051e-01
2.629011050288507234e-01
2.403970078905380836e-01
2.250849417964284616e-01
2.079168676909116109e-01
2.009568376481345175e-01
1.837887635426176669e-01
1.610526654028791582e-01
8.495633693518284124e-02
4.505216468992745416e-02
2.759714147280920016e-04
-2.570814074497309101e-02
-1.180445393124826547e-01
-2.707011982507270820e-01
-3.549175617683300032e-01
-4.416859363016178985e-01
-5.293823148406093804e-01
-6.196307043952857807e-01
-7.913114454504542872e-01
-9.105599601833684886e-01
-1.010320390796507040e+00
-1.039552516976170793e+00
-1.068088640151557023e+00
-1.180609125843119944e+00
-1.217497285069838453e+00
-1.234665359175355359e+00
-1.275497535426314277e+00
-1.286401582493331919e+00
-1.287561587500461346e+00
-1.288257590504739092e+00
-1.288257590504739092e+00
-1.288257590504739092e+00
-1.288257590504739092e+00
-1.288025589503313251e+00
-1.287561587500461568e+00
-1.287329586499035727e+00
-1.287097585497609886e+00
-1.285009576484776650e+00
-1.275729536427740562e+00
-1.271321517400648471e+00
-1.270625514396370725e+00
-1.268537505383537489e+00
-1.263897485355019334e+00
-1.262969481349315748e+00
-1.262737480347889685e+00
-1.259257465326501180e+00
-1.256241452307964357e+00
-1.251601432279446202e+00
-1.246265409246650524e+00
-1.245337405240946937e+00
-1.246729411249502428e+00
-1.247889416256632078e+00
-1.244177400233817510e+00
-1.242321392222410337e+00
-1.240465384211003164e+00
-1.240929386213855068e+00
-1.243481397229539986e+00
-1.243945399232391669e+00
-1.248585419260909823e+00
-1.255545449303686834e+00
-1.263201482350741589e+00
-1.271321517400648249e+00
-1.291737605526127597e+00
-1.312153693651606945e+00
-1.332337780775660452e+00
-1.338601807814159939e+00
-1.345793838858362790e+00
-1.349969856884029040e+00
-1.356233883922528305e+00
-1.355769881919676623e+00
-1.351361862892584531e+00
-1.343473828844103712e+00
-1.338601807814159717e+00
-1.333497785782789880e+00
-1.326769756741438711e+00
-1.324681747728605474e+00
-1.316561712678699037e+00
-1.310065684638773931e+00
-1.300553643580312002e+00
-1.288257590504739092e+00
-1.275497535426314499e+00
-1.262041477343612161e+00
-1.239305379203873736e+00
-1.223993313109764003e+00
-1.207521242008524842e+00
-1.202649220978580846e+00
-1.195225188932951932e+00
-1.189889165900156254e+00
-1.179217119834564453e+00
-1.175969105814601789e+00
-1.174809100807472362e+00
-1.175737104813175948e+00
-1.177825113826009185e+00
-1.180145123840268040e+00
-1.191049170907285459e+00
-1.204273227988561956e+00
-1.222833308102634131e+00
-1.229793338145411141e+00
-1.258561462322223212e+00
-1.271321517400648027e+00
-1.285009576484776206e+00
-1.299857640576033813e+00
-1.306817670618810823e+00
-1.312849696655884468e+00
-1.317257715682976560e+00
-1.320737730704365065e+00
-1.324217745725753792e+00
-1.325609751734309283e+00
-1.323985744724327951e+00
-1.323753743722902110e+00
-1.322825739717198523e+00
-1.314937705668717705e+00
-1.303569656598848381e+00
-1.298697635568904385e+00
-1.285241577486202047e+00
-1.271089516399221964e+00
-1.247657415255205793e+00
-1.240001382208150815e+00
-1.231185344153966410e+00
-1.219585294082671245e+00
-1.201953217974302435e+00
-1.179681121837415692e+00
-1.134904928562216142e+00
-1.107296809392533499e+00
-1.088504728277035261e+00
-1.082936704242813519e+00
-1.073424663184351591e+00
-1.061592612111630585e+00
-1.060896609107352839e+00
-1.060664608105926776e+00
-1.059968605101649253e+00
-1.059968605101649253e+00
-1.059968605101649253e+00
-9.628335731199755276e-01
-9.628335731199755276e-01
-9.628335731199755276e-01
-8.868248318388153306e-01
-8.868248318388153306e-01
-8.868248318388153306e-01
-8.868248318388153306e-01
-8.868248318388153306e-01
-8.569057993075661628e-01
-8.569057993075661628e-01
-8.569057993075661628e-01
-8.569057993075661628e-01
-8.569057993075661628e-01
-8.576018023118439082e-01
-8.589938083203993990e-01
-8.620098213389361108e-01
-8.787138934416011127e-01
-8.877619324972113590e-01
-9.016819925827656013e-01
-9.167620576754492712e-01
-9.227940837125228057e-01
-9.374101468023546824e-01
-9.564342289192787616e-01
-1.023018516328513039e+00
-1.057354664539546851e+00
-1.097026835783376342e+00
-1.137395010031483578e+00
-1.179155190288146082e+00
-1.221611373549086554e+00
-1.263603554807175122e+00
-1.352691939354722095e+00
-1.397932134632773327e+00
-1.411620193716901728e+00
-1.434356291856640375e+00
-1.444100333916528367e+00
-1.445492339925083858e+00
-1.445724340926509699e+00
-1.445260338923658017e+00
-1.445260338923658017e+00
-1.445260338923658017e+00
-1.445028337922232176e+00
-1.444564335919380493e+00
-1.444564335919380493e+00
-1.444564335919380493e+00
-1.440620318895140084e+00
-1.429252269825270982e+00
-1.420900233773938481e+00
-1.416956216749698072e+00
-1.412548197722605758e+00
-1.410460188709772744e+00
-1.407212174689810080e+00
-1.404660163674125162e+00
-1.403500158666995512e+00
-1.395612124618514693e+00
-1.394684120612810885e+00
-1.395148122615662789e+00
-1.398860138638477135e+00
-1.404428162672698654e+00
-1.409764185705494333e+00
-1.419276226763956261e+00
-1.428788267822418190e+00
-1.434588292858065772e+00
-1.439692314889435609e+00
-1.443636331913675797e+00
-1.455236381984971183e+00
-1.463356417034877621e+00
-1.472868458093339772e+00
-1.493052545217393279e+00
-1.517412650367113036e+00
-1.535044726475481625e+00
-1.564044851653719537e+00
-1.595596987847642367e+00
-1.606269033913233946e+00
-1.635733161094323762e+00
-1.655917248218377491e+00
-1.667749299291098275e+00
-1.670765312309635098e+00
-1.679117348360967377e+00
-1.681669359376652517e+00
-1.678653346358115694e+00
-1.677029339348134362e+00
-1.672853321322468112e+00
-1.664269284269709770e+00
-1.625293116030158025e+00
-1.606037032911807882e+00
-1.584460939779198885e+00
-1.572396887705051816e+00
-1.541540754515406730e+00
-1.503956592284410254e+00
-1.484932510167485953e+00
-1.465676427049136032e+00
-1.447116346935063858e+00
-1.430412274832398856e+00
-1.413940203731159695e+00
-1.373572029483052681e+00
-1.351763935349017842e+00
-1.344803905306240832e+00
-1.327867832202149989e+00
-1.316267782130854824e+00
-1.306755741072392896e+00
-1.304435731058133818e+00
-1.297707702016782427e+00
-1.299563710028189600e+00
-1.309539753089503433e+00
-1.314643775120873270e+00
-1.326243825192168435e+00
-1.355939953374684093e+00
-1.376356041500163441e+00
-1.404196161671271703e+00
-1.422060238781066355e+00
-1.426236256806732605e+00
-1.444564335919378939e+00
-1.446652344932211953e+00
-1.445724340926508145e+00
-1.442476326906545481e+00
-1.442012324903693798e+00
-1.437140303873750025e+00
-1.432964285848083774e+00
-1.425076251799602955e+00
-1.416260213745418550e+00
-1.415100208738289123e+00
-1.414404205734011599e+00
-1.407908177694086271e+00
-1.402572154661290371e+00
-1.397236131628494693e+00
-1.396540128624217170e+00
-1.397004130627069074e+00
-1.398628137637050406e+00
-1.401412149654161388e+00
-1.402108152658439133e+00
-1.402572154661290815e+00
-1.403732159668420243e+00
-1.406516171685531003e+00
-1.408140178695512335e+00
-1.408140178695512557e+00
-1.410460188709771412e+00
-1.412084195719752744e+00
-1.417884220755400326e+00
-1.424148247793899813e+00
-1.432036281842380632e+00
-1.446420343930786334e+00
-1.455236381984970739e+00
-1.461268408022044385e+00
-1.462660414030599654e+00
-1.462428413029173813e+00
-1.458252395003507784e+00
-1.454076376977841312e+00
-1.449204355947897316e+00
-1.444332334917953320e+00
-1.439460313888009324e+00
-1.436212299868046660e+00
-1.433196286849510059e+00
-1.427860263816714159e+00
-1.421364235776788831e+00
-1.418116221756826167e+00
-1.408372179696938176e+00
-1.389812099582866001e+00
-1.373804030484478744e+00
-1.355939953374684093e+00
-1.340627887280574360e+00
-1.328331834205001449e+00
-1.311859763103762511e+00
-1.300027712031041505e+00
-1.284019642932654248e+00
-1.278451618898432507e+00
-1.268475575837118674e+00
-1.265691563820007914e+00
-1.265227561817156010e+00
-1.264995560815730169e+00
-1.264299557811452424e+00
-1.263371553805748837e+00
-1.263371553805748837e+00
-1.469590212652408079e+00
-1.469590212652408079e+00
-1.469590212652408079e+00
-1.469590212652408079e+00
-1.471050382042518256e+00
-1.471050382042518256e+00
-1.471050382042518256e+00
-1.471050382042518256e+00
-1.471050382042518256e+00
-1.468155505451877119e+00
-1.468155505451877119e+00
-1.468155505451877119e+00
-1.468851508456154864e+00
-1.469779512461858451e+00
-1.473723529486098638e+00
-1.488803594578782308e+00
-1.496923629628688968e+00
-1.505507666681447532e+00
-1.513395700729928350e+00
-1.516643714749891014e+00
-1.515715710744187428e+00
-1.515947711745613269e+00
-1.516411713748465173e+00
-1.516411713748465173e+00
-1.516411713748465173e+00
-1.516411713748465173e+00
-1.516411713748465173e+00
-1.516411713748465173e+00
-1.514091703734206096e+00
-1.509219682704262100e+00
-1.505275665680021691e+00
-1.492979612604449002e+00
-1.484627576553116501e+00
-1.482539567540283487e+00
-1.480451558527450473e+00
-1.478131548513191618e+00
-1.476739542504636127e+00
-1.473955530487525367e+00
-1.473027526481821781e+00
-1.473027526481821781e+00
-1.472099522476117972e+00
-1.471171518470414163e+00
-1.470939517468988100e+00
-1.468619507454729245e+00
-1.465139492433340518e+00
-1.459803469400544618e+00
-1.457947461389137445e+00
-1.456555455380581954e+00
-1.456091453377730049e+00
-1.456091453377730049e+00
-1.460267471403396300e+00
-1.477899547511764666e+00
-1.482539567540282821e+00
-1.491587606595893067e+00
-1.498083634635818395e+00
-1.512235695722798701e+00
-1.539843814892481122e+00
-1.560027902016534629e+00
-1.582299998153421594e+00
-1.602484085277475323e+00
-1.622668172401529052e+00
-1.663964350655339874e+00
-1.672084385705246534e+00
-1.676724405733764689e+00
-1.681364425762282844e+00
-1.687164450797930426e+00
-1.689020458809337599e+00
-1.681828427765134970e+00
-1.674172394718080215e+00
-1.666516361671025459e+00
-1.663268347651062795e+00
-1.655148312601156135e+00
-1.641692254518453797e+00
-1.633108217465695455e+00
-1.624524180412937113e+00
-1.615940143360178771e+00
-1.606660103303142684e+00
-1.576731974119201185e+00
-1.563507917037924688e+00
-1.553299872975185014e+00
-1.547499847939537432e+00
-1.543555830915297022e+00
-1.532883784849705444e+00
-1.528011763819761448e+00
-1.524067746795521039e+00
-1.523139742789817452e+00
-1.524067746795521039e+00
-1.526387756809779894e+00
-1.527779762818335385e+00
-1.524299747796946880e+00
-1.517107716752743807e+00
-1.502955655665763723e+00
-1.489731598584487449e+00
-1.473723529486100192e+00
-1.463051483420508836e+00
-1.454931448370602176e+00
-1.447043414322121579e+00
-1.437995375266511333e+00
-1.427787331203771659e+00
-1.419667296153864999e+00
-1.413635270116791576e+00
-1.410851258099680816e+00
-1.415491278128198971e+00
-1.425467321189512804e+00
-1.429411338213753213e+00
-1.438227376267937396e+00
-1.461891478413379630e+00
-1.476507541503211618e+00
-1.502259652661486866e+00
-1.524531748798373609e+00
-1.547499847939538098e+00
-1.563971919040777259e+00
-1.582764000156275497e+00
-1.591348037209033839e+00
-1.606196101300291446e+00
-1.624524180412937779e+00
-1.628468197437178189e+00
-1.635660228481381262e+00
-1.637516236492788435e+00
-1.638212239497066181e+00
-1.632180213459992757e+00
-1.627076191428622920e+00
-1.621508167394401179e+00
-1.612692129340216773e+00
-1.598772069254662531e+00
-1.565595926050758369e+00
-1.541931823905316135e+00
-1.519659727768429391e+00
-1.511771693719948573e+00
-1.494603619614431667e+00
-1.460731473406249759e+00
-1.452147436353491416e+00
-1.447043414322121579e+00
-1.444027401303584757e+00
-1.444027401303584757e+00
-1.444027401303584757e+00
-1.444027401303584757e+00
-1.444027401303584757e+00
-1.444027401303584757e+00
-1.475362865549820990e+00
-1.475362865549820990e+00
-1.475362865549820990e+00
-1.475362865549820990e+00
-1.475362865549820990e+00
-1.435782979221061240e+00
-1.435782979221061240e+00
-1.435782979221061240e+00
-1.435782979221061240e+00
-1.435782979221061240e+00
-1.436014980222487081e+00
-1.437174985229616508e+00
-1.441351003255282759e+00
-1.457127071352243952e+00
-1.468727121423539117e+00
-1.480327171494834282e+00
-1.485663194527629960e+00
-1.502831268633146644e+00
-1.530671388804255129e+00
-1.539951428861291216e+00
-1.556655500963956218e+00
-1.561063519991048310e+00
-1.562223524998177959e+00
-1.562919528002455705e+00
-1.562919528002455705e+00
-1.562919528002455705e+00
-1.562919528002455705e+00
-1.563151529003881546e+00
-1.563151529003881546e+00
-1.562455525999603800e+00
-1.558743509976789232e+00
-1.549927471922604827e+00
-1.543431443882679721e+00
-1.541807436872698389e+00
-1.540647431865568961e+00
-1.540183429862717057e+00
-1.540183429862717057e+00
-1.539023424855587630e+00
-1.536239412838476648e+00
-1.533455400821365888e+00
-1.531831393811384556e+00
-1.531831393811384556e+00
-1.533223399819940047e+00
-1.534615405828495316e+00
-1.533687401822791729e+00
-1.538327421851309662e+00
-1.541807436872698167e+00
-1.544823449891234990e+00
-1.546911458904068004e+00
-1.548535465914049336e+00
-1.550623474926882794e+00
-1.552943484941141650e+00
-1.555727496958252631e+00
-1.557583504969659804e+00
-1.565239538016714560e+00
-1.573823575069473124e+00
-1.590527647172138126e+00
-1.612335741306172965e+00
-1.622079783366060957e+00
-1.632751829431652313e+00
-1.642727872492966146e+00
-1.649919903537169219e+00
-1.664303965625575144e+00
-1.667783980646963871e+00
-1.666391974638408380e+00
-1.664999968629852889e+00
-1.661055951605612480e+00
-1.654791924567112993e+00
-1.646207887514354429e+00
-1.627183805397430350e+00
-1.594703665197803932e+00
-1.574519578073750425e+00
-1.555031493953974442e+00
-1.537399417845605853e+00
-1.522319352752922184e+00
-1.497495245600350744e+00
-1.485663194527629738e+00
-1.482415180507667074e+00
-1.479631168490556314e+00
-1.468959122424964514e+00
-1.468495120422112610e+00
-1.469191123426390355e+00
-1.471511133440649433e+00
-1.477775160479148697e+00
-1.485663194527629294e+00
-1.496103239591795031e+00
-1.508167291665942100e+00
-1.529975385799976939e+00
-1.554335490949696696e+00
-1.577071589089435122e+00
-1.589599643166434095e+00
-1.601895696242007006e+00
-1.613495746313302170e+00
-1.632287827428800409e+00
-1.636927847457318563e+00
-1.637623850461596309e+00
-1.636695846455892722e+00
-1.633215831434504217e+00
-1.627879808401708317e+00
-1.614423750319005979e+00
-1.597951679217766818e+00
-1.591919653180693395e+00
-1.579391599103694421e+00
-1.556423499962529933e+00
-1.542039437874124008e+00
-1.518375335728681774e+00
-1.503991273640275850e+00
-1.490535215557573512e+00
-1.479399167489130251e+00
-1.459679082367928427e+00
-1.452023049320873671e+00
-1.441119002253856252e+00
-1.434854975215356987e+00
-1.426966941166876168e+00
-1.414670888091303258e+00
-1.400286826002897334e+00
-1.386134764915917028e+00
-1.379174734873139796e+00
-1.379174734873139796e+00
-1.377782728864584305e+00
-1.377550727863158242e+00
-1.378478731868862051e+00
-1.379174734873139574e+00
-1.379174734873139574e+00
-1.379174734873139574e+00
-1.385015323772993412e+00
-1.385015323772993412e+00
-1.385015323772993412e+00
-1.385015323772993412e+00
-1.372179019772888253e+00
-1.372179019772888253e+00
-1.372179019772888253e+00
-1.358423588092325662e+00
-1.358423588092325662e+00
-1.358423588092325662e+00
-1.358423588092325662e+00
-1.358423588092325662e+00
-1.358423588092325662e+00
-1.358655589093751503e+00
-1.362135604115140008e+00
-1.373039651182157206e+00
-1.377911672212101202e+00
-1.385567705259155957e+00
-1.390207725287673890e+00
-1.398791762340432454e+00
-1.406911797390339114e+00
-1.420135854471615611e+00
-1.450295984656982951e+00
-1.475120091809554612e+00
-1.499480196959274370e+00
-1.519200282080476194e+00
-1.526160312123253426e+00
-1.525464309118975903e+00
-1.525464309118975903e+00
-1.525464309118975903e+00
-1.525464309118975903e+00
-1.525464309118975903e+00
-1.525464309118975903e+00
-1.525464309118975903e+00
-1.525696310120401744e+00
-1.521752293096161335e+00
-1.518968281079050575e+00
-1.512240252037699406e+00
-1.505744223997774078e+00
-1.505512222996348015e+00
-1.508760237016310679e+00
-1.508064234012032934e+00
-1.506208226000625761e+00
-1.501568205972107606e+00
-1.488576149892257172e+00
-1.480456114842350512e+00
-1.475352092810980453e+00
-1.472336079792443853e+00
-1.470016069778184775e+00
-1.468392062768203443e+00
-1.467000056759647952e+00
-1.462824038733981702e+00
-1.459112022711167134e+00
-1.457720016702611643e+00
-1.453079996674093488e+00
-1.448439976645575333e+00
-1.447743973641297588e+00
-1.446351967632742097e+00
-1.443335954614205274e+00
-1.447279971638445684e+00
-1.461664033726851608e+00
-1.473496084799572614e+00
-1.486256139877997429e+00
-1.499712197960699989e+00
-1.515024264054809500e+00
-1.537528361193122306e+00
-1.572328511407007579e+00
-1.587640577501117090e+00
-1.599936630576690000e+00
-1.608520667629448564e+00
-1.616408701677929383e+00
-1.623368731720706393e+00
-1.616640702679355224e+00
-1.613624689660818401e+00
-1.607128661620892851e+00
-1.600864634582393364e+00
-1.597848621563856542e+00
-1.595064609546745560e+00
-1.589960587515375723e+00
-1.584624564482580045e+00
-1.577896535441228876e+00
-1.560032458331434224e+00
-1.555160437301490228e+00
-1.551448421278675660e+00
-1.548664409261564678e+00
-1.545880397244453919e+00
-1.543792388231620905e+00
-1.538224364197399163e+00
-1.535208351178862340e+00
-1.533584344168881008e+00
-1.523376300106141334e+00
-1.504584218990643096e+00
-1.494840176930755105e+00
-1.487184143883700349e+00
-1.478832107832367848e+00
-1.470944073783887029e+00
-1.465144048748239447e+00
-1.460040026716869388e+00
-1.456328010694054820e+00
-1.442871952611352482e+00
-1.436143923570001313e+00
-1.432663908548612808e+00
-1.432199906545760903e+00
-1.435447920565723567e+00
-1.448903978648425905e+00
-1.455400006688351233e+00
-1.463288040736832052e+00
-1.468392062768201889e+00
-1.491592162910792219e+00
-1.554928436300063943e+00
-1.579520542451209764e+00
-1.603416645598077839e+00
-1.623600732722131568e+00
-1.639840802821944887e+00
-1.658400882936017284e+00
-1.660024889945998616e+00
-1.652600857900369702e+00
-1.641232808830500378e+00
-1.628936755754927468e+00
-1.620120717700743063e+00
-1.612696685655114148e+00
-1.604808651606633552e+00
-1.599704629575263715e+00
-1.593904604539616132e+00
-1.592512598531060641e+00
-1.592512598531060641e+00
-1.592744599532486482e+00
-1.414530848531593055e+00
-1.414530848531593055e+00
-1.414530848531593055e+00
-1.414530848531593055e+00
-1.414530848531593055e+00
-1.493973968381547612e+00
-1.493973968381547612e+00
-1.493973968381547612e+00
-1.536297334322575425e+00
-1.536297334322575425e+00
-1.536297334322575425e+00
-1.536297334322575425e+00
-1.536297334322575425e+00
-1.536297334322575425e+00
-1.536297334322575425e+00
-1.536761336325427107e+00
-1.537921341332556757e+00
-1.539545348342538089e+00
-1.548361386396722494e+00
-1.567385468513646574e+00
-1.574577499557849425e+00
-1.582001531603478339e+00
-1.591977574664792172e+00
-1.614481671803104756e+00
-1.637449770944269245e+00
-1.668305904133914330e+00
-1.727234158496093963e+00
-1.809130511999437863e+00
-1.856922718293174013e+00
-1.939051072797943753e+00
-1.999835335171530559e+00
-2.067347626586468312e+00
-2.218612279516157137e+00
-2.305148653048018748e+00
-2.392845031587010229e+00
-2.476133391098909620e+00
-2.555245732585142981e+00
-2.633662071067098154e+00
-2.771006663911232959e+00
-2.861255053465909803e+00
-2.939207389945013293e+00
-2.961247485080474195e+00
-3.001847660330007272e+00
-3.068199946737815154e+00
-3.086760026851887329e+00
-3.090704043876127738e+00
-3.092096049884683229e+00
-3.092560051887534911e+00
-3.092560051887534911e+00
-3.092560051887534911e+00
-3.092560051887534911e+00
-3.092560051887534911e+00
-3.092560051887534911e+00
-3.090008040871849992e+00
-3.086528025850461709e+00
-3.079335994806259080e+00
-3.075159976780592608e+00
-3.073303968769184991e+00
-3.071447960757777373e+00
-3.069359951744944137e+00
-3.068431947739240773e+00
-3.066575939727833600e+00
-3.066343938726407981e+00
-3.065879936723555854e+00
-3.065647935722129791e+00
-3.065647935722129791e+00
-3.065647935722129791e+00
-3.065647935722129791e+00
-3.065647935722129791e+00
-3.065647935722129791e+00
-3.065647935722129791e+00
-3.065647935722129791e+00
-3.065647935722129791e+00
-3.065647935722129791e+00
-3.065647935722129791e+00
-3.065647935722129791e+00
-3.065647935722129791e+00
-3.065647935722129791e+00
-3.065647935722129791e+00
-3.065647935722129791e+00
-3.065647935722129791e+00
-3.065647935722129791e+00
-3.065647935722129791e+00
-3.065647935722129791e+00
-3.065647935722129791e+00
-3.065647935722129791e+00
-3.065647935722129791e+00
-3.065647935722129791e+00
-3.065647935722129791e+00
-3.065647935722129791e+00
-3.065647935722129791e+00
-3.065647935722129791e+00
-3.065647935722129791e+00
-3.065647935722129791e+00
-3.065647935722129791e+00
-3.065647935722129791e+00
-3.065647935722129791e+00
-3.065647935722129791e+00
-3.066111937724981917e+00
-3.066807940729259663e+00
-3.064487930715000807e+00
-3.062863923705019698e+00
-3.058455904677927606e+00
-3.056831897667946052e+00
-3.055903893662242243e+00
-3.056367895665093926e+00
-3.056599896666519989e+00
-3.054511887653686752e+00
-3.051959876638001834e+00
-3.048711862618039614e+00
-3.045463848598076950e+00
-3.040823828569559240e+00
-3.032703793519652802e+00
-3.026439766481153537e+00
-3.021103743448357637e+00
-3.011359701388469645e+00
-3.006255679357099808e+00
-3.006023678355673745e+00
-3.008575689371358663e+00
-3.009967695379914154e+00
-3.019015734435524401e+00
-3.021103743448357637e+00
-3.025511762475449729e+00
-3.031079786509671692e+00
-3.035023803533912101e+00
-3.038967820558152511e+00
-3.044767845593800093e+00
-3.051959876638002722e+00
-3.055439891659391449e+00
-3.059615909685057922e+00
-3.064951932717853378e+00
-3.069823953747797152e+00
-3.087456029856165518e+00
-3.094880061901794654e+00
-3.099752082931738872e+00
-3.101608090943146046e+00
-3.100448085936016174e+00
-3.097896074920331255e+00
-3.095576064906071956e+00
-3.093952057896090402e+00
-3.089544038868998310e+00
-3.088616034863294502e+00
-3.089776039870423929e+00
-3.099520081930311921e+00
-3.103232097953126267e+00
-3.105320106965959503e+00
-3.107176114977366677e+00
-3.114600147022995369e+00
-3.124808191085735043e+00
-3.128288206107123326e+00
-3.131304219125659927e+00
-3.134552233145622591e+00
-3.138496250169863000e+00
3.139817035979779014e+00
3.132625004935576385e+00
3.126824979899928802e+00
3.119632948855725729e+00
3.121256955865707283e+00
3.124040967882818265e+00
3.125664974892799375e+00
3.133321007939854130e+00
-3.132232223131363291e+00
-3.120632173060068126e+00
-3.108336119984495216e+00
-3.097664073918903860e+00
-3.089312037867571359e+00
-3.076319981787720703e+00
-3.064023928712147793e+00
-3.056135894663666974e+00
-3.050567870629445455e+00
-3.046623853605205046e+00
-3.042911837582390699e+00
-3.035023803533909881e+00
-3.030383783505391726e+00
-3.030151782503965663e+00
-3.032703793519650581e+00
-3.038503818555298164e+00
-3.043839841588094064e+00
-3.046159851602352919e+00
-3.050567870629445455e+00
-3.055671892660815292e+00
-3.061935919699314557e+00
-3.071215959756350422e+00
-3.075159976780590831e+00
-3.064951932717851157e+00
-3.054279886652259801e+00
-3.046391852603778982e+00
-3.040591827568131400e+00
-3.034791802532483818e+00
-3.032471792518224962e+00
-3.032703793519651025e+00
-3.033631797525354390e+00
-3.081701973313209830e+00
-3.081237971310358148e+00
-3.081005970308932085e+00
-3.081005970308932085e+00
-3.078733032648675927e+00
-3.078733032648675927e+00
-3.078733032648675927e+00
-3.078733032648675927e+00
-3.064320594972139489e+00
-3.064320594972139489e+00
-3.064320594972139489e+00
-3.064320594972139489e+00
-3.064320594972139489e+00
-3.064320594972139489e+00
-3.035856749634588958e+00
-3.035856749634588958e+00
-3.035856749634588958e+00
-3.035856749634588958e+00
-3.035856749634588958e+00
-3.039336764655977685e+00
-3.045368790693051331e+00
-3.057664843768624241e+00
-3.066480881822808868e+00
-3.074136914869863624e+00
-3.089216979962547516e+00
-3.101513033038120426e+00
-3.117521102136507682e+00
-3.137705189260560967e+00
3.101863929650955143e+00
3.046879692313015919e+00
3.006511518064908906e+00
2.936215214632860171e+00
2.854318861129516272e+00
2.824854733948426677e+00
2.762446464564858761e+00
2.638325928802000675e+00
2.550861551264434812e+00
2.495645312925069970e+00
2.444837093612797219e+00
2.398668894329042622e+00
2.356444712069528435e+00
2.319788553844235768e+00
2.259236292472075469e+00
2.220028123231097883e+00
2.202396047122729072e+00
2.202628048124155136e+00
2.201932045119877390e+00
2.202396047122729517e+00
2.202396047122729517e+00
2.202396047122729517e+00
2.202396047122729517e+00
2.202396047122729517e+00
2.202628048124155580e+00
2.203092050127007706e+00
2.203092050127007706e+00
2.207500069154099798e+00
2.213996097194025126e+00
2.221420129239653818e+00
2.223972140255338736e+00
2.224204141256764800e+00
2.224204141256764800e+00
2.227452155276727463e+00
2.231860174303819555e+00
2.238124201342318376e+00
2.242300219367984404e+00
2.243460224375113832e+00
2.244852230383669323e+00
2.249492250412187033e+00
2.251348258423594650e+00
2.254132270440706076e+00
2.258308288466372549e+00
2.259700294474928040e+00
2.261092300483483530e+00
2.267820329524834477e+00
2.270372340540519396e+00
2.274316357564759805e+00
2.279652380597555705e+00
2.281276387607537259e+00
2.285684406634629351e+00
2.291020429667425251e+00
2.297516457707350135e+00
2.293340439681684106e+00
2.284988403630351605e+00
2.279188378594704023e+00
2.257380284460669184e+00
2.221884131242505944e+00
2.204020054132711515e+00
2.187315982030046513e+00
2.173627922945918112e+00
2.163883880886030120e+00
2.154371839827568191e+00
2.154371839827568191e+00
2.162259873876049010e+00
2.165043885893159992e+00
2.173395921944492493e+00
2.183835967008658230e+00
2.198452030098489995e+00
2.203556052129859832e+00
2.208428073159803606e+00
2.223508138252487054e+00
2.225596147265320290e+00
2.226060149268171973e+00
2.223044136249634928e+00
2.209820079168358209e+00
2.201004041114174026e+00
2.191492000055712097e+00
2.176179933961602586e+00
2.168291899913121767e+00
2.162027872874622503e+00
2.156459848840400984e+00
2.150427822803327338e+00
2.139059773733457792e+00
2.129547732674995864e+00
2.121195696623662919e+00
2.114699668583738035e+00
2.114003665579460289e+00
2.115627672589441399e+00
2.118875686609404063e+00
2.126299718655032756e+00
2.133027747696383702e+00
2.139523775736308586e+00
2.141379783747715759e+00
2.146251804777659533e+00
2.153211834820436543e+00
2.179195946980138299e+00
2.191492000055711209e+00
2.203556052129858500e+00
2.215156102201153665e+00
2.225828148266745021e+00
2.236036192329484695e+00
2.259700294474927151e+00
2.280348383601832563e+00
2.300532470725885847e+00
2.306332495761533430e+00
2.314684531812866375e+00
2.312132520797181456e+00
2.305636492757256129e+00
2.300532470725886292e+00
2.294268443687387027e+00
2.287540414646035636e+00
2.281276387607536371e+00
2.274780359567611043e+00
2.259932295476353659e+00
2.247636242400780748e+00
2.234876187322355712e+00
2.230700169296689239e+00
2.213532095191172111e+00
2.204948058138413547e+00
2.195900019082803301e+00
2.186851980027193054e+00
2.171539913933083543e+00
2.155067842831844604e+00
2.142307787753420012e+00
2.136739763719198493e+00
2.134883755707791320e+00
2.135347757710643002e+00
2.137899768726327920e+00
2.141843785750568330e+00
2.145787802774808739e+00
2.151123825807604639e+00
2.163187877881751930e+00
2.180123950985842551e+00
2.197524026092785299e+00
2.215388103202579728e+00
2.244388228380818084e+00
2.274084356563333298e+00
2.288236417650313381e+00
2.301228473730164037e+00
2.310740514788626410e+00
2.316540539824273992e+00
2.320020554845662275e+00
2.320252555847088338e+00
2.299253164660156834e+00
2.299253164660156834e+00
2.299253164660156834e+00
2.299253164660156834e+00
2.335207592435448287e+00
2.335207592435448287e+00
2.335207592435448287e+00
2.335207592435448287e+00
2.335207592435448287e+00
2.335207592435448287e+00
2.355743249500815040e+00
2.355743249500815040e+00
2.355743249500815040e+00
2.355743249500815040e+00
2.355511248499388977e+00
2.354119242490833486e+00
2.347855215452334221e+00
2.334863159372483565e+00
2.330919142348243156e+00
2.325119117312595574e+00
2.318855090274096309e+00
2.309575050217059999e+00
2.299135005152894262e+00
2.293566981118672743e+00
2.239974749789289454e+00
2.209350617601069988e+00
2.176870477401443349e+00
2.161094409304481712e+00
2.129310272109132818e+00
2.049501927618622155e+00
2.017717790423273261e+00
2.001941722326311623e+00
1.959253538063945532e+00
1.913781341784468459e+00
1.904269300726006309e+00
1.904037299724580246e+00
1.904965303730283832e+00
1.905429305733135736e+00
1.905661306734561578e+00
1.905661306734561578e+00
1.905661306734561578e+00
1.905661306734561578e+00
1.905661306734561578e+00
1.906589310740265164e+00
1.917261356805856742e+00
1.923061381841504325e+00
1.926773397864318893e+00
1.927237399867170797e+00
1.928629405875726288e+00
1.933733427907096125e+00
1.935589435918503298e+00
1.939069450939891803e+00
1.939069450939891803e+00
1.942085463958428626e+00
1.944637474974113545e+00
1.947653487992650367e+00
1.950901502012613031e+00
1.955773523042557249e+00
1.965285564101019178e+00
1.974797605159481328e+00
1.981293633199406656e+00
1.984077645216517638e+00
1.986629656232202557e+00
1.988021662240758047e+00
1.990573673256442966e+00
1.995445694286387184e+00
1.998229706303498165e+00
2.000317715316331402e+00
2.000085714314905339e+00
1.997533703299220420e+00
1.991269676260721155e+00
1.988949666246462300e+00
1.983381642212240559e+00
1.973869601153778408e+00
1.963661557091038734e+00
1.947885488994077319e+00
1.933037424902819490e+00
1.928397404874301335e+00
1.914709345790172934e+00
1.906589310740266274e+00
1.905661306734562688e+00
1.907517314745969861e+00
1.910301326763080620e+00
1.910069325761654779e+00
1.903805298723155515e+00
1.890813242643305081e+00
1.883157209596250325e+00
1.874109170540640079e+00
1.864829130483603992e+00
1.857637099439400918e+00
1.839541021328180648e+00
1.830956984275422084e+00
1.823068950226941265e+00
1.814020911171331019e+00
1.807756884132831532e+00
1.801724858095758108e+00
1.796156834061536589e+00
1.791052812030166752e+00
1.786180791000222756e+00
1.788964803017333738e+00
1.793836824047277734e+00
1.795924833060110970e+00
1.803116864104314043e+00
1.812164903159924290e+00
1.825620961242626628e+00
1.846965053373809340e+00
1.857173097436549014e+00
1.868077144503566434e+00
1.879445193573435757e+00
1.891277244646156985e+00
1.904501301727433482e+00
1.929789410882857048e+00
1.934893432914226885e+00
1.936517439924208217e+00
1.937677444931337645e+00
1.933965428908523299e+00
1.929789410882857048e+00
1.927933402871449875e+00
1.923989385847209466e+00
1.920973372828672865e+00
1.919349365818691311e+00
1.918653362814413565e+00
1.911925333773062397e+00
1.907053312743118401e+00
1.901485288708896881e+00
1.895917264674675362e+00
1.892437249653286857e+00
1.901485288708897103e+00
1.924685388851487433e+00
1.930021411884283333e+00
1.933733427907097902e+00
1.939069450939893580e+00
1.946261481984096431e+00
1.954381517034003091e+00
1.960181542069650895e+00
1.960181542069650895e+00
1.960413543071076736e+00
1.960413543071076736e+00
1.960413543071076736e+00
1.960413543071076736e+00
1.960413543071076736e+00
1.960413543071076736e+00
1.960413543071076736e+00
1.960413543071076736e+00
1.960413543071076736e+00
1.960413543071076736e+00
1.960413543071076736e+00
1.960413543071076736e+00
1.960413543071076736e+00
1.960413543071076736e+00
