-4.825088944226704868e+00
-4.825088944226704868e+00
-4.825110689087614979e+00
-4.825197693113422837e+00
-4.825393595656793266e+00
-4.825676915285662893e+00
-4.826551190955105319e+00
-4.827648816256828290e+00
-4.828001042771846052e+00
-4.830827313569793446e+00
-4.832839582744398399e+00
-4.835626858994469757e+00
-4.837242196237888869e+00
-4.843125626610768286e+00
-4.852221372331706917e+00
-4.857650237979205698e+00
-4.863280205685037494e+00
-4.869308831260828363e+00
-4.879114572409850581e+00
-4.889961494235418371e+00
-4.893870466668088781e+00
-4.914861375092705487e+00
-4.924488901143014630e+00
-4.934570838766079603e+00
-4.945260623264291056e+00
-4.956626528360865258e+00
-4.968521353796024442e+00
-4.987107240948642328e+00
-4.999834125984174094e+00
-5.033626286338485301e+00
-5.047872365667587680e+00
-5.062833667590891373e+00
-5.070370726477301915e+00
-5.093410990982553344e+00
-5.125717337442026178e+00
-5.133930021133037869e+00
-5.158336496263608240e+00
-5.191067663101916807e+00
-5.207789576657362751e+00
-5.224109472219353734e+00
-5.240089258716857046e+00
-5.264278355965258172e+00
-5.287929218392705799e+00
-5.303432197679934568e+00
-5.327329156158602252e+00
-5.350503955066355566e+00
-5.358131114287420615e+00
-5.388804287072813004e+00
-5.403776210972594640e+00
-5.418936292535843080e+00
-5.434404959347782338e+00
-5.449801169037574944e+00
-5.472218085264672460e+00
-5.501098198754394986e+00
-5.516302069049776158e+00
-5.530027266516971629e+00
-5.543301886661994970e+00
-5.556647364989491855e+00
-5.570160975785591440e+00
-5.597710248856890836e+00
-5.619040802209735119e+00
-5.640110215461088039e+00
-5.646574976921918676e+00
-5.665701025136574920e+00
-5.685334069015303804e+00
-5.703901714862994687e+00
-5.709995507146709670e+00
-5.715981457324395443e+00
-5.744236629861296350e+00
-5.758490394010707725e+00
-5.762874579149939613e+00
-5.779181463293546095e+00
-5.786884533538583675e+00
-5.794517036288111100e+00
-5.798262461046211236e+00
-5.812295527158792829e+00
-5.821194117623861963e+00
-5.827834011585967922e+00
-5.829295047314239753e+00
-5.831007572527342475e+00
-5.831487033354279426e+00
-5.831669696213612752e+00
-5.781754077253543400e+00
-5.781754077253543400e+00
-5.781754077253543400e+00
-5.805411410427157470e+00
-5.805411410427157470e+00
-5.805411410427157470e+00
-5.805411410427157470e+00
-5.813911232688146136e+00
-5.813911232688146136e+00
-5.813911232688146136e+00
-5.813911232688146136e+00
-5.838100769721282113e+00
-5.838100769721282113e+00
-5.836313404149256812e+00
-5.836351159164258284e+00
-5.836351159164258284e+00
-5.836351159164258284e+00
-5.836370034916745553e+00
-5.836861740121929820e+00
-5.837506937742601210e+00
-5.838613152267670969e+00
-5.840262640584511722e+00
-5.841648338491514103e+00
-5.844383656453299380e+00
-5.847575833522490107e+00
-5.848825022135485163e+00
-5.855149289921943279e+00
-5.859066647636863578e+00
-5.863290559304793703e+00
-5.868052463909494421e+00
-5.876101136844678940e+00
-5.885114560707669362e+00
-5.895251681801719101e+00
-5.902568876781178808e+00
-5.910560324310565328e+00
-5.919078845454033733e+00
-5.932741386955444618e+00
-5.947368744927823414e+00
-5.957702270864915661e+00
-5.974161591005993976e+00
-5.991566104891974831e+00
-5.997593005554569423e+00
-6.022585881163810662e+00
-6.035441889766081758e+00
-6.048548124255710867e+00
-6.061942595973120795e+00
-6.075679932579551412e+00
-6.089515975551852200e+00
-6.124167761235992380e+00
-6.138444800431214432e+00
-6.152933539354837222e+00
-6.160251665773672336e+00
-6.182693791843613340e+00
-6.212316324286178748e+00
-6.226733815081679779e+00
-6.241152083345047785e+00
-6.255535608557330818e+00
-6.270071549897187069e+00
-6.298750457797614111e+00
-6.319671959360006142e+00
-6.338946006031184410e+00
-6.345153453102170715e+00
-6.357842336960506380e+00
-6.370821669331434123e+00
-6.402444490920927045e+00
-6.415179813215211801e+00
-6.427658837132890213e+00
-6.440240502522662780e+00
-6.453041197510319016e+00
-6.465893666962451825e+00
-6.491206896794394332e+00
-6.497413518097504337e+00
-6.528615601898039245e+00
-6.541144945591653048e+00
-6.553549404495525366e+00
-6.565713572799283249e+00
-6.577783738467445573e+00
-6.590043302327382335e+00
-6.615714152756214439e+00
-6.615714152756214439e+00
-6.645211160505243519e+00
-6.662693679968178628e+00
-6.680234967497766796e+00
-6.685780860469590969e+00
-6.696606778493721990e+00
-6.707099884486262376e+00
-6.727640501060257350e+00
-6.741687492292816941e+00
-6.754449831340210153e+00
-6.758541997716612570e+00
-6.774527809787539212e+00
-6.781797834403650249e+00
-6.788369979872487470e+00
-6.794128591970245878e+00
-6.798501767423647202e+00
-6.801176417243643968e+00
-6.824177630603084133e+00
-6.823813089810016663e+00
-6.823831291195295634e+00
-6.823776631671547577e+00
-6.835891775227367795e+00
-6.835891775227367795e+00
-6.835891775227367795e+00
-6.835891775227367795e+00
-6.837467361553638767e+00
-6.837467361553638767e+00
-6.837467361553638767e+00
-6.837467361553638767e+00
-6.835838040238622959e+00
-6.835838040238622959e+00
-6.835838040238622959e+00
-6.840581942712770314e+00
-6.840581942712770314e+00
-6.840581942712770314e+00
-6.840581942712770314e+00
-6.840664466906632768e+00
-6.840808900364297784e+00
-6.841097620610618435e+00
-6.842247489389940540e+00
-6.842615862456789877e+00
-6.844026230828077040e+00
-6.847539591758052602e+00
-6.850280162803550787e+00
-6.853432493212594068e+00
-6.856931104416834621e+00
-6.861143534975197689e+00
-6.868817168824911334e+00
-6.880263395981618402e+00
-6.886799755143821145e+00
-6.893784532391530107e+00
-6.901052409648777974e+00
-6.908810198458071206e+00
-6.921825161775498003e+00
-6.941049672350091626e+00
-6.951543473620165337e+00
-6.962329899282329926e+00
-6.973438686249267882e+00
-6.984919038231454991e+00
-7.002516282828560534e+00
-7.028540649457311495e+00
-7.042415186786981529e+00
-7.056671647082223942e+00
-7.071157504796126148e+00
-7.086196016972898803e+00
-7.101605781587701394e+00
-7.140691376377758637e+00
-7.156538912596801083e+00
-7.172508874278662461e+00
-7.188177031461694177e+00
-7.203937396251126835e+00
-7.219484171044635801e+00
-7.247371212339539959e+00
-7.259764751642817870e+00
-7.276133528772984249e+00
-7.291077204901519337e+00
-7.300007557070841813e+00
-7.310736733510718288e+00
-7.318115495344494015e+00
-7.319758029543168121e+00
-7.321865867790121385e+00
-7.323110001753686760e+00
-7.275185340487991148e+00
-7.275205563208949400e+00
-7.275124653850534528e+00
-7.275124653850534528e+00
-7.275124653850534528e+00
-7.275124653850534528e+00
-7.293457268314785580e+00
-7.293457268314785580e+00
-7.293457268314785580e+00
-7.293457268314785580e+00
-7.300793318933119558e+00
-7.300793318933119558e+00
-7.304681209934057229e+00
-7.308160823263566641e+00
-7.308160823263566641e+00
-7.308160823263566641e+00
-7.308160823263566641e+00
-7.308180858845306993e+00
-7.308240984457593292e+00
-7.309508913695224486e+00
-7.310115492097785328e+00
-7.310946480008788662e+00
-7.311962526384442995e+00
-7.313449715887699654e+00
-7.318142664465388414e+00
-7.323341566620638510e+00
-7.329563428913780321e+00
-7.331953308078110076e+00
-7.337148128103785361e+00
-7.342761008514039567e+00
-7.352801517433952938e+00
-7.367646839582211449e+00
-7.375576527979864849e+00
-7.383468261797800913e+00
-7.391755148141650800e+00
-7.400943474469804606e+00
-7.415552083272427986e+00
-7.425179709153653107e+00
-7.439825654077895756e+00
-7.461681339542869829e+00
-7.472973393651432872e+00
-7.484929806093067128e+00
-7.497488888640454263e+00
-7.510351480175490479e+00
-7.529705789537985972e+00
-7.542674629320369917e+00
-7.574745717983299542e+00
-7.586930313447782126e+00
-7.598907931535404892e+00
-7.610353040553771820e+00
-7.622026352674576621e+00
-7.634025450811487090e+00
-7.657790455424781761e+00
-7.675680776155314078e+00
-7.693290757318246520e+00
-7.699533619937175999e+00
-7.718610283747739942e+00
-7.737269236993005173e+00
-7.749660370677347920e+00
-7.768067868559597855e+00
-7.780766280355209119e+00
-7.793592412181727269e+00
-7.806517589549403446e+00
-7.832827348913505183e+00
-7.846417013941508145e+00
-7.860144015037693777e+00
-7.880725785611273793e+00
-7.902611221673049968e+00
-7.916878304570804659e+00
-7.937141861174911384e+00
-7.957732823372931641e+00
-7.964877084076031899e+00
-7.979685387304944477e+00
-7.994169066558089121e+00
-8.021906615146340513e+00
-8.042903413492862086e+00
-8.064541451123007576e+00
-8.071538160953126706e+00
-8.084947033955447893e+00
-8.111640500152333288e+00
-8.125571600206130896e+00
-8.138811706439826210e+00
-8.157518096306466404e+00
-8.176427198257576023e+00
-8.188979497087334636e+00
-8.206416672221816810e+00
-8.222391605848914153e+00
-8.227383222103318516e+00
-8.241473800204916600e+00
-8.254861230793222759e+00
-8.263494897436634901e+00
-8.272361936048330477e+00
-8.281310270237407067e+00
-8.293752817688735846e+00
-8.308093079647262513e+00
-8.313781773586251589e+00
-8.317681271139170107e+00
-8.319753239679844370e+00
-8.222762519061713959e+00
-8.222298664521801470e+00
-8.222235442023684726e+00
-8.222172260934122789e+00
-8.232520495734060972e+00
-8.232520495734060972e+00
-8.232520495734060972e+00
-8.232520495734060972e+00
-8.231493439307959292e+00
-8.231493439307959292e+00
-8.231493439307959292e+00
-8.231493439307959292e+00
-8.231493439307959292e+00
-8.240841236716194729e+00
-8.240841236716194729e+00
-8.242657924420424109e+00
-8.242657924420424109e+00
-8.242657924420424109e+00
-8.242658711666145166e+00
-8.242662984601105691e+00
-8.242674678183121273e+00
-8.242694088220369864e+00
-8.242720312954308071e+00
-8.242777087044512285e+00
-8.242922378952149742e+00
-8.243124341332721983e+00
-8.243309474965940353e+00
-8.243530508356375464e+00
-8.243787342412201014e+00
-8.244095457021591855e+00
-8.244863440151092959e+00
-8.245322804910736991e+00
-8.245820737396407196e+00
-8.246661841178950070e+00
-8.247698342492677526e+00
-8.248482320146246494e+00
-8.249754294575904368e+00
-8.251236586537130435e+00
-8.251802174247202970e+00
-8.252992278578936691e+00
-8.255535744417947797e+00
-8.256851594433198827e+00
-8.258228601285519943e+00
-8.260299050626624506e+00
-8.262148833959946259e+00
-8.263836195710116073e+00
-8.264746638842970228e+00
-8.265333086027867537e+00
-8.265570092781377554e+00
-8.265438782418879526e+00
-8.264516972430207886e+00
-8.262265772572810363e+00
-8.260886348634373988e+00
-8.259359287160311425e+00
-8.257720407903912374e+00
-8.256056696437422460e+00
-8.253510804197354389e+00
-8.250584367632736615e+00
-8.249931828292663027e+00
-8.248232348960701898e+00
-8.246907361542561432e+00
-8.245976796754977300e+00
-8.245584390121127427e+00
-8.245331636740827363e+00
-8.245213989889254691e+00
-8.245276948176961440e+00
-8.245647594114249301e+00
-8.246021387508344347e+00
-8.246724936046044618e+00
-8.247694528544139203e+00
-8.248068983359129192e+00
-8.248909762082224262e+00
-8.249906530127457671e+00
-8.251501935954978606e+00
-8.253526775421406114e+00
-8.254553568751099135e+00
-8.255684900811568028e+00
-8.256922635135937938e+00
-8.258268446699593923e+00
-8.261040981536108774e+00
-8.263548755486985087e+00
-8.266414551150266021e+00
-8.267395266390005659e+00
-8.271157194400048596e+00
-8.273059678972058961e+00
-8.274801087446292058e+00
-8.277242687370382157e+00
-8.278860092570708318e+00
-8.280304727966417033e+00
-8.282668388050419495e+00
-8.283720514412300062e+00
-8.284611668116950156e+00
-8.285221635940034801e+00
-8.285594334350378176e+00
-8.285807336990114180e+00
-8.285607653180836252e+00
-8.284971673485273413e+00
-8.284385800104017150e+00
-8.283273036537467604e+00
-8.281909646912371414e+00
-8.281397001633996169e+00
-8.280341284304247651e+00
-8.279299693500020041e+00
-8.277124164390537331e+00
-8.275360174474911901e+00
-8.273500931256915436e+00
-8.272898070734477471e+00
-8.271733535313137153e+00
-8.269669190175642726e+00
-8.268457761351244883e+00
-8.267843227255749383e+00
-8.267396529682676132e+00
-8.267226152778327730e+00
-8.266925084122739520e+00
-8.266984137818651490e+00
-8.267256994959497618e+00
-8.267755771945973109e+00
-8.268442360338513097e+00
-8.269247509470954327e+00
-8.271089104626669908e+00
-8.272610230379466856e+00
-8.274362371680394901e+00
-8.274996550595695055e+00
-8.276945469650788922e+00
-8.279058867726881488e+00
-8.281090867853817983e+00
-8.282386801003488230e+00
-8.283756398345524019e+00
-8.284462974149439773e+00
-8.286493242047376029e+00
-8.288996308599942964e+00
-8.289668554846288728e+00
-8.291086085104884873e+00
-8.293072261344269336e+00
-8.295456044837852261e+00
-8.296579513745262702e+00
-8.297639724699472197e+00
-8.298583752153456672e+00
-8.299377677116648755e+00
-8.300268296425333148e+00
-8.301180270152981322e+00
-8.301693989041224242e+00
-8.302655134667775272e+00
-8.303324741370653683e+00
-8.303946807162340349e+00
-8.304476560903321314e+00
-8.304895289030381988e+00
-8.305249218271701039e+00
-8.305382646082072995e+00
-8.601171696434739999e+00
-8.601141052336178205e+00
-8.601135946815121613e+00
-8.601135946815121613e+00
-8.623422928278833055e+00
-8.623422928278833055e+00
-8.623422928278833055e+00
-8.623422928278833055e+00
-8.642226056907480469e+00
-8.642226056907480469e+00
-8.642226056907480469e+00
-8.642226056907480469e+00
-8.639719714141001816e+00
-8.639719714141001816e+00
-8.639102454410929610e+00
-8.639102454410929610e+00
-8.639102454410929610e+00
-8.639098117984216785e+00
-8.639076518682102801e+00
-8.639025243750984018e+00
-8.638929191216652370e+00
-8.638641826570173876e+00
-8.638345718751521574e+00
-8.637851965177210545e+00
-8.637631703998904342e+00
-8.637386591198101371e+00
-8.635941570770542697e+00
-8.634850774497827786e+00
-8.634430192368574453e+00
-8.633024041568162943e+00
-8.632546022940486452e+00
-8.630139063920248432e+00
-8.629126523599746079e+00
-8.628061214286832481e+00
-8.626941390597908210e+00
-8.625719735402938682e+00
-8.623686887361213138e+00
-8.621399417573730517e+00
-8.618877017149824127e+00
-8.616163900402160181e+00
-8.614206870053143561e+00
-8.612147917580326606e+00
-8.609900870664828787e+00
-8.607396483673685594e+00
-8.604699396306298098e+00
-8.596975174224587235e+00
-8.593593821411896982e+00
-8.589869032799251514e+00
-8.585823938220183749e+00
-8.581731734646849574e+00
-8.577692275967121915e+00
-8.571544555002748922e+00
-8.562616071721929956e+00
-8.558268396785541299e+00
-8.554021061305238760e+00
-8.550009917420950956e+00
-8.546129407015525814e+00
-8.538900877629782116e+00
-8.534469182023094902e+00
-8.530413933542206451e+00
-8.529055177367771634e+00
-8.526496493494857276e+00
-8.522020837436238949e+00
-8.519999617045781903e+00
-8.518047342299913893e+00
-8.515161536230101191e+00
-8.512337532436818677e+00
-8.509470152311756408e+00
-8.507557686334557445e+00
-8.505697801989104079e+00
-8.503838476174887973e+00
-8.501961407067760490e+00
-8.499189936424100367e+00
-8.495242338901608292e+00
-8.493068207002954395e+00
-8.490992611512121258e+00
-8.488965111416870712e+00
-8.486821751061876640e+00
-8.483322951332610273e+00
-8.480751105573412829e+00
-8.478120636395702903e+00
-8.472785003592948172e+00
-8.468574542525628246e+00
-8.464092163886528297e+00
-8.462519715175155000e+00
-8.459702400865177552e+00
-8.454620167480690895e+00
-8.452241401017706934e+00
-8.448729416777885248e+00
-8.445182638288704524e+00
-8.443960055406792620e+00
-8.441525033495262065e+00
-8.436536599435001449e+00
-8.434121404303461134e+00
-8.431695042489655734e+00
-8.427915398630258181e+00
-8.424099543806480739e+00
-8.421762253895506589e+00
-8.418189606677414005e+00
-8.414804182779660024e+00
-8.413695421731116397e+00
-8.411544700355333859e+00
-8.409482645944502011e+00
-8.406506696601036666e+00
-8.402644613037391963e+00
-8.400941604833750631e+00
-8.399299314714349762e+00
-8.397615159900963633e+00
-8.395880441059757615e+00
-8.392240145911392446e+00
-8.389470224922160213e+00
-8.386503263403660924e+00
-8.385471750628383347e+00
-8.383289842891000987e+00
-8.381090244299317149e+00
-8.376058960783719698e+00
-8.373956971461439025e+00
-8.371866634794221440e+00
-8.370887953380924174e+00
-8.368080534213852673e+00
-8.364253069449192779e+00
-8.362499581934928372e+00
-8.360635136873282747e+00
-8.358569499757866339e+00
-8.356243851268533973e+00
-8.350926808739083995e+00
-8.346645588627607637e+00
-8.342477385318819216e+00
-8.341012739825435673e+00
-8.338142860416215996e+00
-8.332669147426656764e+00
-8.329954432689721244e+00
-8.327142170375070762e+00
-8.323558204458128884e+00
-8.320278463393535162e+00
-8.317197838858122694e+00
-8.315293989763707927e+00
-8.313442540876296860e+00
-8.311717169374061243e+00
-8.309708121912317225e+00
-8.308626728877884560e+00
-8.308398978457825379e+00
-8.308336088736885117e+00
-8.308327123399768865e+00
-8.104849241542938287e+00
-8.104849241542938287e+00
-8.104849241542938287e+00
-8.104849241542938287e+00
-8.104849241542938287e+00
-8.166115040178643980e+00
-8.166115040178643980e+00
-8.166115040178643980e+00
-8.212093936153568308e+00
-8.212093936153568308e+00
-8.212093936153568308e+00
-8.212093936153568308e+00
-8.212093936153568308e+00
-8.231403315529728815e+00
-8.231403315529728815e+00
-8.231403315529728815e+00
-8.231403315529728815e+00
-8.231405354034896149e+00
-8.231410543187330120e+00
-8.231435577875949150e+00
-8.231462856421529750e+00
-8.231501741562997410e+00
-8.231519436300780868e+00
-8.231617302062511854e+00
-8.231683284028898484e+00
-8.231753807702752113e+00
-8.231829815639132519e+00
-8.231968861584991970e+00
-8.232165328004805716e+00
-8.232437463605588590e+00
-8.232637161819805982e+00
-8.232847081188452876e+00
-8.233065399499981396e+00
-8.233422851862579606e+00
-8.233850907496936600e+00
-8.234001230788495107e+00
-8.234595330120313861e+00
-8.235096173748514659e+00
-8.235275657079109024e+00
-8.235651108152259425e+00
-8.236355228973176068e+00
-8.236663084366950827e+00
-8.236961896461862054e+00
-8.236931963571384685e+00
-8.236642841156966099e+00
-8.236056272104375964e+00
-8.235129531675779546e+00
-8.231564081306373737e+00
-8.230005576476660423e+00
-8.228339128963122917e+00
-8.227441479626362408e+00
-8.225525254124091745e+00
-8.220390731424165764e+00
-8.218285241193084900e+00
-8.216353947350407694e+00
-8.214547839800776075e+00
-8.212681654103304751e+00
-8.208848490430433742e+00
-8.206003453451744534e+00
-8.203321538219459086e+00
-8.202539627805290223e+00
-8.201098627538454977e+00
-8.199847371228420556e+00
-8.198062553257601692e+00
-8.197342246042905956e+00
-8.197146598180459875e+00
-8.197233343360007751e+00
-8.197646736160962178e+00
-8.198811265782355306e+00
-8.201411991943457380e+00
-8.203137943529652532e+00
-8.205066765349064539e+00
-8.207174986294822006e+00
-8.209452700011356185e+00
-8.213034222295465980e+00
-8.215638182487062124e+00
-8.220967626705927955e+00
-8.225061105959975194e+00
-8.226443944473754044e+00
-8.227892829006099973e+00
-8.234738336912270640e+00
-8.238268868316581006e+00
-8.239449393861569604e+00
-8.240642077092724449e+00
-8.246676380783499738e+00
-8.249469845429679538e+00
-8.250167911355266170e+00
-8.252136280008004476e+00
-8.252771706687610731e+00
-8.253190437071337371e+00
-8.253372147173745788e+00
-8.253294027378542452e+00
-8.252772678331586675e+00
-8.251342710285877402e+00
-8.250834033488809283e+00
-8.249016851787780880e+00
-8.246860445614379032e+00
-8.244398132571314264e+00
-8.242619049330443204e+00
-8.240735751509649987e+00
-8.238874301849033799e+00
-8.237075694449139007e+00
-8.234509751627101082e+00
-8.232909591499167234e+00
-8.231444721129351549e+00
-8.228764202704180519e+00
-8.228211640098479052e+00
-8.227910675577012611e+00
-8.227862044542138875e+00
-8.228198752144091799e+00
-8.229911284557953621e+00
-8.231272880462929820e+00
-8.232918837911304522e+00
-8.234878228332036088e+00
-8.237237832831059592e+00
-8.243171881986153693e+00
-8.247974172324234132e+00
-8.252886365577575489e+00
-8.254621710087359787e+00
-8.256339533036827660e+00
-8.263811834682927682e+00
-8.267930054368454407e+00
-8.269264021795803998e+00
-8.271841402780706787e+00
-8.274190972002413602e+00
-8.278766642730705172e+00
-8.280154398935160032e+00
-8.281391941358524633e+00
-8.281988884909909032e+00
-8.283659193460531256e+00
-8.285305955228038144e+00
-8.285908429258958208e+00
-8.286317977114999067e+00
-8.286612184139521275e+00
-8.286861417691230969e+00
-8.287204984323388146e+00
-8.287591016862483784e+00
-8.287708402403747954e+00
-8.287735037551371420e+00
-8.287682669193609186e+00
-8.287621799229842878e+00
-8.287560230988713528e+00
-8.287513804835432651e+00
-8.287656844652900645e+00
-8.288247852154727369e+00
-8.289267756464196779e+00
-8.289687790863748518e+00
-8.291090853957964413e+00
-8.292453110537529426e+00
-8.293180771394442985e+00
-8.293828226818323657e+00
-8.293987904395681454e+00
-8.294039478082060768e+00
-8.294068702773556012e+00
-8.294081681019582319e+00
-8.294081681019582319e+00
-8.294081681019582319e+00
-8.294081681019582319e+00
-8.340335674652724407e+00
-8.340335674652724407e+00
-8.340335674652724407e+00
-8.340335674652724407e+00
-8.294307629926471748e+00
-8.294307629926471748e+00
-8.294307629926471748e+00
-8.276761808768329232e+00
-8.276960651431972238e+00
-8.276960651431972238e+00
-8.276960651431972238e+00
-8.276962884059685166e+00
-8.276966190951112523e+00
-8.276986947245793758e+00
-8.277030108757115201e+00
-8.277055206154143363e+00
-8.277089128118859662e+00
-8.277129764646566912e+00
-8.277195456323978462e+00
-8.277283850502263007e+00
-8.277409208673009999e+00
-8.277523705909072049e+00
-8.277714204311976687e+00
-8.277848728246254950e+00
-8.277991421434663266e+00
-8.278141713880529551e+00
-8.278308358251415200e+00
-8.278743009956986754e+00
-8.279158602240178411e+00
-8.279656446472571929e+00
-8.279852564075703469e+00
-8.280296073268750945e+00
-8.280786424655373068e+00
-8.282137540922981600e+00
-8.282683149806597811e+00
-8.283234027767733210e+00
-8.283757100049706779e+00
-8.284148607335367842e+00
-8.284346027492915709e+00
-8.283933444060210149e+00
-8.282681453880305966e+00
-8.280824367078494674e+00
-8.280135018987827777e+00
-8.277816478101236441e+00
-8.275296779038960437e+00
-8.272939404745796921e+00
-8.271459633251129873e+00
-8.270037900967619038e+00
-8.268635346468174774e+00
-8.267364817622887330e+00
-8.265021942444784386e+00
-8.264040517039708433e+00
-8.263157776690356116e+00
-8.261849941373979433e+00
-8.260571933999521832e+00
-8.259808553020308253e+00
-8.258872303338707255e+00
-8.258140025005468843e+00
-8.257939993404233903e+00
-8.257484943331743210e+00
-8.257266705204420632e+00
-8.257266617228507855e+00
-8.257532717760469154e+00
-8.258141943426505094e+00
-8.258433865156472820e+00
-8.259141775243138639e+00
-8.260001972141614246e+00
-8.261898270053409377e+00
-8.262743421203980532e+00
-8.263563839833832247e+00
-8.263905334326681285e+00
-8.263948540777395380e+00
-8.263952891792502697e+00
-8.171905179832760879e+00
-8.171905179832760879e+00
-8.171905179832760879e+00
-8.171905179832760879e+00
-8.182515084071397382e+00
-8.182515084071397382e+00
-8.182515084071397382e+00
-8.182515084071397382e+00
-8.182515084071397382e+00
-8.188378027566026063e+00
-8.188378027566026063e+00
-8.188378027566026063e+00
-8.191773216170140870e+00
-8.191773216170140870e+00
-8.191773216170140870e+00
-8.191773216170140870e+00
-8.191589998195169642e+00
-8.191109342516488923e+00
-8.190789175918375520e+00
-8.189579498274321523e+00
-8.187395610941907265e+00
-8.185806279726712376e+00
-8.183606215697242448e+00
-8.180704729013660526e+00
-8.175407360104154364e+00
-8.168816502364215637e+00
-8.160570930284468005e+00
-8.151331270104771320e+00
-8.144488324100633392e+00
-8.137564371439324873e+00
-8.130447354896480405e+00
-8.122845997034604082e+00
-8.105643888020809484e+00
-8.096420851635974358e+00
-8.086193096127354707e+00
-8.069850599783901401e+00
-8.052541506228104495e+00
-8.040897930435317420e+00
-8.028794683493400086e+00
-8.007881940011108313e+00
-7.985712395812035069e+00
-7.970417642729747953e+00
-7.947006943758385233e+00
-7.921379164377035487e+00
-7.911956435612694349e+00
-7.879555110417649999e+00
-7.864341330624681881e+00
-7.848652085174931514e+00
-7.832457837795025135e+00
-7.807337999059513756e+00
-7.784034296608936643e+00
-7.760979675748020945e+00
-7.745224413225918703e+00
-7.729658251577979478e+00
-7.714098313493779280e+00
-7.698928820956584040e+00
-7.674292809137850391e+00
-7.651419191924858865e+00
-7.644219093537980569e+00
-7.622495285500637152e+00
-7.593596895100245270e+00
-7.579051490195056751e+00
-7.564184884287908694e+00
-7.548899028382515475e+00
-7.533294836198690447e+00
-7.504211663996859016e+00
-7.482577055279001854e+00
-7.461226291134144262e+00
-7.454516361046766626e+00
-7.428750557404653065e+00
-7.417034788482200547e+00
-7.405933030937023709e+00
-7.395052367754313849e+00
-7.379062547321482590e+00
-7.363812535792306768e+00
-7.350601595714826964e+00
-7.343092746703159257e+00
-7.337205637930473756e+00
-7.333331018917659705e+00
-7.447189809160426499e+00
-7.447423232095649048e+00
-7.447698952228707370e+00
-7.447741392502077673e+00
-7.425582994462611275e+00
-7.425582994462611275e+00
-7.425582994462611275e+00
-7.425582994462611275e+00
-7.425582994462611275e+00
-7.416142068182988822e+00
-7.416142068182988822e+00
-7.416142068182988822e+00
-7.416142068182988822e+00
-7.409947385399730635e+00
-7.409947385399730635e+00
-7.404503981213700570e+00
-7.404503981213700570e+00
-7.404503981213700570e+00
-7.404455646289802573e+00
-7.404383142017165298e+00
-7.404286467168499364e+00
-7.403416262547676041e+00
-7.401651016724394516e+00
-7.400296637159062385e+00
-7.398265003789603611e+00
-7.395628586005114080e+00
-7.390621528439272225e+00
-7.383920900577995106e+00
-7.381477598383894723e+00
-7.373615250350938233e+00
-7.361059554423659890e+00
-7.353777741789172318e+00
-7.346108908031927065e+00
-7.338028949242963783e+00
-7.324458059660329035e+00
-7.309460604865764211e+00
-7.293617847033231349e+00
-7.282395943637009594e+00
-7.265127364838382285e+00
-7.253564933935129133e+00
-7.241517458323015077e+00
-7.229276908712166438e+00
-7.216797712068373727e+00
-7.196377600699143784e+00
-7.165902067024891409e+00
-7.150086725567526891e+00
-7.133577417796735709e+00
-7.116263589020338287e+00
-7.099939691843445644e+00
-7.061478505326893362e+00
-7.046013025462991131e+00
-7.030834626231296625e+00
-7.016025101916649298e+00
-7.001124268899445724e+00
-6.978077614146772412e+00
-6.954794619484675700e+00
-6.931347388905080287e+00
-6.915889061704641350e+00
-6.900457322836527574e+00
-6.876777578982556705e+00
-6.860573769810174305e+00
-6.844160842961183988e+00
-6.827346434321678537e+00
-6.793459460235275138e+00
-6.768812467684892198e+00
-6.751950909633042563e+00
-6.725831355722977634e+00
-6.709369566430901877e+00
-6.693712226951486599e+00
-6.678012866347312837e+00
-6.646437223824202434e+00
-6.629758089546708533e+00
-6.613221885069898498e+00
-6.589849204926458981e+00
-6.564944640558025846e+00
-6.549670013183217065e+00
-6.535864232638586735e+00
-6.515861365957229090e+00
-6.496072606802846039e+00
-6.477596242796991532e+00
-6.466141523334791863e+00
-6.455515782603169939e+00
-6.445450859216242279e+00
-6.435871553824159541e+00
-6.426485676187563278e+00
-6.412078357480216262e+00
-6.392982240262977456e+00
-6.383732855684161045e+00
-6.374721995858567247e+00
-6.366722973091447635e+00
-6.360365284707789613e+00
-6.353546052874696315e+00
-6.351973927016514310e+00
-6.412025387308683655e+00
-6.412218921261044535e+00
-6.412218921261044535e+00
-6.412218921261044535e+00
-6.412218921261044535e+00
-6.353218737885868883e+00
-6.353218737885868883e+00
-6.353218737885868883e+00
-6.363023916453737883e+00
-6.363023916453737883e+00
-6.363023916453737883e+00
-6.363023916453737883e+00
-6.365260697208656282e+00
-6.365260697208656282e+00
-6.365260697208656282e+00
-6.365260697208656282e+00
-6.365260697208656282e+00
-6.365260697208656282e+00
-6.365188181275977186e+00
-6.364922294584851592e+00
-6.363399336419395702e+00
-6.362238954141901992e+00
-6.361030260785641488e+00
-6.359507366534227657e+00
-6.356800155194203050e+00
-6.351337857258242181e+00
-6.347495171672376202e+00
-6.343144972529620063e+00
-6.338528989941453418e+00
-6.333091515873844557e+00
-6.316708200011646568e+00
-6.309483807742728878e+00
-6.301776724781967154e+00
-6.293442186086810608e+00
-6.284286843978487802e+00
-6.274576797929475092e+00
-6.252743601598186984e+00
-6.234437815052517706e+00
-6.215887246571965008e+00
-6.209605293350080046e+00
-6.189784031840896539e+00
-6.182819331242611405e+00
-6.146436882363008003e+00
-6.130738383719547713e+00
-6.114176671496077020e+00
-6.096808996869338415e+00
-6.079851517355288060e+00
-6.063768046006158485e+00
-6.030240187117417605e+00
-6.006289146949065128e+00
-5.982831965234433724e+00
-5.975017624600059030e+00
-5.967446223120488114e+00
-5.930204380100843053e+00
-5.907003286991313828e+00
-5.899135888825047580e+00
-5.883913685975342034e+00
-5.869432308549479949e+00
-5.833206840200307219e+00
-5.817674221190177519e+00
-5.801805855465429929e+00
-5.793706222519168669e+00
-5.769134029702193800e+00
-5.734978867646290723e+00
-5.718796539937005541e+00
-5.702902475717346320e+00
-5.686793393195014090e+00
-5.670570292933226675e+00
-5.628683612467111352e+00
-5.612585818481465871e+00
-5.596350283439486262e+00
-5.579857074751852331e+00
-5.562770660543180590e+00
-5.545840177055867848e+00
-5.504699879442535249e+00
-5.487078711494485006e+00
-5.470833155287884608e+00
-5.455242058852146414e+00
-5.439538711797399451e+00
-5.423004976279344191e+00
-5.380817543280829618e+00
-5.364587275070653583e+00
-5.348380816155947848e+00
-5.332081753197147833e+00
-5.316202585672501257e+00
-5.300940835868470202e+00
-5.278830887204333244e+00
-5.247830740387088078e+00
-5.232905393874391464e+00
-5.218559574025675829e+00
-5.203828351917691997e+00
-5.189585013859456808e+00
-5.160948117046720185e+00
-5.139363625377555422e+00
-5.117407424105658187e+00
-5.109834125584120201e+00
-5.087600967578469024e+00
-5.072527337217167087e+00
-5.042408790708147848e+00
-5.026902536455504666e+00
-5.011704638370209963e+00
-4.997009952982517156e+00
-4.982407786623451962e+00
-4.968286210520083124e+00
-4.942841714271299480e+00
-4.925593069984721240e+00
-4.908616367674037306e+00
-4.902961227174627012e+00
-4.892166735540272704e+00
-4.882155112583055789e+00
-4.859963436762172684e+00
-4.853104044836312525e+00
-4.848173473053946303e+00
-4.845241089904691378e+00
-4.715012106712870299e+00
-4.714563678306730843e+00
-4.715546081895315211e+00
-4.715546081895315211e+00
-4.789732653531260986e+00
-4.789732653531260986e+00
-4.789732653531260986e+00
-4.789732653531260986e+00
-4.789732653531260986e+00
-4.831307336659316221e+00
-4.831307336659316221e+00
-4.831307336659316221e+00
-4.831307336659316221e+00
-4.861173427190308871e+00
-4.861173427190308871e+00
-4.857227039003723768e+00
-4.857227039003723768e+00
-4.857227039003723768e+00
-4.857227039003723768e+00
-4.857154786199365581e+00
-4.857010294967553321e+00
-4.856167747531923595e+00
-4.854411838350785047e+00
-4.853041287312914065e+00
-4.851286458041568217e+00
-4.849003377215341359e+00
-4.846096040332921184e+00
-4.842732560304911615e+00
-4.836654160795955448e+00
-4.826831588019708796e+00
-4.820879541751680541e+00
-4.814091270890056506e+00
-4.806923650788546887e+00
-4.799352202112067367e+00
-4.777731879762267653e+00
-4.768497175909515384e+00
-4.758979555071944922e+00
-4.748983813847931224e+00
-4.738169305160004008e+00
-4.726607685027511607e+00
-4.702445976950437867e+00
-4.681693614907186607e+00
-4.659329303421564816e+00
-4.651640613724161710e+00
-4.636607432431953946e+00
-4.621551149558173144e+00
-4.589506354131990484e+00
-4.564084237656463650e+00
-4.539100985228698981e+00
-4.530810478944409248e+00
-4.522716474815319465e+00
-4.482819919171867618e+00
-4.457915795704831652e+00
-4.449794530900310185e+00
-4.425884518400375889e+00
-4.401354835552405476e+00
-4.377389441607958176e+00
-4.361618736391303486e+00
-4.345283305120668516e+00
-4.329133758025680123e+00
-4.313268557243193690e+00
-4.297060719933150530e+00
-4.256667371613461981e+00
-4.240494827611141382e+00
-4.224595928689331537e+00
-4.208175932748323689e+00
-4.191480232131251427e+00
-4.175138998166883830e+00
-4.134556544930224398e+00
-4.117366922255429884e+00
-4.100296839454311559e+00
-4.084062410601653426e+00
-4.067654836498586057e+00
-4.051356893379616686e+00
-4.019628045106909298e+00
-3.995616266008826134e+00
-3.970795153615147122e+00
-3.962202846357585351e+00
-3.945158310054410311e+00
-3.928201070599425027e+00
-3.903598503418624688e+00
-3.869975569507612789e+00
-3.852961747771081580e+00
-3.837496021184088058e+00
-3.822746771138852750e+00
-3.807542117584951757e+00
-3.777758667184897501e+00
-3.756901957788057356e+00
-3.734449387527119857e+00
-3.727208589659635418e+00
-3.705568494836417148e+00
-3.682994743650058300e+00
-3.659782416432638463e+00
-3.652309237392198593e+00
-3.637797116923788820e+00
-3.622922212037957834e+00
-3.584083753395491900e+00
-3.567884687441363667e+00
-3.552122871267992199e+00
-3.536097409981896256e+00
-3.519978915946355702e+00
-3.504108507051070021e+00
-3.473073509976916551e+00
-3.451482858302321155e+00
-3.431082587265366080e+00
-3.424596859416145112e+00
-3.411982464430427964e+00
-3.388066586771251831e+00
-3.376819503468522221e+00
-3.366254142388631632e+00
-3.352298996483592752e+00
-3.342374943448165769e+00
-3.337347656196510748e+00
-3.335770381035761289e+00
-3.335052287843549124e+00
-3.334820787635753181e+00
-3.334774497055266629e+00
-3.334774497055266629e+00
-3.334774497055266629e+00
-3.334774497055266629e+00
-3.334774497055266629e+00
-3.334774497055266629e+00
-3.334774497055266629e+00
-3.334774497055266629e+00
-3.373350856414107479e+00
-3.373350856414107479e+00
-3.373350856414107479e+00
-3.373350856414107479e+00
-3.375656081424097010e+00
-3.375656081424097010e+00
-3.375656081424097010e+00
-3.375656081424097010e+00
-3.375560912715126261e+00
-3.374918857794012350e+00
-3.373684226752617921e+00
-3.372783576547278006e+00
-3.371599806302393532e+00
-3.368903093878261146e+00
-3.364882605730066700e+00
-3.361548961827508730e+00
-3.357697492353566737e+00
-3.353210294575005079e+00
-3.343483171431440582e+00
-3.337771161280191468e+00
-3.331188151223769545e+00
-3.320621267292695133e+00
-3.308957461198445138e+00
-3.295872535362680544e+00
-3.286420400883324877e+00
-3.276268316500501765e+00
-3.265318761979244755e+00
-3.247260620015731014e+00
-3.235836444978208437e+00
-3.223710457202168644e+00
-3.202831532889492294e+00
-3.173517674933028054e+00
-3.159013585605527030e+00
-3.143798607751267848e+00
-3.128446271640126231e+00
-3.105117510521156809e+00
-3.081104281226219044e+00
-3.056050636638513840e+00
-3.039457948171322421e+00
-3.023612525830682962e+00
-3.007818780000285575e+00
-2.983808543283632542e+00
-2.960142261778473838e+00
-2.952431243408198291e+00
-2.944550907666070749e+00
-2.897448381279612128e+00
-2.880998987508385234e+00
-2.865201607110924975e+00
-2.850082520142746212e+00
-2.835062346357103635e+00
-2.819898946620616798e+00
-2.781437836870323199e+00
-2.765666434646507188e+00
-2.749811104338641510e+00
-2.733705714704775414e+00
-2.717834349834065133e+00
-2.702413620321926224e+00
-2.662348900106584981e+00
-2.646078508616718672e+00
-2.630352179885087960e+00
-2.614525967843917886e+00
-2.598007461558372810e+00
-2.573191177437752053e+00
-2.548380783912056025e+00
-2.523425919658571992e+00
-2.506575142918877841e+00
-2.490921067413738310e+00
-2.476392358194741128e+00
-2.453530857701651691e+00
-2.423111369533068604e+00
-2.408295512805268324e+00
-2.392702479035133223e+00
-2.377742088654224428e+00
-2.356646300622795565e+00
-2.336174466700095209e+00
-2.322511957481852463e+00
-2.300853024819391024e+00
-2.279062145929706240e+00
-2.271732615480445805e+00
-2.250866151466067500e+00
-2.243976956401313227e+00
-2.207477080886573795e+00
-2.192662357456579780e+00
-2.177458067655637652e+00
-2.161988370260133241e+00
-2.146545544196624355e+00
-2.130578692829134368e+00
-2.098988859414288033e+00
-2.075651688207263312e+00
-2.051616176269028369e+00
-2.043777940327576204e+00
-2.013108882949112832e+00
-1.997990326841411646e+00
-1.982916525360504556e+00
-1.959989573768659232e+00
-1.944666756710040634e+00
-1.930212807641437323e+00
-1.904466590881255472e+00
-1.892577298653684403e+00
-1.881835327769933119e+00
-1.871924907516953951e+00
-1.859986892658844981e+00
-1.852653523701181193e+00
-1.850200492165057664e+00
-1.848876257835428305e+00
-1.848674584697850509e+00
-1.848652180097843933e+00
-1.848652180097843933e+00
-1.848652180097843933e+00
-1.848652180097843933e+00
-2.002479849485713448e+00
-2.002479849485713448e+00
-2.002479849485713448e+00
-2.002479849485713448e+00
-2.002479849485713448e+00
-1.990348457552520545e+00
-1.990348457552520545e+00
-1.990348457552520545e+00
-1.990348457552520545e+00
-1.977744445057060707e+00
-1.977744445057060707e+00
-1.977744445057060707e+00
-1.977744445057060707e+00
-1.977672024699644648e+00
-1.977551324226497265e+00
-1.977478904605331822e+00
-1.976465387230453619e+00
-1.974777537407996775e+00
-1.972681211529735190e+00
-1.969093490542963787e+00
-1.967505267092909627e+00
-1.959859014266959854e+00
-1.955102450257671709e+00
-1.949819832742162085e+00
-1.943746338264413565e+00
-1.937073797925773944e+00
-1.930065536898108780e+00
-1.913604093977434806e+00
-1.900339801236343273e+00
-1.886078447224133425e+00
-1.880712145378787392e+00
-1.869456606049399783e+00
-1.846552729196215603e+00
-1.834801870079674879e+00
-1.815311100953647339e+00
-1.800836316637094647e+00
-1.785412737027237684e+00
-1.770407755299743258e+00
-1.747354147164239535e+00
-1.713860063423679359e+00
-1.695931079684947607e+00
-1.677046158050808256e+00
-1.658194751834339842e+00
-1.640059221432214276e+00
-1.622620448557994477e+00
-1.597534936803731487e+00
-1.562142553102063403e+00
-1.544482422951356293e+00
-1.527088381938877859e+00
-1.509888196661949289e+00
-1.493123984350213318e+00
-1.458725154314807204e+00
-1.442880351628711644e+00
-1.420117515720771051e+00
-1.396559642883621111e+00
-1.380212933671185693e+00
-1.356350639247637879e+00
-1.332131714483514529e+00
-1.323819205865485182e+00
-1.307754263211493573e+00
-1.276946634879464249e+00
-1.261745862648498528e+00
-1.239662066022800824e+00
-1.225959925231320469e+00
-1.213143871552900599e+00
-1.201100502503238410e+00
-1.189571712526916070e+00
-1.167882699644448907e+00
-1.153428968240698405e+00
-1.141764795982527669e+00
-1.138750146782646189e+00
-1.134447196407103009e+00
-1.132193446917863833e+00
-1.162792984960302034e+00
-1.162933772241273367e+00
-1.162933772241273367e+00
-1.162933772241273367e+00
-1.162933772241273367e+00
-1.165857042120070686e+00
-1.165857042120070686e+00
-1.165857042120070686e+00
-1.165857042120070686e+00
-1.166811528582612167e+00
-1.166811528582612167e+00
-1.166811528582612167e+00
-1.166811528582612167e+00
-1.167268670345904757e+00
-1.168318138089991187e+00
-1.168318138089991187e+00
-1.168311390766407110e+00
-1.168297879950520146e+00
-1.168291116458944234e+00
-1.168284347578765425e+00
-1.168223185226666017e+00
-1.167904265630448357e+00
-1.167571001992767643e+00
-1.166576923885884520e+00
-1.165393324420072485e+00
-1.163695387024679562e+00
-1.163036656552381976e+00
-1.161561985620274795e+00
-1.157989350980211496e+00
-1.156030185737396909e+00
-1.153813789119221056e+00
-1.150050713075411402e+00
-1.145889115726573371e+00
-1.142923909199989208e+00
-1.138135299185807581e+00
-1.132812320187229993e+00
-1.130975504704761381e+00
-1.127203494186372890e+00
-1.123140213543766475e+00
-1.116841475046996157e+00
-1.108154125031407533e+00
-1.103373684641395513e+00
-1.098323293099823683e+00
-1.093259590795423453e+00
-1.088117896716281452e+00
-1.077564995702549266e+00
-1.070780237032405324e+00
-1.064286705004883204e+00
-1.062171463540602545e+00
-1.058443860067694642e+00
-1.054841154698369809e+00
-1.045696106622144628e+00
-1.042205627972349946e+00
-1.038690655894930481e+00
-1.034810161930786343e+00
-1.030744722555507309e+00
-1.025079122388234065e+00
-1.019361111835009215e+00
-1.017383055191073638e+00
-1.011387139928876522e+00
-1.003052034310769391e+00
-9.988972620489625642e-01
-9.945344024996773946e-01
-9.898990439817874076e-01
-9.849457013105550329e-01
-9.743597512241980452e-01
-9.658938124899041355e-01
-9.568133791951924927e-01
-9.537940328991783012e-01
-9.478486979623736985e-01
-9.417816961723404212e-01
-9.256033927032709663e-01
-9.188573886555541081e-01
-9.124157402390996596e-01
-9.061298841763755219e-01
-8.998450552014501946e-01
-8.935816970684041793e-01
-8.808056200031250116e-01
-8.723367390765899287e-01
-8.646320331579008256e-01
-8.619523000562776538e-01
-8.519917131307677138e-01
-8.474819087174388921e-01
-8.431346144281142152e-01
-8.372344673102311008e-01
-8.335390176085979430e-01
-8.297944219319656201e-01
-8.258009773498159456e-01
-8.219741954735758638e-01
-8.147747870667383374e-01
-8.092176459562671065e-01
-8.036655253343389926e-01
-8.018028820559712777e-01
-7.999418799966734328e-01
-7.902145851877631078e-01
-7.841603379276742558e-01
-7.820270662348620672e-01
-7.773011166685910300e-01
-7.723388758829562439e-01
-7.600259597264952260e-01
-7.547991276433734242e-01
-7.499625344270973715e-01
-7.452809569708207516e-01
-7.407363982714478823e-01
-7.362354503754479085e-01
-7.269899987665598973e-01
-7.200512578419969723e-01
-7.135358256855909298e-01
-7.115505140916451587e-01
-7.081293505590623427e-01
-7.043837360822243765e-01
-7.037345431223049896e-01
-7.034866086956635955e-01
-7.034275176802253782e-01
-7.034275176802253782e-01
-7.034275176802253782e-01
-8.908498043176342751e-01
-8.908498043176342751e-01
-8.908498043176342751e-01
-9.529041528504125225e-01
-9.529041528504125225e-01
-9.529041528504125225e-01
-9.529041528504125225e-01
-9.529041528504125225e-01
-9.733868201303399470e-01
-9.733868201303399470e-01
-9.756722987451862394e-01
-9.756722987451862394e-01
-9.756692669517544880e-01
-9.756631866602680780e-01
-9.756570896648135705e-01
-9.756449179456436749e-01
-9.755862393761436380e-01
-9.754122113871412925e-01
-9.751439167980303635e-01
-9.748471874495986400e-01
-9.742415103317120240e-01
-9.737158729967066995e-01
-9.730290946219575243e-01
-9.722136941367095497e-01
-9.712940228995193825e-01
-9.684474282864368178e-01
-9.672298910315134668e-01
-9.658660110192709425e-01
-9.644399422269517297e-01
-9.631038452819764561e-01
-9.617395454786396014e-01
-9.587761714430351745e-01
-9.564834846193320805e-01
-9.549768775319587011e-01
-9.534733520922813454e-01
-9.519754445130945708e-01
-9.487389425161705248e-01
-9.471888832296510019e-01
-9.457425357370182750e-01
-9.437783842562768033e-01
-9.422221899328725447e-01
-9.414566530212487017e-01
-9.409249393235128434e-01
-9.411349606998979933e-01
-9.413726014819524535e-01
-9.425212329477737905e-01
-9.441425530048906944e-01
-9.461840870873684528e-01
-9.469379547551206588e-01
-9.492402438001317222e-01
-9.515689374753498742e-01
-9.539053901606143748e-01
-9.546937240900099653e-01
-9.562278944709197148e-01
-9.576860964403191012e-01
-9.605453979120531782e-01
-9.612534521821780586e-01
-9.616413273979679266e-01
-9.617022607586884764e-01
-9.613551593585928368e-01
-9.598623241361439185e-01
-9.586589622662973209e-01
-9.571602943856358792e-01
-9.552758274731132371e-01
-9.530026416309818060e-01
-9.505993478936562990e-01
-9.442887987746628742e-01
-9.396756975187702254e-01
-9.381061101513409328e-01
-9.365385828655107270e-01
-9.284042185348871934e-01
-9.232203198441910619e-01
-9.213561188955593506e-01
-9.154202439540104486e-01
-9.093801879649999753e-01
-9.029467696674420285e-01
-9.008672561557599101e-01
-8.969539305947737962e-01
-8.894162193135404237e-01
-8.858169864465267329e-01
-8.813008952182963540e-01
-8.773719099318783021e-01
-8.761063715985349942e-01
-8.714973720302897631e-01
-8.694950788989389556e-01
-8.675046543018445355e-01
-8.654706863245319459e-01
-8.621518687814156978e-01
-8.589411850921226943e-01
-8.568112211886897978e-01
-8.533611448493404472e-01
-8.496171299052169834e-01
-8.483201983684638403e-01
-8.457212352671322764e-01
-8.404706445819738470e-01
-8.377909659571174394e-01
-8.335753599142233794e-01
-8.291519598282297565e-01
-8.276942594895786431e-01
-8.250329143542760590e-01
-8.197044317492185872e-01
-8.172429700734844538e-01
-8.148417868252383345e-01
-8.113064693854353804e-01
-8.077623725870065607e-01
-8.053263026771295685e-01
-8.015471598639937190e-01
-7.975430994014753860e-01
-7.962019352896877455e-01
-7.936946000410135538e-01
-7.914304736924341332e-01
-7.880301063596987232e-01
-7.838165959661523852e-01
-7.819210314695952402e-01
-7.801406328207872720e-01
-7.785203429803922992e-01
-7.768458405349221163e-01
-7.726224710823910158e-01
-7.708680186299681214e-01
-7.690121317019147362e-01
-7.669969465834600708e-01
-7.648489957729807109e-01
-7.626919468800773538e-01
-7.570204901526156327e-01
-7.547270535596787289e-01
-7.524384698800405946e-01
-7.512953581463130970e-01
-7.478192225615516442e-01
-7.431714256399353236e-01
-7.407985643653854924e-01
-7.382914606059908236e-01
-7.357282965517780715e-01
-7.331953533537139966e-01
-7.280729551284893519e-01
-7.245773853817623067e-01
-7.218611013630181761e-01
-7.212117868217357008e-01
-7.200568420213603327e-01
-7.197385443253432324e-01
-7.196221362397560162e-01
-7.196148557162574955e-01
-7.195929820340155603e-01
-7.195637422118724702e-01
-7.195637422118724702e-01
-7.422921155350594713e-01
-7.422921155350594713e-01
-7.422921155350594713e-01
-7.422921155350594713e-01
-7.210810652846671998e-01
-7.210810652846671998e-01
-7.210810652846671998e-01
-7.210810652846671998e-01
-7.210810652846671998e-01
-7.173709982218774428e-01
-7.173709982218774428e-01
-7.173709982218774428e-01
-7.173709982218774428e-01
-7.173709982218774428e-01
-7.173548536009264343e-01
-7.173162126443630715e-01
-7.172839494815902439e-01
-7.171465473492159015e-01
-7.169189395015583832e-01
-7.167734094654663046e-01
-7.165900776219779056e-01
-7.163645400517271167e-01
-7.160890005768064670e-01
-7.155171722280215807e-01
-7.144354864525258586e-01
-7.138356739056750389e-01
-7.128470255577118442e-01
-7.121093496573843717e-01
-7.112893136143758621e-01
-7.103572538149061089e-01
-7.093341016090201068e-01
-7.064074012754142373e-01
-7.051063154860744975e-01
-7.037288883368147951e-01
-7.022573431826858448e-01
-7.007384740452715643e-01
-6.991735000091902075e-01
-6.953371507547330133e-01
-6.938885876642963968e-01
-6.924703947503367818e-01
-6.918131487684880954e-01
-6.901524651986040704e-01
-6.884019886254225673e-01
-6.880424349873215384e-01
-6.880485510763386658e-01
-6.884157209440060488e-01
-6.890721174808140947e-01
-6.920584643819380766e-01
-6.934552799319965155e-01
-6.949682378474556499e-01
-6.966550676584224444e-01
-6.984446034955448246e-01
-7.002505467256551208e-01
-7.047181180102644049e-01
-7.064006474153452508e-01
-7.080225592603739404e-01
-7.087953871537221451e-01
-7.108864986537770658e-01
-7.132900100731212056e-01
-7.143916028150094633e-01
-7.153383464608691344e-01
-7.160915397090651391e-01
-7.166965893494613438e-01
-7.175264071431908253e-01
-7.175159887443055551e-01
-7.173096058398974462e-01
-7.169688917390864002e-01
-7.165629768817598499e-01
-7.155066072517257680e-01
-7.148687261245116886e-01
-7.141393556401054443e-01
-7.130384889885953426e-01
-7.119845559788033906e-01
-7.109041764372955319e-01
-7.101914300543840097e-01
-7.094739361075091955e-01
-7.086900478714764917e-01
-7.072612658076091741e-01
-7.053729601770918345e-01
-7.031645378757636067e-01
-7.014775941959474626e-01
-6.995911779236954064e-01
-6.964515058984169782e-01
-6.943040257228355605e-01
-6.919805468839878015e-01
-6.895229836247213084e-01
-6.869058486282526577e-01
-6.812107036247410097e-01
-6.773312111070364239e-01
-6.737733245770323176e-01
-6.726569588419394341e-01
-6.704455615078608322e-01
-6.663967893700327716e-01
-6.647648107454041666e-01
-6.628393264799481432e-01
-6.619007689224090107e-01
-6.613901368094150524e-01
-6.611935425580938164e-01
-6.612860508377913504e-01
-6.615162366832022522e-01
-6.621257491819160235e-01
-6.631336431380044916e-01
-6.635471108075947644e-01
-6.644081484185828668e-01
-6.653136413056105480e-01
-6.666979797831379395e-01
-6.684133495366393340e-01
-6.691716239990412873e-01
-6.698369301318487512e-01
-6.703828891894507702e-01
-6.707835543789583133e-01
-6.710396743018929300e-01
-6.707763935004205091e-01
-6.702033038634827022e-01
-6.699662359275927459e-01
-6.694664501578829752e-01
-6.686353504597097874e-01
-6.684120621049000066e-01
-6.683127036545819522e-01
-6.682734123757237965e-01
-6.682734123757237965e-01
-6.682734123757237965e-01
-6.682734123757237965e-01
-6.682734123757237965e-01
-6.682734123757237965e-01
-5.741642989405159048e-01
-5.741642989405159048e-01
-5.741642989405159048e-01
-5.741642989405159048e-01
-5.741642989405159048e-01
-6.321369058415219344e-01
-6.321369058415219344e-01
-6.320318380654589285e-01
-6.320318380654589285e-01
-6.320318380654589285e-01
-6.320316503173009082e-01
-6.320305631153593229e-01
-6.320295963124776817e-01
-6.320246852039174135e-01
-6.319988578841307936e-01
-6.319245436813455408e-01
-6.318650565195219615e-01
-6.317866028165054493e-01
-6.316877382414711750e-01
-6.315657506932794707e-01
-6.314184606683870271e-01
-6.310387876397677287e-01
-6.306850333018568788e-01
-6.303001461082885504e-01
-6.301587853260256500e-01
-6.298607822377654264e-01
-6.295559388598810369e-01
-6.290757554239291283e-01
-6.284002484364022978e-01
-6.280661176686190839e-01
-6.277498350283072792e-01
-6.274436500384631410e-01
-6.271443089815743610e-01
-6.264238775779188417e-01
-6.261416470705801762e-01
-6.258837454460168814e-01
-6.257701732478736512e-01
-6.255297397114677471e-01
-6.255044494098171981e-01
-6.258075480632316889e-01
-6.269087914264129813e-01
-6.276544075632404240e-01
-6.285799856924932927e-01
-6.296895337792652869e-01
-6.310106356126384819e-01
-6.339376024627267903e-01
-6.362675500892317482e-01
-6.386092874051182422e-01
-6.393841110549303153e-01
-6.409151307574054712e-01
-6.423748426340060158e-01
-6.437355827471401559e-01
-6.454275789364442018e-01
-6.468619151126459021e-01
-6.471040113820514250e-01
-6.469997238407644291e-01
-6.465736047004514431e-01
-6.458664037894656929e-01
-6.432148514727151767e-01
-6.411642485662825131e-01
-6.404096144634444654e-01
-6.396201401488815774e-01
-6.355614120499065711e-01
-6.331353209715229191e-01
-6.323351086118068620e-01
-6.291353788284133053e-01
-6.275930061106971269e-01
-6.260999720047875083e-01
-6.247988907087888011e-01
-6.237591346724843389e-01
-6.226023145047120400e-01
-6.219518955177687491e-01
-6.218463151732550598e-01
-6.220252871654582405e-01
-6.223800321615384767e-01
-6.229119639844409306e-01
-6.244684751698890146e-01
-6.254427264032399458e-01
-6.264659030947632434e-01
-6.279832410109668084e-01
-6.294821423849101816e-01
-6.304329450101205934e-01
-6.316439715225388163e-01
-6.325167489877916438e-01
-6.327129476890690496e-01
-6.329546581665411731e-01
-6.328615845147551600e-01
-6.324997692142695360e-01
-6.314468215199912082e-01
-6.304563409538291863e-01
-6.292604344178112097e-01
-6.278602510589023078e-01
-6.245747387551320307e-01
-6.227341801218777562e-01
-6.198191298115660608e-01
-6.178403360187377791e-01
-6.159162647157606640e-01
-6.140233103271964810e-01
-6.121188780069223290e-01
-6.093327010497864293e-01
-6.062716775459930929e-01
-6.053231182298758339e-01
-6.047221382447929283e-01
-6.044107890832457475e-01
-6.043180458558181645e-01
-6.043041988270072551e-01
-6.043041988270072551e-01
-6.043041988270072551e-01
-6.479741682093519417e-01
-6.479741682093519417e-01
-6.479741682093519417e-01
-6.479741682093519417e-01
-6.542874473610287289e-01
-6.542874473610287289e-01
-6.542874473610287289e-01
-6.743031223149905662e-01
-6.743031223149905662e-01
-6.743031223149905662e-01
-6.741407572071718146e-01
-6.741407572071718146e-01
-6.741407572071718146e-01
-6.741407572071718146e-01
-6.741353121451483243e-01
-6.741137731942464795e-01
-6.740991375538254449e-01
-6.740523392546476922e-01
-6.738912522501975255e-01
-6.737759316481662930e-01
-6.735507682136590013e-01
-6.732363534565455332e-01
-6.731070747935654630e-01
-6.728087827275491817e-01
-6.719998332827379350e-01
-6.714412036866448386e-01
-6.708020058602635061e-01
-6.697015988525466534e-01
-6.684406390896526773e-01
-6.675189946099822080e-01
-6.665540033906854900e-01
-6.649307771160724023e-01
-6.631276892301954939e-01
-6.617982537851132552e-01
-6.596712966777018572e-01
-6.572546518181713315e-01
-6.563811470772104029e-01
-6.545791925265338485e-01
-6.507613150008669800e-01
-6.487151539649224086e-01
-6.457353803983043594e-01
-6.440218079983277555e-01
-6.425777053822451235e-01
-6.413185847624371938e-01
-6.402089437880791323e-01
-6.389629367081938183e-01
-6.383716129505558889e-01
-6.385341349207512840e-01
-6.389299576730779195e-01
-6.395095735927495140e-01
-6.402471837587978554e-01
-6.414872078093477592e-01
-6.430703904786905234e-01
-6.434295904470229699e-01
-6.444257289128966226e-01
-6.455376237456100785e-01
-6.459950317660215768e-01
-6.464195287857515959e-01
-6.467862335554624975e-01
-6.470520197125639861e-01
-6.472288237915471143e-01
-6.471168576331928213e-01
-6.469165509727009544e-01
-6.466489175848331161e-01
-6.463297652230565182e-01
-6.459581466864905419e-01
-6.455319832994892426e-01
-6.443569419754043848e-01
-6.437813683326902847e-01
-6.434741095525488008e-01
-6.424544685491504481e-01
-6.406743216301346022e-01
-6.395013187666964694e-01
-6.381348650246225773e-01
-6.366420555799482406e-01
-6.351352754337037387e-01
-6.334515246156828816e-01
-6.306250316113550802e-01
-6.288291560424194016e-01
-6.245105639824931609e-01
-6.225487922041198496e-01
-6.206302839948413252e-01
-6.196626537264929846e-01
-6.168518110060228210e-01
-6.132662193466065226e-01
-6.115248818014128451e-01
-6.098246552483346239e-01
-6.090186988771786325e-01
-6.069772925560187327e-01
-6.051406957196846514e-01
-6.050909817341663111e-01
-6.054119866348773860e-01
-6.060665692774207525e-01
-6.069567565397733233e-01
-6.084802948967651393e-01
-6.105080722708503549e-01
-6.114198841502570536e-01
-6.122342214347907818e-01
-6.129190779503402853e-01
-6.134627375448145070e-01
-6.139073369286365267e-01
-6.144048151848268136e-01
-6.147190042442232105e-01
-6.148805416558073000e-01
-6.149044806289025722e-01
-6.149139364072870872e-01
-6.149155207872440965e-01
-9.134779870758458209e-01
-9.134779870758458209e-01
-9.134779870758458209e-01
-9.134779870758458209e-01
-9.134779870758458209e-01
-8.270226879394666497e-01
-8.270226879394666497e-01
-8.270226879394666497e-01
-7.806390081956298133e-01
-7.806390081956298133e-01
-7.806390081956298133e-01
-7.806390081956298133e-01
-7.839676738768870390e-01
-7.839676738768870390e-01
-7.839676738768870390e-01
-7.839676738768870390e-01
-7.842334502777266181e-01
-7.847890781631604584e-01
-7.857309581996401171e-01
-7.861655146681229001e-01
-7.865034344778973896e-01
-7.869861148400635331e-01
-7.877341664605080895e-01
-7.888923187455377795e-01
-7.913048747568974806e-01
-7.928728890328378132e-01
-7.931141225196028932e-01
-7.931382451051158800e-01
-7.931382451051158800e-01
-7.931382451051158800e-01
-7.931382451051158800e-01
-7.931382451051158800e-01
-7.931382451051158800e-01
-7.931382451051158800e-01
-7.931382451051158800e-01
-7.931382451051158800e-01
-7.931382451051158800e-01
-7.931382451051158800e-01
-7.931382451051158800e-01
-7.931382451051158800e-01
-7.931382451051158800e-01
-7.931382451051158800e-01
-7.931382451051158800e-01
-7.931382451051158800e-01
-7.931382451051158800e-01
-7.931382451051158800e-01
-7.931382451051158800e-01
-7.931382451051158800e-01
-7.931382451051158800e-01
-7.931382451051158800e-01
-7.931382451051158800e-01
-7.931382451051158800e-01
-7.931382451051158800e-01
-7.931382451051158800e-01
-7.931382451051158800e-01
-7.931382451051158800e-01
-7.931382451051158800e-01
-7.931382451051158800e-01
-7.931382451051158800e-01
-7.931382451051158800e-01
-7.931382451051158800e-01
-7.931864907006805909e-01
-7.935483552546169772e-01
-7.945615286543933342e-01
-7.949715466604690972e-01
-7.970210457418962502e-01
-7.984915717654579304e-01
-8.002752703759907771e-01
-8.025410085769647539e-01
-8.071451288578078698e-01
-8.131465858238158262e-01
-8.206891990641679291e-01
-8.267120429575981477e-01
-8.332146794621503316e-01
-8.404852965746827387e-01
-8.523462091041371647e-01
-8.655925358151347337e-01
-8.753224581007357230e-01
-8.907315726514206666e-01
-9.075638136269619238e-01
-9.135804119189679939e-01
-9.315364240350355596e-01
-9.377234254020655468e-01
-9.700000895154242686e-01
-9.834716584290382757e-01
-9.967082568221277139e-01
-1.009880537098736708e+00
-1.023564936627411104e+00
-1.037880662724583347e+00
-1.060340128310445218e+00
-1.092207094539563883e+00
-1.108907770509758972e+00
-1.126264578602321098e+00
-1.144134319547731593e+00
-1.162445673085755082e+00
-1.209426294727954154e+00
-1.228320552295728785e+00
-1.247244535852166436e+00
-1.266098763497093938e+00
-1.285122420464986259e+00
-1.303902727129895966e+00
-1.340588727299021343e+00
-1.367195324849511451e+00
-1.393556114024374404e+00
-1.402204948786496930e+00
-1.419381664605940951e+00
-1.453164343603307707e+00
-1.469795197410465271e+00
-1.486258583961411306e+00
-1.502553810000734957e+00
-1.526637445295532469e+00
-1.557499401997172850e+00
-1.574020734664268284e+00
-1.589091351373112637e+00
-1.603847961006605205e+00
-1.618435609895218397e+00
-1.632926667968046530e+00
-1.655110461209308825e+00
-1.670181054259273656e+00
-1.708760025001588190e+00
-1.724602289645622788e+00
-1.740372707773435224e+00
-1.748282417573437719e+00
-1.772158134313658318e+00
-1.804623542596538677e+00
-1.821217380491614302e+00
-1.837879561706292630e+00
-1.854366084943091852e+00
-1.870797466027203537e+00
-1.903641486947291517e+00
-1.928327031455226104e+00
-1.944819150843555944e+00
-1.961157397950307857e+00
-1.985702080473866538e+00
-2.010214832900672377e+00
-2.035050420847328123e+00
-2.051643888944037375e+00
-2.068016198621651647e+00
-2.084246560778142854e+00
-2.108326753128122455e+00
-2.132517882638372608e+00
-2.148747350969470560e+00
-2.172568543331537150e+00
-2.188183540214726275e+00
-2.203396360414525024e+00
-2.225011497307316954e+00
-2.244634549668023560e+00
-2.261768305223274211e+00
-2.272232314134754461e+00
-2.282157783601757917e+00
-2.291041625674868687e+00
-2.302662918454534857e+00
-2.311176923171054831e+00
-2.313052683957564692e+00
-2.315962645064086001e+00
-2.128662258327305157e+00
-2.128324182846916823e+00
-2.128300034960691534e+00
-2.128300034960691534e+00
-2.171294120245641057e+00
-2.171294120245641057e+00
-2.171294120245641057e+00
-2.171294120245641057e+00
-2.179579108555190103e+00
-2.179579108555190103e+00
-2.179579108555190103e+00
-2.179579108555190103e+00
-2.179579108555190103e+00
-2.179579108555190103e+00
-2.173129762757849193e+00
-2.172316306009546505e+00
-2.172316306009546505e+00
-2.172316306009546505e+00
-2.172330592178772335e+00
-2.172359178103648869e+00
-2.172416368065430259e+00
-2.172746049356866660e+00
-2.173208453118825378e+00
-2.174259281419565593e+00
-2.175712922082191803e+00
-2.176345196238259394e+00
-2.177874880928183821e+00
-2.181939545075227027e+00
-2.184531342466883075e+00
-2.189141318113827506e+00
-2.194817767187557056e+00
-2.196881321553992628e+00
-2.201166560575801068e+00
-2.210434845296480155e+00
-2.215452430074904555e+00
-2.223656292308394899e+00
-2.232752792914519890e+00
-2.235918129867490833e+00
-2.242505819882189222e+00
-2.256997304724227327e+00
-2.264914642708586889e+00
-2.277355532334826460e+00
-2.290714606823594401e+00
-2.295364733077570829e+00
-2.304934368294169644e+00
-2.314971289795137555e+00
-2.341314202239150433e+00
-2.352157321072511298e+00
-2.362891632814219545e+00
-2.368245433431962699e+00
-2.384043608009627668e+00
-2.405182992456069258e+00
-2.415744444078058439e+00
-2.426326149268870580e+00
-2.436726608537705729e+00
-2.446939471591886850e+00
-2.467112934906728672e+00
-2.482108577806576566e+00
-2.497200778972333612e+00
-2.502256096550455222e+00
-2.517598149070553681e+00
-2.533218114937362930e+00
-2.549060285378854651e+00
-2.554392295507389665e+00
-2.559717638530175865e+00
-2.585994005110380023e+00
-2.596365866903354025e+00
-2.606744190259553395e+00
-2.616443771713626631e+00
-2.634904481062168013e+00
-2.643682294657742737e+00
-2.652393440373526090e+00
-2.665419842316226084e+00
-2.673987531450981336e+00
-2.682697485424250239e+00
-2.695904792445428466e+00
-2.708664926014940910e+00
-2.720844358042852296e+00
-2.728818092702368858e+00
-2.736716339678509691e+00
-2.748337107450306682e+00
-2.755931042491395200e+00
-2.763854806590290814e+00
-2.772025097494559720e+00
-2.788105393423730316e+00
-2.800046056374260850e+00
-2.812182195220672920e+00
-2.816305305261996406e+00
-2.824712198592292722e+00
-2.833340864860178332e+00
-2.855861578263265255e+00
-2.865387788942810321e+00
-2.875092753188229988e+00
-2.884928653004636079e+00
-2.894937342310618167e+00
-2.905143719875226793e+00
-2.925747123519751636e+00
-2.941766157152495786e+00
-2.958721244021865093e+00
-2.964627107036889697e+00
-2.982028098840896480e+00
-2.999133492439314264e+00
-3.015867515473949823e+00
-3.027060089621375294e+00
-3.038069915713129010e+00
-3.048965641716575359e+00
-3.059368185746321966e+00
-3.069871024528768366e+00
-3.090424409536610018e+00
-3.104676338202718711e+00
-3.118791158749783854e+00
-3.123609241209939213e+00
-3.141474659074574127e+00
-3.150111257944982590e+00
-3.158728779310039148e+00
-3.167323397499675064e+00
-3.180160137534973508e+00
-3.192602436992490134e+00
-3.205296095901415843e+00
-3.213892952092947120e+00
-3.221869209739027795e+00
-3.229812268925886354e+00
-3.241701108559891242e+00
-3.253339486537266456e+00
-3.265053472255932121e+00
-3.272460989413616073e+00
-3.279524598641502031e+00
-3.286292366258478648e+00
-3.292978067751684890e+00
-3.299627140053579488e+00
-3.309211962569231780e+00
-3.320800159035314003e+00
-3.325136851518596171e+00
-3.328020386829355193e+00
-3.329626660323584897e+00
-3.330428323511927413e+00
-3.330740733907245676e+00
-3.330757212501043618e+00
-3.334867699280592568e+00
-3.334867699280592568e+00
-3.334867699280592568e+00
-3.334867699280592568e+00
-3.342758869773687636e+00
-3.342758869773687636e+00
-3.342758869773687636e+00
-3.342758869773687636e+00
-3.342758869773687636e+00
-3.342758869773687636e+00
-3.344635500323478894e+00
-3.344469928431812900e+00
-3.344469928431812900e+00
-3.344469928431812900e+00
-3.344469928431812900e+00
-3.344501772967165554e+00
-3.344874072244051977e+00
-3.345114368303427455e+00
-3.345366238279823268e+00
-3.345518092803337673e+00
-3.346110405231566443e+00
-3.347457604409826537e+00
-3.347905308925263057e+00
-3.349546540158510499e+00
-3.352538818037967161e+00
-3.354453433057132283e+00
-3.356646540367715037e+00
-3.359049739346182673e+00
-3.361660098433042254e+00
-3.365947383368387502e+00
-3.370732601982695087e+00
-3.376048229360125053e+00
-3.381780880730287375e+00
-3.385887423676837926e+00
-3.390203610278626822e+00
-3.392415666354377635e+00
-3.399346993144423124e+00
-3.409404128403678236e+00
-3.414903038662695067e+00
-3.420644658373527047e+00
-3.426560606768677353e+00
-3.432616194994750014e+00
-3.445165773486692284e+00
-3.451764776712925364e+00
-3.461959653181218677e+00
-3.472499299569861364e+00
-3.479607699204127158e+00
-3.490141543325146589e+00
-3.500544616734428072e+00
-3.503952804071112759e+00
-3.513847305699758117e+00
-3.522968665013817446e+00
-3.529174215212197208e+00
-3.535709265721049377e+00
-3.541908358728097728e+00
-3.547961750546419601e+00
-3.556771676075338284e+00
-3.567709136299091366e+00
-3.572908107933653543e+00
-3.577974105129905436e+00
-3.582855809945263648e+00
-3.587545213004219580e+00
-3.594292836013641246e+00
-3.602746971772436524e+00
-3.606767003682067152e+00
-3.612583570077612105e+00
-3.616260523447603070e+00
-3.619784279345013456e+00
-3.623154745129875121e+00
-3.626424647319528294e+00
-3.632880864633036833e+00
-3.637714820295682383e+00
-3.642735309918077924e+00
-3.644471699964888067e+00
-3.648019781737779077e+00
-3.651714240994272220e+00
-3.657582243078015161e+00
-3.666100374525892214e+00
-3.670570894671266515e+00
-3.675256038871487885e+00
-3.680128967631867365e+00
-3.685253839295830502e+00
-3.690686237013913296e+00
-3.704724070098547095e+00
-3.713454707295840596e+00
-3.716364129595258081e+00
-3.724962963689781414e+00
-3.733272368041388400e+00
-3.741531693698033401e+00
-3.744278705012424879e+00
-3.747064440422702258e+00
-3.760989718766208245e+00
-3.769211025407987137e+00
-3.771943302965734546e+00
-3.782616898041927023e+00
-3.787738098665458963e+00
-3.792584478166201034e+00
-3.797228225953386271e+00
-3.801552870289376163e+00
-3.807300838593115078e+00
-3.814653733024814031e+00
-3.818093065124063212e+00
-3.821271259674602128e+00
-3.824029426901499384e+00
-3.826340341771939713e+00
-3.828015066219270679e+00
-3.829467727089616247e+00
-3.829577932689482545e+00
-3.829605491877936529e+00
-3.829605491877936529e+00
-3.829605491877936529e+00
-3.829605491877936529e+00
-3.829605491877936529e+00
-3.829605491877936529e+00
-3.829605491877936529e+00
-3.829605491877936529e+00
-3.829605491877936529e+00
-3.829605491877936529e+00
-3.829605491877936529e+00
-3.829605491877936529e+00
-3.829605491877936529e+00
-3.829605491877936529e+00
