2.750462505933001456e+00
2.750462505933001456e+00
2.750451903153154021e+00
2.750409542490046100e+00
2.750314526323114794e+00
2.750178003358436207e+00
2.749763215025806229e+00
2.749254930736552804e+00
2.749094423700135792e+00
2.747829111705980765e+00
2.746936198960095332e+00
2.745702243819152066e+00
2.744988433601385225e+00
2.742381570987213024e+00
2.738305872430069510e+00
2.735867659160113430e+00
2.733345783172104415e+00
2.730648680879242285e+00
2.726264294635269980e+00
2.721422926343820770e+00
2.719674933269953687e+00
2.710198520175900239e+00
2.705830814621804858e+00
2.701235106399905828e+00
2.696339795430399366e+00
2.691119718817674755e+00
2.685660140543042029e+00
2.677148176243192346e+00
2.671355807584190778e+00
2.656252516415769094e+00
2.650005658788728624e+00
2.643522780390592075e+00
2.640289953707403381e+00
2.630549581417508609e+00
2.617259305683082182e+00
2.613950131155726275e+00
2.604357073099461850e+00
2.591740642747895951e+00
2.585213826209891153e+00
2.578788328072289193e+00
2.572423877474136145e+00
2.562612437030190815e+00
2.552701529991717955e+00
2.546069729735596976e+00
2.535627143538652373e+00
2.525167781055758898e+00
2.521661107035699789e+00
2.507299731488323857e+00
2.500084215222551531e+00
2.492592380836972765e+00
2.484744251592947872e+00
2.476754883745048819e+00
2.464859714874283458e+00
2.449048102819924466e+00
2.440548713114782942e+00
2.432776082952153640e+00
2.425141280672201027e+00
2.417339330243720941e+00
2.409298631804869917e+00
2.392629620073223329e+00
2.379796126463681105e+00
2.367519127873604301e+00
2.363863059954970147e+00
2.353408871982857420e+00
2.343238027482218211e+00
2.334179316645669466e+00
2.331333834538745986e+00
2.328601048018774655e+00
2.316602673737212736e+00
2.311139384835402488e+00
2.309533398286203631e+00
2.303764574620542849e+00
2.301094394269806553e+00
2.298442240455708774e+00
2.297133466104158028e+00
2.292190579992322785e+00
2.289054847770874090e+00
2.286715610798859100e+00
2.286203174435347485e+00
2.285603730389276667e+00
2.285435754052675517e+00
2.285371794855405980e+00
2.252917378546881011e+00
2.252917378546881011e+00
2.252917378546881011e+00
2.251538294678510965e+00
2.251538294678510965e+00
2.251538294678510965e+00
2.251538294678510965e+00
2.250990699393431882e+00
2.250990699393431882e+00
2.250990699393431882e+00
2.250990699393431882e+00
2.259262509652059769e+00
2.259262509652059769e+00
2.259388402942346108e+00
2.259358144216716990e+00
2.259358144216716990e+00
2.259358144216716990e+00
2.259343012664102091e+00
2.258950762878599861e+00
2.258440589109667052e+00
2.257577404367657081e+00
2.256309436780528532e+00
2.255254061548196631e+00
2.253175798967434140e+00
2.250739127753583091e+00
2.249784013882713651e+00
2.244951568194793357e+00
2.241949835248723932e+00
2.238711772093196828e+00
2.235062119036888006e+00
2.228900355741164407e+00
2.222008904357578363e+00
2.214277032117428323e+00
2.208711971809951713e+00
2.202634735383939724e+00
2.196131578680943441e+00
2.185642168169771971e+00
2.174343805227419768e+00
2.166351343287622466e+00
2.153585979563366060e+00
2.140026201978435072e+00
2.135323226015061415e+00
2.115836890564624095e+00
2.105807350790089849e+00
2.095626662464178391e+00
2.085344291944105866e+00
2.074993284233995983e+00
2.064856333599229377e+00
2.040962378055716453e+00
2.031765765026187331e+00
2.022767966601807021e+00
2.018319685272957020e+00
2.004846549260546062e+00
1.987118527167868409e+00
1.978421170449738087e+00
1.969631808140449802e+00
1.960693769190978486e+00
1.951407776143194939e+00
1.932149577783601746e+00
1.917321631945502869e+00
1.903105185110314013e+00
1.898398861420417916e+00
1.888588100362740718e+00
1.878285101640678079e+00
1.852143591971154857e+00
1.841427258825409252e+00
1.830857369828127856e+00
1.820109451173972381e+00
1.809059600047519645e+00
1.797847929247122334e+00
1.775601527364138121e+00
1.770130516585139757e+00
1.742784592077289529e+00
1.731901783534190109e+00
1.721170379084479007e+00
1.710678916030108576e+00
1.700337888540834230e+00
1.689920661033411431e+00
1.668125239187601583e+00
1.668125239187601583e+00
1.643286735212220018e+00
1.628972074984022855e+00
1.614922137096798105e+00
1.610546694017916947e+00
1.602123362201620660e+00
1.594100345489021020e+00
1.578748864694362597e+00
1.568490368815917968e+00
1.559139157287406485e+00
1.556087855590127189e+00
1.543857879707594583e+00
1.538152648789256061e+00
1.532929898567455318e+00
1.528316659628118579e+00
1.524798669467498646e+00
1.522642889141766487e+00
1.586186824036408316e+00
1.586504964221125302e+00
1.586489027827549414e+00
1.586536773587753801e+00
1.569486339483315618e+00
1.569486339483315618e+00
1.569486339483315618e+00
1.569486339483315618e+00
1.559864022518423488e+00
1.559864022518423488e+00
1.559864022518423488e+00
1.559864022518423488e+00
1.551576792859767462e+00
1.551576792859767462e+00
1.551576792859767462e+00
1.548416169345334215e+00
1.548416169345334215e+00
1.548416169345334215e+00
1.548416169345334215e+00
1.548365633377042361e+00
1.548277221759478017e+00
1.548100159273076093e+00
1.547383810284040484e+00
1.547151593039714390e+00
1.546258691580319367e+00
1.544029215354493667e+00
1.542297696378304162e+00
1.540312050500280083e+00
1.538104508074554566e+00
1.535441533471772146e+00
1.530602400284038822e+00
1.523446152509698504e+00
1.519389110307164614e+00
1.515091291506197813e+00
1.510653532018620293e+00
1.505950494646608684e+00
1.498112956809260155e+00
1.486565347298637541e+00
1.480262393165042045e+00
1.473788850584796251e+00
1.467147295523118622e+00
1.460325871260645281e+00
1.449970377891452111e+00
1.434904502690331984e+00
1.427002933829673248e+00
1.419039878511571873e+00
1.411091581591509936e+00
1.402994955786182718e+00
1.394874895156148931e+00
1.374868426380424724e+00
1.366911790299664142e+00
1.358929463787441616e+00
1.351046920073073032e+00
1.342971972868671982e+00
1.334852675381134279e+00
1.319899894450752287e+00
1.312967456905206109e+00
1.303292507052895788e+00
1.293747286770724036e+00
1.287692304954588751e+00
1.280030029790632629e+00
1.274466428174841237e+00
1.273189459515658539e+00
1.271525746531766643e+00
1.270524998236970182e+00
1.346016801905637772e+00
1.346003524123844608e+00
1.346056607095509783e+00
1.346056607095509783e+00
1.346056607095509783e+00
1.346056607095509783e+00
1.331144510419134619e+00
1.331144510419134619e+00
1.331144510419134619e+00
1.331144510419134619e+00
1.321787420791432188e+00
1.321787420791432188e+00
1.316024010994601312e+00
1.317682380994618319e+00
1.317682380994618319e+00
1.317682380994618319e+00
1.317682380994618319e+00
1.317695939511529080e+00
1.317736587168233831e+00
1.318582295498816448e+00
1.318980785539808576e+00
1.319522335808463787e+00
1.320178684009913228e+00
1.321131104648179511e+00
1.324120481494497348e+00
1.327441295806879973e+00
1.331407656746330215e+00
1.332924255967848692e+00
1.336206378202047906e+00
1.339732620120849260e+00
1.345988442767196425e+00
1.355099597915337517e+00
1.359939002020038146e+00
1.364747714155662539e+00
1.369791281607057654e+00
1.375401124662244179e+00
1.384343007697597328e+00
1.390254609599028468e+00
1.399366255937819936e+00
1.413326303672609141e+00
1.420767406879469119e+00
1.428868812938264732e+00
1.437630849907075126e+00
1.446885050311121024e+00
1.461478640900198966e+00
1.471794575372020963e+00
1.499387582693688659e+00
1.510511901379673727e+00
1.521682223901232422e+00
1.532500819090965472e+00
1.543606150632640395e+00
1.555035904202579200e+00
1.577473196972092317e+00
1.594115178464568627e+00
1.610132587409880633e+00
1.615672171314037620e+00
1.632075538873874354e+00
1.647511342549717650e+00
1.657580990578300328e+00
1.672329565248907857e+00
1.682285652566809064e+00
1.692156202423777289e+00
1.701896639604236539e+00
1.720916687668348599e+00
1.730315290726744282e+00
1.739512134845620173e+00
1.752769567827966890e+00
1.766272794519349265e+00
1.774844701642458888e+00
1.786774799679285763e+00
1.798671778809954880e+00
1.802747972396156362e+00
1.811111785546205777e+00
1.819213820914848068e+00
1.834742245332401600e+00
1.846513159600985388e+00
1.858723089750666357e+00
1.862716173352918281e+00
1.870457170820402970e+00
1.886294632401133153e+00
1.894767681522415481e+00
1.902933041600342268e+00
1.914722326455309265e+00
1.927002621529932069e+00
1.935431944798049475e+00
1.947518171597482750e+00
1.958866605534649308e+00
1.962450216410416504e+00
1.972607483892472535e+00
1.982167705592178475e+00
1.988184709422018637e+00
1.994203892268170852e+00
2.000101547811674596e+00
2.008035868840806426e+00
2.016859653248761486e+00
2.020262210209356812e+00
2.022555623833271810e+00
2.023756893733887452e+00
1.736781986821010149e+00
1.736521019858324522e+00
1.736485379422501696e+00
1.736449665685248611e+00
1.761116542283972519e+00
1.761116542283972519e+00
1.761116542283972519e+00
1.761116542283972519e+00
1.781462710642400360e+00
1.781462710642400360e+00
1.781462710642400360e+00
1.781462710642400360e+00
1.781462710642400360e+00
1.789160513683998088e+00
1.789160513683998088e+00
1.794021191231827572e+00
1.794021191231827572e+00
1.794021191231827572e+00
1.794069569035726897e+00
1.794311452302562282e+00
1.794867747478425146e+00
1.795617450825324424e+00
1.796463767752412455e+00
1.798083643509547969e+00
1.801757966903546393e+00
1.806277377408740836e+00
1.810216341970107168e+00
1.814783303633382694e+00
1.819929817059989796e+00
1.825969989508166247e+00
1.840101498759744825e+00
1.848071666116446021e+00
1.856548482259571919e+00
1.869948709474445803e+00
1.885105945782930448e+00
1.896133902989583175e+00
1.912535225783079884e+00
1.929841771709141618e+00
1.936154818118098087e+00
1.948921271531335986e+00
1.975289235781875208e+00
1.989161620536738839e+00
2.003805821536761567e+00
2.026840539637750460e+00
2.050743284262129151e+00
2.077228122580954572e+00
2.095470349160265311e+00
2.112781788243688563e+00
2.129714372017530888e+00
2.146575490738235281e+00
2.173266760927916597e+00
2.207544386531746117e+00
2.223694244407439680e+00
2.239952333688811859e+00
2.256466988061839096e+00
2.272760320917556420e+00
2.297766639752604867e+00
2.329614098150206480e+00
2.337740680994632392e+00
2.362478969052766331e+00
2.388645238716473607e+00
2.413666627883900073e+00
2.428684756558827651e+00
2.443899447934623659e+00
2.459381914044476147e+00
2.482896426011867774e+00
2.507424310609775997e+00
2.524015872995108545e+00
2.546939067261130951e+00
2.570336887536575965e+00
2.578335714086758657e+00
2.594498348468802895e+00
2.611330740422430186e+00
2.636706537761564828e+00
2.668697056376838628e+00
2.684388361147177715e+00
2.700557522196838534e+00
2.716694618934551553e+00
2.733308555900809900e+00
2.765679918452731645e+00
2.791078916615095107e+00
2.817219046947387451e+00
2.825824114827848899e+00
2.859142643650698368e+00
2.876432409998066930e+00
2.892644624311095924e+00
2.916251134013834179e+00
2.932670664342373001e+00
2.948523350291505807e+00
2.978549260671370380e+00
2.994723743508827418e+00
3.010956325998402239e+00
3.025458678946618463e+00
3.038638035098192525e+00
3.058716012881475876e+00
3.079858674192666790e+00
3.101525160087221344e+00
3.114866300200688443e+00
3.135060176214483185e+00
3.157032712023651655e+00
3.164805682924904939e+00
3.180010092641583075e+00
3.194245372543828676e+00
3.221956790522570113e+00
3.243342555663678795e+00
3.265375832413004442e+00
3.272559828738609955e+00
3.286979743900695805e+00
3.317342877791970679e+00
3.341407507756617434e+00
3.357556105462604634e+00
3.372621134348953831e+00
3.379973560296941848e+00
3.402034538915846174e+00
3.432951648804058564e+00
3.449012803844776709e+00
3.465407378662040294e+00
3.482037338813003480e+00
3.498637783014834746e+00
3.531099622471531418e+00
3.553861958218020867e+00
3.577772182508314636e+00
3.585851686625603385e+00
3.609503968340061153e+00
3.634356326723148012e+00
3.658414380347755568e+00
3.673964379531285296e+00
3.690115120234756407e+00
3.698334312799753221e+00
3.722513889322764502e+00
3.753402722680562409e+00
3.761624794242611092e+00
3.778694043466138464e+00
3.801954776207181919e+00
3.830231788086468470e+00
3.844388034331363446e+00
3.858646187148653706e+00
3.872694284238672680e+00
3.886218543109356993e+00
3.904970362235960835e+00
3.927813696314429670e+00
3.938784858412942125e+00
3.954771027387042892e+00
3.964594417283559213e+00
3.973596604936581844e+00
3.981150179214019147e+00
3.987013928746665048e+00
3.991863643369840897e+00
3.993648879764023718e+00
3.908317892483848865e+00
3.908176011462729527e+00
3.908152364230941700e+00
3.908152364230941700e+00
3.913474766988153331e+00
3.913474766988153331e+00
3.913474766988153331e+00
3.913474766988153331e+00
3.908574292488050439e+00
3.908574292488050439e+00
3.908574292488050439e+00
3.908574292488050439e+00
3.918062776114052959e+00
3.918062776114052959e+00
3.921707052102552993e+00
3.921707052102552993e+00
3.921707052102552993e+00
3.921730852382380395e+00
3.921849868838717335e+00
3.922135609948327772e+00
3.922683674549343635e+00
3.924401633952301349e+00
3.926216232485874258e+00
3.929322202810504816e+00
3.930732439606446249e+00
3.932310192184991227e+00
3.941756177380837389e+00
3.949175968819493399e+00
3.952097285218236333e+00
3.962038043476622473e+00
3.965488754468272425e+00
3.983545642236417716e+00
3.991488951129789076e+00
4.000010819049308886e+00
4.008989099581844684e+00
4.018637288382001849e+00
4.034254587867076580e+00
4.051326796288455157e+00
4.069856393139506423e+00
4.089360960038062487e+00
4.103084189731949216e+00
4.117061530393933744e+00
4.131720049107132198e+00
4.147489193036746791e+00
4.163790756620145750e+00
4.206128593219308875e+00
4.222944136167790852e+00
4.240479168431402712e+00
4.258637751702034180e+00
4.276264627258848705e+00
4.293083672559561137e+00
4.317804935170961755e+00
4.352203141993597590e+00
4.368870176438299779e+00
4.385812518483881206e+00
4.402663161910087553e+00
4.419792518139679771e+00
4.454290632423203888e+00
4.477728412112391254e+00
4.501627036757452238e+00
4.510107066862580005e+00
4.526724709298023619e+00
4.559173001308855611e+00
4.575303942601770757e+00
4.591516482121835274e+00
4.616656311491069253e+00
4.641511027369937814e+00
4.666531235296559110e+00
4.682626712895128662e+00
4.697900065626906319e+00
4.713295330081280099e+00
4.729346258867422215e+00
4.753622589855408975e+00
4.785457254864518006e+00
4.801910005496649703e+00
4.817228777276476137e+00
4.831577285568082303e+00
4.846006784869979711e+00
4.868476531514287942e+00
4.884234813902429195e+00
4.899811701611782588e+00
4.929626303673701138e+00
4.952022923309731262e+00
4.975845382096392377e+00
4.984189947131154597e+00
4.999192933426288121e+00
5.027086758135630440e+00
5.040865952013242612e+00
5.062182072686463918e+00
5.084619850594121360e+00
5.092435625338127103e+00
5.108044272623214255e+00
5.140809863859019835e+00
5.156715285704406071e+00
5.172472161670301105e+00
5.196881404333783649e+00
5.221725656028557871e+00
5.237349232120202203e+00
5.262058490667472554e+00
5.286769675020077663e+00
5.295115196193475704e+00
5.311522230245635079e+00
5.327452884670496047e+00
5.350949233287406237e+00
5.383403642951446244e+00
5.398378799505696435e+00
5.412971282471287893e+00
5.428143310562512092e+00
5.444064255567154120e+00
5.477079867241116062e+00
5.500357755466526832e+00
5.524294087983632195e+00
5.532381308625613947e+00
5.549003837507438419e+00
5.565648443581281413e+00
5.605905345318420885e+00
5.623001383757125993e+00
5.640488735934164666e+00
5.648899222094969197e+00
5.673220132410382810e+00
5.704728428338797563e+00
5.718088825663335761e+00
5.731409755139933004e+00
5.745214876453789365e+00
5.759763112545025265e+00
5.790440612628418471e+00
5.812478488320723002e+00
5.831823454850297850e+00
5.838288254686100132e+00
5.850586083367471879e+00
5.873156200094087787e+00
5.884322179119450880e+00
5.896037015421967453e+00
5.911248593769561133e+00
5.925562236347267309e+00
5.939400026071071537e+00
5.948146288962513850e+00
5.956780121479756218e+00
5.964995552645993904e+00
5.974856879965290801e+00
5.980339620274047086e+00
5.981527590674119210e+00
5.981860390043652664e+00
5.981907936382784285e+00
5.716642651700725608e+00
5.716642651700725608e+00
5.716642651700725608e+00
5.716642651700725608e+00
5.716642651700725608e+00
5.731903330183858003e+00
5.731903330183858003e+00
5.731903330183858003e+00
5.746575886923317000e+00
5.746575886923317000e+00
5.746575886923317000e+00
5.746575886923317000e+00
5.746575886923317000e+00
5.751557833106131667e+00
5.751557833106131667e+00
5.751557833106131667e+00
5.751557833106131667e+00
5.751630380784270358e+00
5.751823848025177099e+00
5.752936402091348711e+00
5.754266688166024935e+00
5.756201665816567115e+00
5.757048204559893634e+00
5.761474277729888627e+00
5.764642756032198001e+00
5.768416064696558543e+00
5.772794175856782672e+00
5.780171454804274411e+00
5.788781594135162578e+00
5.798817626740547126e+00
5.806266117923084558e+00
5.814319353219651987e+00
5.822807974865217950e+00
5.836423437001650782e+00
5.851779457879328739e+00
5.857196403893987657e+00
5.879469407843461504e+00
5.898163195945508086e+00
5.904741000094881009e+00
5.918355979066550532e+00
5.945611354478482546e+00
5.961139623686989353e+00
5.985595882381041122e+00
6.002385067646983430e+00
6.019510496067407068e+00
6.036604064035421935e+00
6.053827910951024016e+00
6.094942146463393051e+00
6.108838024221718399e+00
6.122794484550859728e+00
6.130093896943538567e+00
6.145189579120243550e+00
6.183823329275087488e+00
6.200236208867258014e+00
6.215939525646468233e+00
6.230683264734214077e+00
6.245517046944634387e+00
6.274854624588106056e+00
6.297075084285252089e+00
6.319632467484897376e+00
6.326799186407810360e+00
6.341339901136692880e+00
6.356262319288033424e+00
6.386545390652086596e+00
6.410508487501521024e+00
6.426836883694289959e+00
6.443601583901964247e+00
6.460385624305874153e+00
6.485081898950510571e+00
6.518679510268737154e+00
6.535720226854079051e+00
6.552495710382937766e+00
6.569152086057904683e+00
6.585908228410720433e+00
6.610616169191746216e+00
6.627716383729639560e+00
6.660820216088324308e+00
6.684835252759387281e+00
6.692820760089714938e+00
6.701187664785073217e+00
6.742328911246388223e+00
6.764646804782022294e+00
6.772150833631361166e+00
6.779726418722963999e+00
6.819404401297332718e+00
6.841898715679789689e+00
6.848830983460879374e+00
6.875367874061043771e+00
6.888634011102122479e+00
6.902465423557335278e+00
6.917439084455105025e+00
6.932292686858733788e+00
6.952437513177351924e+00
6.978403619029022842e+00
6.985255320308880300e+00
7.006053599746914884e+00
7.026576287984140912e+00
7.047283901750298618e+00
7.061397161533617073e+00
7.075984892645045932e+00
7.090233930064572476e+00
7.104222766542472201e+00
7.125453988308103170e+00
7.140099774403045885e+00
7.155100021506077823e+00
7.194389639257086522e+00
7.210346724760587023e+00
7.226431537289679241e+00
7.234366398517824592e+00
7.258143911550966720e+00
7.290731954399608306e+00
7.307417237267762822e+00
7.323736493980570472e+00
7.339899229177127893e+00
7.356423926693178572e+00
7.391069203535746368e+00
7.416160516762798416e+00
7.440515325295786297e+00
7.449025155198157222e+00
7.457489174368315155e+00
7.495468140828047687e+00
7.518275191185707307e+00
7.526048182967221223e+00
7.541830013186993753e+00
7.557696208381679881e+00
7.596714081825133746e+00
7.611916021540451105e+00
7.627130965259155460e+00
7.634946443071658706e+00
7.659056437758042790e+00
7.689881177194824780e+00
7.705715489206711233e+00
7.720515351776533031e+00
7.734713058566311972e+00
7.749322960390413684e+00
7.772496448042991446e+00
7.803169578304092191e+00
7.818821420185297022e+00
7.841368391826387452e+00
7.856028712687484372e+00
7.870471270733186309e+00
7.884502556127234385e+00
7.910702478979107610e+00
7.922700822265995590e+00
7.939769653794101600e+00
7.955630617651454628e+00
7.960717840744967688e+00
7.975335102629015793e+00
7.987694931032184975e+00
7.993747747352879962e+00
7.998786651387836066e+00
7.999985670861909703e+00
8.000369293288132511e+00
8.000585051969267170e+00
8.000680946138533756e+00
8.000680946138533756e+00
8.000680946138533756e+00
8.000680946138533756e+00
7.981017473596905276e+00
7.981017473596905276e+00
7.981017473596905276e+00
7.981017473596905276e+00
7.982336548703468537e+00
7.982336548703468537e+00
7.982336548703468537e+00
7.982758270247390264e+00
7.986817512754790016e+00
7.986817512754790016e+00
7.986817512754790016e+00
7.986865845424983235e+00
7.986938346360959784e+00
7.987421742668365354e+00
7.988654779409969819e+00
7.989549534926581487e+00
7.990928067186969130e+00
7.992790415557434969e+00
7.996225065473797855e+00
8.000965893850613853e+00
8.007036816178358052e+00
8.011970676825804105e+00
8.020000195446284508e+00
8.026143516611590201e+00
8.033036789619448115e+00
8.040196075135607856e+00
8.047814765105185231e+00
8.065397040624670666e+00
8.079446495448513232e+00
8.094727796918181895e+00
8.100457970545305031e+00
8.112570094157312894e+00
8.125164637556856917e+00
8.159055045226512703e+00
8.173221113671200300e+00
8.188621629031596072e+00
8.205620611823393418e+00
8.222598905404883141e+00
8.239628912826526985e+00
8.273735506223729885e+00
8.298790346668440066e+00
8.322643780189535434e+00
8.330330211744533031e+00
8.354362293277281637e+00
8.379760280498086189e+00
8.403618475119035480e+00
8.418763185105873958e+00
8.433646150996271018e+00
8.448555235892856174e+00
8.462553294779882052e+00
8.492386712674196758e+00
8.506771757011051704e+00
8.520436002014355026e+00
8.541442456092596558e+00
8.562983919310983794e+00
8.577164134047357891e+00
8.597633376430550811e+00
8.617457334827982152e+00
8.623816713113953369e+00
8.642100205715461669e+00
8.659105739082363584e+00
8.669992140295182281e+00
8.686125815708880538e+00
8.701935403429732929e+00
8.707273882951355404e+00
8.717773516623804397e+00
8.727946186520316729e+00
8.745211510462786109e+00
8.751371102539641456e+00
8.756556190186898903e+00
8.758510321434179957e+00
8.758748352897914202e+00
8.758772150515106603e+00
8.672242188140961261e+00
8.672242188140961261e+00
8.672242188140961261e+00
8.672242188140961261e+00
8.679658936656254653e+00
8.679658936656254653e+00
8.679658936656254653e+00
8.679658936656254653e+00
8.679658936656254653e+00
8.684265923801518738e+00
8.684265923801518738e+00
8.684265923801518738e+00
8.687509574286012892e+00
8.687509574286012892e+00
8.687509574286012892e+00
8.687509574286012892e+00
8.687571925536301976e+00
8.687736451402416904e+00
8.687846922670555472e+00
8.688271963718275259e+00
8.689062118754138808e+00
8.689646745296911945e+00
8.690463083772032249e+00
8.691544859892388786e+00
8.693540897369803844e+00
8.696082913840314177e+00
8.699309250603988630e+00
8.702982221453570588e+00
8.705742231377749718e+00
8.708560008503054561e+00
8.711480910488853979e+00
8.714623385798295985e+00
8.721770889704639984e+00
8.725613083658785740e+00
8.729874428188360014e+00
8.736694839182570504e+00
8.743900069750512927e+00
8.748662464563711438e+00
8.753514335087734466e+00
8.761679338902393255e+00
8.770012356954712374e+00
8.775522368020908459e+00
8.783472952496346409e+00
8.791731753951561146e+00
8.794670555823747904e+00
8.804278004783506972e+00
8.808532310715982305e+00
8.812791378739269987e+00
8.817034428774505272e+00
8.823283137019307887e+00
8.828809946051851654e+00
8.834127229790121660e+00
8.837722757196795342e+00
8.841277040401514853e+00
8.844858463230080403e+00
8.848410030302733986e+00
8.854397657901763807e+00
8.860253650100716527e+00
8.862171589153193807e+00
8.868207726045657324e+00
8.876863695918931541e+00
8.881495778741470559e+00
8.886392423696232612e+00
8.891561241937395721e+00
8.896920958122187528e+00
8.906976139665751191e+00
8.914513259576581916e+00
8.921982655605338763e+00
8.924341509456700905e+00
8.933475948524074894e+00
8.937714480097982417e+00
8.941870176835506001e+00
8.946129662256705473e+00
8.952788927666073704e+00
8.959576339003334056e+00
8.965762721538505176e+00
8.969406482418998294e+00
8.972346087877889786e+00
8.974333443847651637e+00
9.018458360700476462e+00
9.018330571842437138e+00
9.018179287408184308e+00
9.018156052631185915e+00
9.019643700175537404e+00
9.019643700175537404e+00
9.019643700175537404e+00
9.019643700175537404e+00
9.019643700175537404e+00
9.023919107767582659e+00
9.023919107767582659e+00
9.023919107767582659e+00
9.023919107767582659e+00
9.026973474319063939e+00
9.026973474319063939e+00
9.027497649747358466e+00
9.027497649747358466e+00
9.027497649747358466e+00
9.027495466454835693e+00
9.027492233568189306e+00
9.027487979123536732e+00
9.027452829439035042e+00
9.027400809785737223e+00
9.027368800390528136e+00
9.027323580634998734e+00
9.027271161678564582e+00
9.027187102692105114e+00
9.027099009191680068e+00
9.027076864341227136e+00
9.027041885133963106e+00
9.027037787862532525e+00
9.027049974325725756e+00
9.027080603411418380e+00
9.027137756568059501e+00
9.027291404797912477e+00
9.027513578747159428e+00
9.027824417837315707e+00
9.028093760418057556e+00
9.028490845135339171e+00
9.028668642788099774e+00
9.028724360531521498e+00
9.028606138623585409e+00
9.028296622320153730e+00
9.027357122937756273e+00
9.024870030250763620e+00
9.023064105731759099e+00
9.020769096037028589e+00
9.017967497165178870e+00
9.014976971216528412e+00
9.006735466074188068e+00
9.003068928412723437e+00
8.999346937517065825e+00
8.995644946919679086e+00
8.991909203496520675e+00
8.986245489702959333e+00
8.980843001487677668e+00
8.975844827798498571e+00
8.972833269205718665e+00
8.970074691112573717e+00
8.966331006670602122e+00
8.964122017778363372e+00
8.962218357141049196e+00
8.960667588702202480e+00
8.958797137478349271e+00
8.958351227694198116e+00
8.958428968500010470e+00
8.959054900312173331e+00
8.959708561670508331e+00
8.960482376415260575e+00
8.961377191789051011e+00
8.963443788534204870e+00
8.964564498788561764e+00
8.965646863127739508e+00
8.967102052225534692e+00
8.968467235550688699e+00
8.969138376955994474e+00
8.969604298019232758e+00
8.969992586386377198e+00
8.969986544011961271e+00
8.969518049545900595e+00
8.968988065226133344e+00
8.968356590554378727e+00
8.967673230072771062e+00
8.966981286709177823e+00
8.966297834645226672e+00
8.965287865446141424e+00
8.964054178533096717e+00
8.963506770035833071e+00
8.963026641323169841e+00
8.962656681037927342e+00
8.962408980493128396e+00
8.962209950921211643e+00
8.962176293329974897e+00
8.979264798838052286e+00
8.979263743173945045e+00
8.979263743173945045e+00
8.979263743173945045e+00
8.979263743173945045e+00
8.954002358755014157e+00
8.954002358755014157e+00
8.954002358755014157e+00
8.969391206889678614e+00
8.969391206889678614e+00
8.969391206889678614e+00
8.969391206889678614e+00
8.975184551972166247e+00
8.975184551972166247e+00
8.975184551972166247e+00
8.975184551972166247e+00
8.975184551972166247e+00
8.975184551972166247e+00
8.975187511805657437e+00
8.975198487901682398e+00
8.975257526252395479e+00
8.975301653245539413e+00
8.975348611558160883e+00
8.975409287538919756e+00
8.975521004888950216e+00
8.975757476529034662e+00
8.975929734548278915e+00
8.976124988005585337e+00
8.976333550111855075e+00
8.976583663870478347e+00
8.977371315030172383e+00
8.977732970856662220e+00
8.978129573001117691e+00
8.978572046044886790e+00
8.979068764689881021e+00
8.979611917164479706e+00
8.980874267039054004e+00
8.981954218538337642e+00
8.982990798789991516e+00
8.983307814361628729e+00
8.984105301981713865e+00
8.984296556266510692e+00
8.984568576011261243e+00
8.984315238408054682e+00
8.983748968210036878e+00
8.982794521640114382e+00
8.981500223524426119e+00
8.979928499525779984e+00
8.975686594686450803e+00
8.972114136516664118e+00
8.968205290074189762e+00
8.966826715398141801e+00
8.965463813647422953e+00
8.958646709830864197e+00
8.954532464704712424e+00
8.953176502611212229e+00
8.950625141536757923e+00
8.948341355965437671e+00
8.943461804908123369e+00
8.941737717943595953e+00
8.940202221213395362e+00
8.939517222034053745e+00
8.937875534010233380e+00
8.936516181808919157e+00
8.936258408408024323e+00
8.936272136529415988e+00
8.936567224348451077e+00
8.937128124858466194e+00
8.939398184682030291e+00
8.940509579967470088e+00
8.941729058332320790e+00
8.943066919424889960e+00
8.944567388170103328e+00
8.946179107821874865e+00
8.950515756032102033e+00
8.952502437315377648e+00
8.954381425241294323e+00
8.956233112327245394e+00
8.958164104164689334e+00
8.960278199980921343e+00
8.965660651119865321e+00
8.967458819473666409e+00
8.969016841623519198e+00
8.970353382732453085e+00
8.971469625250250601e+00
8.972388137440814759e+00
8.973453673162978816e+00
8.974367864632103675e+00
8.974550850086338016e+00
8.974542720819885133e+00
8.974320415507401449e+00
8.973915861438459984e+00
8.972600203139572628e+00
8.971235180598011283e+00
8.969630469905361281e+00
8.969039505407485180e+00
8.967249270782474468e+00
8.966065286354718111e+00
8.963968081741986893e+00
8.963086451703784263e+00
8.962327931244727708e+00
8.961684166361681747e+00
8.961147935739717241e+00
8.960716165403473710e+00
8.960197084293973546e+00
8.960207779841427467e+00
8.960646395796505459e+00
8.960902849315035112e+00
8.961548153348905643e+00
8.962298152284022379e+00
8.964287599600215373e+00
8.964984867598907670e+00
8.965518587685767926e+00
8.965853395822470873e+00
8.294499108533536003e+00
8.294737877666365833e+00
8.653870600248875888e+00
8.653870600248875888e+00
8.756636941883646941e+00
8.756636941883646941e+00
8.756636941883646941e+00
8.756636941883646941e+00
8.756636941883646941e+00
8.811988560463703379e+00
8.811988560463703379e+00
8.811988560463703379e+00
8.811988560463703379e+00
8.859217840992272386e+00
8.859217840992272386e+00
8.859616206171986974e+00
8.859616206171986974e+00
8.859616206171986974e+00
8.859616206171986974e+00
8.859623051124074777e+00
8.859636891884710153e+00
8.859720872196785280e+00
8.859909578835146959e+00
8.860061541036669652e+00
8.860260066606398865e+00
8.860523682239373144e+00
8.860864493036883616e+00
8.861262057200701037e+00
8.861979576033132133e+00
8.863170910669303737e+00
8.863925104892585338e+00
8.864815072903624582e+00
8.865788623894463427e+00
8.866844394299555177e+00
8.869972307052464089e+00
8.871358401633765212e+00
8.872815136808561931e+00
8.874346060452200646e+00
8.875963723066799815e+00
8.877655803676004709e+00
8.881127283256224914e+00
8.884000571137191216e+00
8.886863995959355833e+00
8.887766471103306642e+00
8.889384289287091789e+00
8.890770072295570259e+00
8.892647330313538490e+00
8.892997431511332707e+00
8.892440768714537924e+00
8.892090748476427109e+00
8.891681277065735856e+00
8.888968067628280068e+00
8.886893815212591363e+00
8.886178123734017831e+00
8.884118897100945489e+00
8.882216963999585602e+00
8.880559199702915407e+00
8.879641376253772478e+00
8.878866390388337138e+00
8.878277974571464171e+00
8.877890540756586901e+00
8.877735755622765623e+00
8.878411398742555249e+00
8.879032142794313742e+00
8.879818792593900056e+00
8.880820959952981042e+00
8.882049606044558843e+00
8.883462165923987186e+00
8.887775365170959674e+00
8.889908606616122810e+00
8.892211463690598450e+00
8.894551543554896966e+00
8.897043695292374821e+00
8.899611595219008464e+00
8.904951877043789210e+00
8.909341616939041586e+00
8.914140043471883601e+00
8.915833204539220347e+00
8.919179578605501035e+00
8.922468054619344002e+00
8.927121523304965223e+00
8.933286151664423969e+00
8.936267881769548893e+00
8.938829491151365048e+00
8.941122876019354848e+00
8.943315302153564517e+00
8.946886994067922316e+00
8.948863504043030659e+00
8.950638667949826655e+00
8.951132690951494553e+00
8.952378713716415248e+00
8.953365476318548843e+00
8.954110884256495595e+00
8.954291455997774207e+00
8.954593347659747238e+00
8.954903701978562225e+00
8.955942697616984915e+00
8.956501495051274020e+00
8.957101885100053451e+00
8.957769401089638706e+00
8.958523271614607708e+00
8.959391999253641714e+00
8.961558556740463644e+00
8.963479019352273980e+00
8.965642355955186105e+00
8.966417363295690279e+00
8.968090741897476903e+00
8.972032959984291622e+00
8.974267484511985415e+00
8.976572012271121892e+00
8.979896478820064587e+00
8.982489652764492405e+00
8.983914990234914910e+00
8.984382354816393246e+00
8.984598629484905175e+00
8.984668867955797111e+00
8.984682946797819980e+00
8.984682946797819980e+00
8.984682946797819980e+00
8.984682946797819980e+00
8.984682946797819980e+00
8.984682946797819980e+00
8.984682946797819980e+00
8.984682946797819980e+00
8.752169121747915170e+00
8.752169121747915170e+00
8.752169121747915170e+00
8.752169121747915170e+00
8.748610494083832734e+00
8.748610494083832734e+00
8.748610494083832734e+00
8.748610494083832734e+00
8.748628016726115675e+00
8.748748090693268864e+00
8.748989354991046241e+00
8.749173582357359535e+00
8.749422240472195966e+00
8.749999951160878808e+00
8.750865761853701130e+00
8.751588483268983865e+00
8.752434588549213856e+00
8.753431014323545867e+00
8.755605199806259620e+00
8.756888936736828555e+00
8.758379249646802478e+00
8.760788504167051016e+00
8.763501085946973745e+00
8.766616955439596737e+00
8.768905432731179062e+00
8.771387033599129524e+00
8.774070226454469434e+00
8.778542526638696941e+00
8.781422322124051050e+00
8.784487191317049692e+00
8.789745820888434480e+00
8.796765363079613209e+00
8.799855148878771516e+00
8.802721685458704926e+00
8.805225969931058216e+00
8.808356323216589345e+00
8.810599027428365204e+00
8.811867242721293181e+00
8.812169755537787807e+00
8.812091156093739386e+00
8.811752553133295862e+00
8.810979430920715672e+00
8.810062059855571448e+00
8.809751211768821477e+00
8.809436284913731541e+00
8.807970787346787844e+00
8.807775227749113256e+00
8.807775059149367536e+00
8.807942044194017939e+00
8.808247163827925164e+00
8.808638173400419547e+00
8.810097690630504630e+00
8.811002994616439210e+00
8.812112998433700994e+00
8.813443408729570550e+00
8.814948050506657751e+00
8.816582315227170952e+00
8.821580868305190393e+00
8.824008398322645164e+00
8.826624629909842312e+00
8.829513057859358582e+00
8.832775578519180826e+00
8.838081744327942246e+00
8.843858048916890979e+00
8.850167546526709117e+00
8.854577644241745205e+00
8.858687210832075110e+00
8.862510303509639087e+00
8.868510062724439535e+00
8.876300681410585369e+00
8.879977175367299580e+00
8.883734542438412873e+00
8.887224038152488959e+00
8.891879110839848721e+00
8.895974519893442789e+00
8.898456781455340803e+00
8.901968606888774005e+00
8.904920653110627526e+00
8.905770124166457080e+00
8.907894673137782604e+00
8.908535569304756763e+00
8.911578322698771260e+00
8.912656981109957854e+00
8.913714537822789552e+00
8.914791484058961046e+00
8.915905263427783112e+00
8.917148103409333615e+00
8.919968719213903441e+00
8.922425692740501901e+00
8.925376364284630881e+00
8.926445523336552057e+00
8.931212292115962015e+00
8.933935544773985882e+00
8.936896588200605507e+00
8.941783246762797788e+00
8.945206984312276788e+00
8.948524302406058339e+00
8.954857108496842244e+00
8.958153285979991054e+00
8.961410510546478747e+00
8.964650730534605927e+00
8.968841392760594999e+00
8.971608639280892916e+00
8.972576141598608501e+00
8.973108758015239772e+00
8.973190817952303888e+00
8.973199944387260985e+00
8.973199944387260985e+00
8.973199944387260985e+00
8.973199944387260985e+00
8.971364169530362531e+00
8.971364169530362531e+00
8.971364169530362531e+00
8.971364169530362531e+00
8.971364169530362531e+00
8.946815322225676326e+00
8.946815322225676326e+00
8.946815322225676326e+00
8.946815322225676326e+00
8.926715061226255798e+00
8.926715061226255798e+00
8.926715061226255798e+00
8.926715061226255798e+00
8.926719816545842789e+00
8.926727743945333415e+00
8.926732510465933856e+00
8.926804421079276963e+00
8.926941907830945766e+00
8.927129585106063914e+00
8.927478136373245832e+00
8.927642239258416268e+00
8.928489517690159971e+00
8.929054778083601818e+00
8.929703177381332679e+00
8.930461088068915032e+00
8.931302680392192883e+00
8.932189082309816897e+00
8.934296367249871196e+00
8.936038629940918909e+00
8.937990341497789260e+00
8.938744467297873086e+00
8.940355747214411508e+00
8.943735034748060642e+00
8.945470498762604805e+00
8.948280959034851989e+00
8.950278814067651467e+00
8.952300399778639672e+00
8.954162186618789931e+00
8.956764182300505084e+00
8.959740406705931193e+00
8.961021258094456599e+00
8.962141244225000136e+00
8.962972016367553252e+00
8.963526404755896237e+00
8.963885159191619323e+00
8.964172048288919115e+00
8.964386434024254058e+00
8.964447093840439251e+00
8.964499749145229401e+00
8.964615655764509583e+00
8.964790693287126189e+00
8.965192072559814207e+00
8.965372362924668437e+00
8.965667861712711684e+00
8.966159943279883748e+00
8.966642966457387232e+00
8.967497047986672243e+00
8.968518147929948725e+00
8.968917248519707286e+00
8.969773089138772804e+00
8.971717953219179975e+00
8.972824565386543938e+00
8.974658638365422547e+00
8.975975162489859827e+00
8.977393361015753470e+00
8.978955596498114033e+00
8.980702762898634006e+00
8.984609467212122169e+00
8.987585914972415324e+00
8.990187518197128469e+00
8.990895159282283444e+00
8.991936423702711068e+00
8.992497088063903021e+00
8.916138684146293514e+00
8.916103353900634687e+00
8.916103353900634687e+00
8.916103353900634687e+00
8.916103353900634687e+00
8.900900934706013956e+00
8.900900934706013956e+00
8.900900934706013956e+00
8.900900934706013956e+00
8.924731849258758842e+00
8.924731849258758842e+00
8.924731849258758842e+00
8.924731849258758842e+00
8.939524092701159219e+00
8.935390035788154606e+00
8.935390035788154606e+00
8.935366803665115043e+00
8.935320344118318658e+00
8.935297116697062947e+00
8.935273890845568445e+00
8.935064929015467783e+00
8.933998773134186777e+00
8.932911681364373635e+00
8.929699271566800434e+00
8.925887089178729639e+00
8.920486779988166859e+00
8.918411529813267791e+00
8.913777918840532166e+00
8.902601898283307946e+00
8.896548522912613777e+00
8.889790204241673877e+00
8.878523725818386225e+00
8.866191633970476715e+00
8.857387809168823622e+00
8.843097085769676013e+00
8.827275996750742593e+00
8.821870200435666831e+00
8.810836553369986390e+00
8.798982081914438425e+00
8.780503057750863150e+00
8.754940528702434221e+00
8.740723629236288872e+00
8.725423713557054484e+00
8.709695576381218274e+00
8.693281499185898653e+00
8.657905446936217331e+00
8.633276441904882859e+00
8.607644614388355819e+00
8.598822616425652043e+00
8.582775065458278618e+00
8.566872586106514476e+00
8.525362566317356894e+00
8.509336017866147017e+00
8.493389144013278269e+00
8.476309368620952966e+00
8.458949481284292915e+00
8.435231147644069338e+00
8.411948687001373770e+00
8.404039549992127434e+00
8.380577341568024252e+00
8.348899495147728445e+00
8.333608101319573080e+00
8.318223871916185175e+00
8.302616468605251043e+00
8.286726547742567561e+00
8.254860915908894370e+00
8.230860423728675102e+00
8.206387718874729842e+00
8.198503015492171642e+00
8.183268157666581999e+00
8.168003200929431884e+00
8.128252779038122711e+00
8.111984141833636031e+00
8.096558362196820013e+00
8.081513209338865522e+00
8.066389005978880533e+00
8.051229719898076453e+00
8.019784727491234833e+00
7.998185609589698153e+00
7.977563355047035287e+00
7.970094525273132113e+00
7.940673213505855976e+00
7.926393598990157940e+00
7.911962592705818587e+00
7.891255995516966770e+00
7.877770137542857931e+00
7.863746216041280768e+00
7.848461866522269403e+00
7.833584158859469682e+00
7.805135994294571056e+00
7.782985091680938439e+00
7.760857871894511817e+00
7.753468502721091227e+00
7.746103670009524045e+00
7.708238806891849926e+00
7.685592061555890808e+00
7.677873862642088376e+00
7.661360517192663977e+00
7.644891375426444036e+00
7.606743861131742612e+00
7.591324407827842791e+00
7.577433580000234592e+00
7.564411742620428925e+00
7.552319036097656202e+00
7.541039664120867236e+00
7.519974394188917444e+00
7.505621488588498202e+00
7.492895009902611037e+00
7.489128381822207636e+00
7.482755157508621302e+00
7.475952565864682597e+00
7.474791121226866508e+00
7.474347694501872752e+00
7.474242149727948537e+00
7.474242149727948537e+00
7.474242149727948537e+00
7.621829444361484462e+00
7.621829444361484462e+00
7.621829444361484462e+00
7.555385691428949002e+00
7.555385691428949002e+00
7.555385691428949002e+00
7.555385691428949002e+00
7.555385691428949002e+00
7.532898308116944719e+00
7.532898308116944719e+00
7.533044801367831056e+00
7.533044801367831056e+00
7.533020799989848193e+00
7.532972799347249726e+00
7.532924800823185940e+00
7.532828800948622394e+00
7.532372912058165504e+00
7.531102602016091829e+00
7.529283687619891197e+00
7.527346724745028972e+00
7.523499179670349868e+00
7.520226809238025112e+00
7.516024753458958152e+00
7.511132864663869313e+00
7.505669741689478869e+00
7.489172647011910655e+00
7.482312527986285211e+00
7.474642996559243358e+00
7.466542250625625599e+00
7.458720542966240430e+00
7.450437495140580069e+00
7.431679383608911671e+00
7.416147059988237089e+00
7.405389808096418669e+00
7.394217007532605912e+00
7.382677423568139830e+00
7.356263790211970743e+00
7.342439991259971599e+00
7.328410391050232953e+00
7.306216544536302315e+00
7.282584183257963417e+00
7.265521888559829833e+00
7.241166995147156449e+00
7.217605700317941242e+00
7.209722655399167124e+00
7.187036075241479693e+00
7.165687865973044524e+00
7.143403601253874413e+00
7.135771847437777815e+00
7.113829156729700287e+00
7.092740869887723676e+00
7.071507409301818647e+00
7.064171051397716283e+00
7.049542487972868976e+00
7.034736009558109515e+00
6.996767469129625105e+00
6.981131382253798812e+00
6.965484125075553479e+00
6.957500963156167728e+00
6.933288030013310177e+00
6.901972356093560634e+00
6.886245252928975269e+00
6.870616449309959961e+00
6.854225585143544741e+00
6.837102805893494839e+00
6.821048933403650594e+00
6.785905885161968243e+00
6.764033963100856361e+00
6.757096834821402886e+00
6.750382638482678388e+00
6.717804810150301620e+00
6.698280956199732294e+00
6.691417130146232850e+00
6.669991684979749813e+00
6.648419431898619614e+00
6.624872735394798262e+00
6.617014688481309470e+00
6.601734659944649586e+00
6.569659959330883758e+00
6.552321199529618667e+00
6.527521586291477718e+00
6.502695271131357480e+00
6.494127458788895524e+00
6.460158968057073459e+00
6.444196310577415154e+00
6.428305307888072306e+00
6.412322271145604269e+00
6.386601570506853065e+00
6.362159823159740490e+00
6.346579885611822291e+00
6.322341849733211561e+00
6.297706945347187890e+00
6.289413074775771051e+00
6.272899597929241899e+00
6.240126011327406630e+00
6.224115828219717983e+00
6.199778115632622821e+00
6.174690813613878504e+00
6.166399119912282067e+00
6.151171175189547924e+00
6.120274329390501755e+00
6.105846570423291375e+00
6.091727570929966085e+00
6.070856787875008820e+00
6.049668567131782915e+00
6.034893130252252824e+00
6.011831148313200757e+00
5.987335143114589364e+00
5.978999300127138206e+00
5.963059176790293847e+00
5.948060675961289512e+00
5.924402038171185048e+00
5.892699116174550333e+00
5.876942747222129171e+00
5.861124238665270880e+00
5.846261578126576985e+00
5.830845112943669584e+00
5.792514897976179356e+00
5.777277786331413978e+00
5.761784650844659517e+00
5.745628570919531164e+00
5.729050409743669192e+00
5.712937058857788131e+00
5.671495197960842560e+00
5.655229664966916481e+00
5.639672248654128417e+00
5.632162429408747784e+00
5.610276881700616336e+00
5.583289067350436952e+00
5.570861196321392761e+00
5.558854889962972834e+00
5.547529182983180540e+00
5.537016196099660448e+00
5.517076369032851701e+00
5.504162954038021915e+00
5.494648622366341328e+00
5.492469234934843847e+00
5.488698862941489232e+00
5.487683114260709871e+00
5.487313959577713618e+00
5.487290888992673921e+00
5.487221687380468893e+00
5.487129442278171787e+00
5.487129442278171787e+00
5.701335983074907077e+00
5.701335983074907077e+00
5.701335983074907077e+00
5.701335983074907077e+00
5.694781719317512092e+00
5.694781719317512092e+00
5.694781719317512092e+00
5.694781719317512092e+00
5.694781719317512092e+00
5.683935652448751874e+00
5.683935652448751874e+00
5.683935652448751874e+00
5.683935652448751874e+00
5.683935652448751874e+00
5.683645796517658333e+00
5.682993754121531182e+00
5.682486745414013107e+00
5.680580525245225054e+00
5.677832041240864491e+00
5.676169142208700613e+00
5.674121002385941637e+00
5.671663736807634137e+00
5.668725190266505898e+00
5.662752863100287470e+00
5.651725806006646202e+00
5.645610356338077729e+00
5.635595119944802001e+00
5.628180557363773318e+00
5.619971908483071488e+00
5.610777648751120061e+00
5.600984769970958510e+00
5.574169849876910554e+00
5.562582071543980433e+00
5.550516002897719403e+00
5.537730206513185038e+00
5.524560228157223030e+00
5.510762435452883246e+00
5.473024230304444515e+00
5.457074713377602748e+00
5.440272605239297121e+00
5.431636806299525944e+00
5.406265370780245938e+00
5.368591660157756351e+00
5.351588628481334986e+00
5.334218967837546010e+00
5.317361283734684640e+00
5.301626109118172891e+00
5.261629791852416638e+00
5.247352067268742815e+00
5.232818584440892096e+00
5.217281796829940532e+00
5.201586056016004100e+00
5.186306232578884234e+00
5.147930698594548993e+00
5.132320464405780491e+00
5.116071570188404749e+00
5.107882641553149305e+00
5.084339696529896813e+00
5.053515973636615755e+00
5.036981074945746428e+00
5.020678909837339887e+00
5.005480763206172412e+00
4.990590754892719971e+00
4.951966304898449245e+00
4.936023798601105739e+00
4.919574515803319947e+00
4.903200022665259006e+00
4.887165802379262125e+00
4.854620529304104259e+00
4.838835980516773994e+00
4.822571047567572045e+00
4.799372733959029524e+00
4.777092527775499420e+00
4.753554204383879878e+00
4.737215881891978064e+00
4.721047281997781120e+00
4.705317768093393305e+00
4.681822429612951808e+00
4.656515424819867910e+00
4.631720134556688961e+00
4.615307645820387883e+00
4.598551637191186536e+00
4.572467344819372670e+00
4.555791581334776019e+00
4.539066163939482479e+00
4.522482173053203880e+00
4.505653235700944670e+00
4.470206763527714955e+00
4.445886702894550346e+00
4.422373611429601503e+00
4.414639718443865490e+00
4.398631452376591255e+00
4.365395989799693233e+00
4.349439973744575916e+00
4.325980484753014998e+00
4.309750758107837143e+00
4.294978448580835106e+00
4.281504994852729062e+00
4.253902321297894140e+00
4.239800235411472329e+00
4.217987640450186149e+00
4.195293901496109257e+00
4.187878443461887201e+00
4.166654116900692983e+00
4.159750144213392176e+00
4.139257753385067851e+00
4.112944251143327179e+00
4.100047951108823696e+00
4.087679486299262699e+00
4.076031708455833069e+00
4.064620135895799180e+00
4.042583560229770612e+00
4.027199953731821047e+00
4.012841535108162994e+00
4.008541871095732567e+00
4.001107551899071524e+00
3.992098360126772771e+00
3.990151567226729590e+00
3.989335059429735875e+00
3.989023026222401569e+00
3.989023026222401569e+00
3.989023026222401569e+00
3.989023026222401569e+00
3.989023026222401569e+00
3.989023026222401569e+00
4.068891846949451718e+00
4.068891846949451718e+00
4.068891846949451718e+00
4.068891846949451718e+00
4.068891846949451718e+00
4.015115342017496758e+00
4.015115342017496758e+00
4.009795520154766812e+00
4.009795520154766812e+00
4.009795520154766812e+00
4.009771328778883870e+00
4.009626180224214131e+00
4.009505223565843046e+00
4.009021406602451876e+00
4.007473331886304280e+00
4.004474436261154402e+00
4.002370564182816892e+00
3.999734792239207248e+00
3.996494558173103062e+00
3.992480522026674361e+00
3.987716954222959576e+00
3.976353009295324537e+00
3.966537389939916558e+00
3.956456628009918486e+00
3.952830566751441843e+00
3.945046411779653983e+00
3.936729913542072801e+00
3.923578172066723102e+00
3.904429950964078966e+00
3.893572840455326034e+00
3.882037545136939549e+00
3.869727572931517923e+00
3.856788260180610273e+00
3.822805994047190126e+00
3.807954725911788074e+00
3.792280367619085268e+00
3.784249391965852638e+00
3.760034339670655701e+00
3.743801494681596509e+00
3.717288964915749450e+00
3.681453825105829747e+00
3.665407629300659664e+00
3.649080038449100005e+00
3.632545685097119392e+00
3.615104785279644073e+00
3.581314274739898718e+00
3.557064510916815525e+00
3.532840179373617495e+00
3.524700040939722001e+00
3.508199333150325838e+00
3.491497893658536800e+00
3.474496868316765408e+00
3.449006439860145434e+00
3.414055531341048777e+00
3.396614926324188488e+00
3.379293899080703767e+00
3.362026161240243116e+00
3.344888666667199750e+00
3.301982174412882998e+00
3.276250914330478103e+00
3.267574512233542006e+00
3.258804046840549695e+00
3.217100574281016812e+00
3.193468132131823900e+00
3.185646525672250817e+00
3.154116820127731646e+00
3.138151805481269374e+00
3.121477612660792378e+00
3.105248451722875558e+00
3.090188497496490605e+00
3.068010690969884990e+00
3.045400930832923514e+00
3.022806186244086923e+00
3.008534036746278950e+00
2.994289371112308196e+00
2.979929170065599653e+00
2.950480505125778308e+00
2.935319143639752326e+00
2.919991269498534603e+00
2.897107404096755712e+00
2.873858685869439267e+00
2.858041422984934687e+00
2.834218925184534665e+00
2.809873356623625362e+00
2.801747177705494085e+00
2.785491960252306498e+00
2.752954374477680766e+00
2.736120666540229784e+00
2.710257076412876387e+00
2.693690983897901514e+00
2.677478028345749550e+00
2.661232842860392189e+00
2.628909886428190568e+00
2.612976505162565299e+00
2.589667650057417170e+00
2.574872884773051318e+00
2.561169446100953095e+00
2.548610508493029503e+00
2.537057519978058284e+00
2.521606150751865005e+00
2.505590603603824906e+00
2.500698135906649355e+00
2.497611117820130566e+00
2.496020431025550934e+00
2.495545560675058283e+00
2.495474317564145839e+00
2.495474317564145839e+00
2.495474317564145839e+00
2.436010961229751359e+00
2.436010961229751359e+00
2.436010961229751359e+00
2.436010961229751359e+00
2.419793249677919089e+00
2.419793249677919089e+00
2.419793249677919089e+00
2.427952275473635346e+00
2.427952275473635346e+00
2.427952275473635346e+00
2.423499787065602984e+00
2.423499787065602984e+00
2.423499787065602984e+00
2.423499787065602984e+00
2.423378949161426377e+00
2.422919804381912900e+00
2.422629868288947996e+00
2.421784440089620905e+00
2.419225145675596877e+00
2.417462891271354497e+00
2.413938029741728108e+00
2.408843188428971160e+00
2.406815167993660243e+00
2.402373829543403172e+00
2.391614592882313595e+00
2.385179516140789158e+00
2.378338762389311078e+00
2.367046157388940308e+00
2.354432367798776848e+00
2.345407266558739323e+00
2.336070465765243576e+00
2.320721507617801826e+00
2.304418677240231084e+00
2.292639330478503989e+00
2.274279368670883983e+00
2.254248420905252903e+00
2.247165408858819990e+00
2.232664912798246526e+00
2.202544841597469993e+00
2.186392651338543658e+00
2.161020361809651735e+00
2.144489032572166831e+00
2.128660640636357737e+00
2.112549533006293778e+00
2.095069763115541495e+00
2.067010895305451790e+00
2.030148644093954680e+00
2.012440899201491273e+00
1.995341742952852160e+00
1.978102553386051232e+00
1.960457762027395967e+00
1.935619260696483712e+00
1.904185243277304540e+00
1.896088852410958703e+00
1.870561457841992459e+00
1.837461180917486558e+00
1.821476747656263218e+00
1.804934798030564780e+00
1.788149496408136807e+00
1.772015566202729042e+00
1.755541715129766756e+00
1.714536800166362118e+00
1.699418072980151129e+00
1.684324578930878724e+00
1.668941714656517528e+00
1.653076049576329920e+00
1.636703542520608456e+00
1.596997546695020809e+00
1.580145481050352352e+00
1.571708029330299849e+00
1.547537517517876271e+00
1.515920537617811759e+00
1.499463321770508673e+00
1.482414206929126399e+00
1.465399981600920665e+00
1.449747501841304631e+00
1.433504886262855216e+00
1.407530774835693999e+00
1.391665310459794247e+00
1.355878991407382106e+00
1.341033156103207391e+00
1.327060257203451776e+00
1.320111596725313419e+00
1.299790177390196533e+00
1.272201480337304291e+00
1.257547414689158316e+00
1.242352863734517143e+00
1.234702108485866479e+00
1.212539634143618539e+00
1.174729912581029323e+00
1.159586022996830446e+00
1.144082483660602723e+00
1.128831501216588151e+00
1.114246731741539209e+00
1.095001898565395981e+00
1.072619107735401478e+00
1.062013725071441650e+00
1.051376174586939660e+00
1.040729511219699033e+00
1.030583407075010172e+00
1.020819931339496112e+00
1.007572025782063285e+00
9.976582495321877353e-01
9.914913863121099791e-01
9.904272030000076388e-01
9.899918477965273800e-01
9.899192887792480633e-01
1.070044629562647565e+00
1.070044629562647565e+00
1.070044629562647565e+00
1.070044629562647565e+00
1.070044629562647565e+00
1.087334529840016550e+00
1.087334529840016550e+00
1.087334529840016550e+00
1.094505082602412971e+00
1.094505082602412971e+00
1.094505082602412971e+00
1.094505082602412971e+00
1.094951817662250804e+00
1.094951817662250804e+00
1.094951817662250804e+00
1.094951817662250804e+00
1.094938435529921650e+00
1.094908790009949673e+00
1.094853688905066180e+00
1.094825688860547430e+00
1.094802869360099074e+00
1.094769361358237658e+00
1.094715962127907893e+00
1.094631597134013257e+00
1.094452289826108649e+00
1.094333774432578954e+00
1.094315548183225850e+00
1.094313715484490412e+00
1.094313715484490412e+00
1.094313715484490412e+00
1.094313715484490412e+00
1.094313715484490412e+00
1.094313715484490412e+00
1.094313715484490412e+00
1.094313715484490412e+00
1.094313715484490412e+00
1.094313715484490412e+00
1.094313715484490412e+00
1.094313715484490412e+00
1.094313715484490412e+00
1.094313715484490412e+00
1.094313715484490412e+00
1.094313715484490412e+00
1.094313715484490412e+00
1.094313715484490412e+00
1.094313715484490412e+00
1.094313715484490412e+00
1.094313715484490412e+00
1.094313715484490412e+00
1.094313715484490412e+00
1.094313715484490412e+00
1.094313715484490412e+00
1.094313715484490412e+00
1.094313715484490412e+00
1.094313715484490412e+00
1.094313715484490412e+00
1.094313715484490412e+00
1.094313715484490412e+00
1.094313715484490412e+00
1.094313715484490412e+00
1.094313715484490412e+00
1.094310055683532790e+00
1.094282906599303162e+00
1.094206263464834850e+00
1.094174251395879649e+00
1.094006811671897728e+00
1.093883128353802414e+00
1.093730513002423521e+00
1.093536169786860635e+00
1.093145183777098683e+00
1.092626455866728019e+00
1.091958551290095558e+00
1.091407237293819721e+00
1.090789991407476123e+00
1.090071717072099267e+00
1.088820966251889288e+00
1.087331258359130581e+00
1.086180010668906348e+00
1.084235852473606432e+00
1.081979174131407762e+00
1.081159186942904693e+00
1.078727776695792562e+00
1.077904295039957994e+00
1.073786603113137339e+00
1.072140475064970122e+00
1.070566583103237157e+00
1.069067921991351255e+00
1.067577716082475536e+00
1.066075811034541188e+00
1.063832674153103675e+00
1.060851714359526854e+00
1.059383130499975012e+00
1.057920739963336354e+00
1.056497437916603443e+00
1.055137365406521477e+00
1.052122933179041153e+00
1.051171586655696766e+00
1.050336419125695864e+00
1.049568995094644963e+00
1.048800193716052709e+00
1.048001999245601334e+00
1.046340453842053098e+00
1.045099863308390553e+00
1.043784903993745461e+00
1.043330313115803820e+00
1.042424456626994678e+00
1.040827004239495812e+00
1.040161582342572721e+00
1.039547883780867377e+00
1.038969803892746180e+00
1.038220599541854750e+00
1.037561070907345506e+00
1.037312593132282634e+00
1.037133839812199643e+00
1.037004227844938953e+00
1.036931160960722575e+00
1.036924083157112042e+00
1.037043718966127015e+00
1.037223489358277462e+00
1.037976407410190705e+00
1.038312394286118989e+00
1.038611179967299680e+00
1.038743598364519682e+00
1.039039887270149842e+00
1.039039645913802934e+00
1.038790122160675455e+00
1.038339217352791000e+00
1.037698813578687984e+00
1.036903957367616425e+00
1.034967592952086957e+00
1.033205165242416124e+00
1.031854106011302896e+00
1.030406742801653897e+00
1.028111785150001900e+00
1.025736666340173464e+00
1.023186307179518417e+00
1.021370340323879411e+00
1.019535327649313983e+00
1.017737169167190592e+00
1.015173593167240096e+00
1.012741905601041159e+00
1.011169361954091128e+00
1.008932614062043154e+00
1.007545670526020176e+00
1.006282180337493726e+00
1.004658198114459111e+00
1.003326781670383916e+00
1.002118221590439395e+00
1.001257656036236288e+00
1.000347332254475807e+00
9.994718405139166872e-01
9.982555227562956990e-01
9.973314684463889801e-01
9.971259675079326978e-01
9.968083408970560555e-01
8.831692595721430949e-01
8.831896438395242521e-01
8.831911058611864318e-01
8.831911058611864318e-01
8.767858303192973546e-01
8.767858303192973546e-01
8.767858303192973546e-01
8.767858303192973546e-01
8.981567104243506350e-01
8.981567104243506350e-01
8.981567104243506350e-01
8.981567104243506350e-01
8.981567104243506350e-01
8.981567104243506350e-01
9.506357113671317638e-01
9.531829397921496305e-01
9.531829397921496305e-01
9.531829397921496305e-01
9.532024631956780292e-01
9.532415000568913444e-01
9.533195605138157225e-01
9.537677916809110812e-01
9.543886663400621417e-01
9.557778114717407902e-01
9.576812396353607815e-01
9.585072973083812453e-01
9.605048494038590512e-01
9.658021196394609431e-01
9.691496692244930822e-01
9.750343072047968906e-01
9.822038120948436424e-01
9.847973519945431020e-01
9.901677601096376957e-01
1.001713468014272301e+00
1.007923010378689144e+00
1.018027263931360560e+00
1.029151717727543769e+00
1.033000957512001605e+00
1.040989212231471450e+00
1.058420023894920625e+00
1.067851084481556523e+00
1.082581492392989508e+00
1.098246056982072449e+00
1.103659779915920680e+00
1.114734112879494754e+00
1.126235707090022409e+00
1.155967778079261432e+00
1.168210135046316989e+00
1.180483766032508708e+00
1.186696273092158860e+00
1.205525314264743519e+00
1.232263149573901151e+00
1.246386873890903191e+00
1.261065973002692298e+00
1.275962705255364815e+00
1.290959473334650109e+00
1.321268642714368946e+00
1.344009907512361490e+00
1.366687129630733688e+00
1.374190948692454839e+00
1.396699881532228904e+00
1.419164296217267474e+00
1.441353638402211201e+00
1.448663440336320996e+00
1.455888134556357461e+00
1.490703057259467945e+00
1.504242341569476560e+00
1.517746177615211911e+00
1.530398622768449846e+00
1.554866921009811609e+00
1.566789746377378556e+00
1.578851001040267654e+00
1.597372498772926974e+00
1.609860186400651649e+00
1.622748569103646954e+00
1.642553751005557450e+00
1.661900744401941132e+00
1.680731188414344990e+00
1.693349411214296385e+00
1.706100483991503269e+00
1.725195914151990806e+00
1.737764519410261110e+00
1.750868729922604672e+00
1.764304415736631215e+00
1.790427427529568405e+00
1.809524484203522743e+00
1.828641350889991246e+00
1.835078856470260034e+00
1.848109403112339955e+00
1.861313222504383580e+00
1.894620165130310507e+00
1.908120724764017728e+00
1.921523247140547896e+00
1.934769767014272057e+00
1.947947043555879665e+00
1.961094529097866301e+00
1.986745003307315294e+00
2.005799285841728619e+00
2.025133919985261599e+00
2.031698352022530241e+00
2.050731568032371221e+00
2.069346654416005293e+00
2.087743982216604177e+00
2.100193270331387030e+00
2.112578774028431638e+00
2.125000479332497694e+00
2.137017652594237926e+00
2.149299583113886136e+00
2.173865485951018695e+00
2.191367978000465122e+00
2.209166845913649091e+00
2.215349411436829730e+00
2.238781249146206687e+00
2.250417370431494479e+00
2.262247681432909108e+00
2.274273507429659613e+00
2.292691544217719368e+00
2.311174478352181705e+00
2.330651705116670414e+00
2.344106515379802413e+00
2.356694561062555593e+00
2.369246361780771970e+00
2.387975808802837108e+00
2.406176382839127825e+00
2.424328388924721356e+00
2.435700342081227543e+00
2.446342920905929308e+00
2.456222069261432051e+00
2.465627494517631302e+00
2.474641288933326688e+00
2.487015046698228371e+00
2.501101210513057449e+00
2.506146275175126004e+00
2.509409308138136563e+00
2.511185812179399512e+00
2.512059046159711873e+00
2.512396207387364466e+00
2.512413919356846659e+00
2.560693177058710468e+00
2.560693177058710468e+00
2.560693177058710468e+00
2.560693177058710468e+00
2.578739909754195647e+00
2.578739909754195647e+00
2.578739909754195647e+00
2.578739909754195647e+00
2.578739909754195647e+00
2.578739909754195647e+00
2.592347020612702835e+00
2.593431288756212094e+00
2.593431288756212094e+00
2.593431288756212094e+00
2.593431288756212094e+00
2.593522667374356772e+00
2.594571375086017540e+00
2.595230509881019998e+00
2.595911166320223451e+00
2.596319288567387584e+00
2.597905771958600063e+00
2.601482838419196142e+00
2.602658465091674422e+00
2.606926056563858118e+00
2.614691579721568626e+00
2.619631598782186099e+00
2.625242021372335532e+00
2.631341737504656386e+00
2.637905838626707578e+00
2.648567348273560107e+00
2.660227691141531459e+00
2.672820222438687221e+00
2.686102790106558391e+00
2.695502342290511333e+00
2.705311866607492899e+00
2.710311810733209814e+00
2.725895276217122021e+00
2.748296171542176314e+00
2.760412376391435441e+00
2.772976286111425548e+00
2.785886099779097069e+00
2.799157678825195728e+00
2.827016077939934036e+00
2.841820649759606354e+00
2.864928152843036813e+00
2.889284175625633111e+00
2.906187920601253083e+00
2.932198435054761188e+00
2.959041429949034629e+00
2.968098224399401186e+00
2.995158609837347274e+00
3.021005973863741367e+00
3.038826244455445025e+00
3.057556446092101865e+00
3.075173921252493781e+00
3.092304084606671388e+00
3.117491644592270461e+00
3.149750122153594845e+00
3.165637828263226261e+00
3.181568420775108041e+00
3.197429931112491186e+00
3.213122263870808570e+00
3.236454941641737637e+00
3.267173524457461120e+00
3.282525915631758995e+00
3.305534469069533632e+00
3.320549545679213566e+00
3.335327873650868025e+00
3.349844042499187768e+00
3.364283994848013215e+00
3.393554413894213084e+00
3.415527629076337224e+00
3.437930254327826507e+00
3.445548936810687302e+00
3.460793757402406357e+00
3.476103316245363395e+00
3.499273446894109796e+00
3.530601269917954088e+00
3.546080527631474855e+00
3.561673081522379380e+00
3.577258669406703895e+00
3.593017823367714136e+00
3.609031677773075764e+00
3.647712865183342146e+00
3.670792664876478373e+00
3.678408596743381498e+00
3.700787842654353899e+00
3.722526671718680014e+00
3.744388047900574001e+00
3.751729162521657113e+00
3.774344038829942516e+00
3.797032694131469377e+00
3.819604867167567530e+00
3.827131891940730224e+00
3.856843498984246832e+00
3.871378025857254546e+00
3.885367915852440568e+00
3.899018123899957722e+00
3.911933460812357044e+00
3.929015367269086401e+00
3.949611375648127254e+00
3.958837328759908569e+00
3.967256909581807101e+00
3.974464463857545926e+00
3.980392469158021029e+00
3.984594980198406411e+00
3.988156669718385672e+00
3.988425243480567595e+00
3.988492383724685286e+00
3.988492383724685286e+00
3.988492383724685286e+00
3.988492383724685286e+00
3.988492383724685286e+00
3.988492383724685286e+00
3.988492383724685286e+00
3.988492383724685286e+00
3.988492383724685286e+00
3.988492383724685286e+00
3.988492383724685286e+00
3.988492383724685286e+00
3.988492383724685286e+00
3.988492383724685286e+00
